[3.106s] DEBUG:colcon:Command line arguments: ['/usr/bin/colcon', 'build']
[3.106s] DEBUG:colcon:Parsed command line arguments: Namespace(allow_overriding=[], ament_cmake_args=None, base_paths=['.'], build_base='build', catkin_cmake_args=None, catkin_skip_building_tests=False, cmake_args=None, cmake_clean_cache=False, cmake_clean_first=False, cmake_force_configure=False, cmake_target=None, cmake_target_skip_unavailable=False, continue_on_error=False, event_handlers=None, executor='parallel', ignore_user_meta=False, install_base='install', log_base=None, log_level=None, main=<bound method BuildVerb.main of <colcon_core.verb.build.BuildVerb object at 0x7f425e27dca0>>, merge_install=False, metas=['./colcon.meta'], packages_above=None, packages_above_and_dependencies=None, packages_above_depth=None, packages_end=None, packages_ignore=None, packages_ignore_regex=None, packages_select=None, packages_select_build_failed=False, packages_select_by_dep=None, packages_select_regex=None, packages_select_test_failures=False, packages_skip=None, packages_skip_build_finished=False, packages_skip_by_dep=None, packages_skip_regex=None, packages_skip_test_passed=False, packages_skip_up_to=None, packages_start=None, packages_up_to=None, packages_up_to_regex=None, parallel_workers=12, paths=None, symlink_install=False, test_result_base=None, verb_extension=<colcon_core.verb.build.BuildVerb object at 0x7f425e27dca0>, verb_name='build', verb_parser=<colcon_defaults.argument_parser.defaults.DefaultArgumentsDecorator object at 0x7f425def6250>)
[3.269s] Level 1:colcon.colcon_core.package_discovery:discover_packages(colcon_meta) check parameters
[3.269s] Level 1:colcon.colcon_core.package_discovery:discover_packages(recursive) check parameters
[3.269s] Level 1:colcon.colcon_core.package_discovery:discover_packages(ignore) check parameters
[3.269s] Level 1:colcon.colcon_core.package_discovery:discover_packages(path) check parameters
[3.269s] Level 1:colcon.colcon_core.package_discovery:discover_packages(colcon_meta) discover
[3.269s] Level 1:colcon.colcon_core.package_discovery:discover_packages(recursive) discover
[3.269s] INFO:colcon.colcon_core.package_discovery:Crawling recursively for packages in '/home/yamashita/plugins'
[3.269s] Level 1:colcon.colcon_core.package_identification:_identify(.) by extensions ['ignore', 'ignore_ament_install']
[3.269s] Level 1:colcon.colcon_core.package_identification:_identify(.) by extension 'ignore'
[3.269s] Level 1:colcon.colcon_core.package_identification:_identify(.) by extension 'ignore_ament_install'
[3.269s] Level 1:colcon.colcon_core.package_identification:_identify(.) by extensions ['colcon_pkg']
[3.269s] Level 1:colcon.colcon_core.package_identification:_identify(.) by extension 'colcon_pkg'
[3.269s] Level 1:colcon.colcon_core.package_identification:_identify(.) by extensions ['colcon_meta']
[3.269s] Level 1:colcon.colcon_core.package_identification:_identify(.) by extension 'colcon_meta'
[3.269s] Level 1:colcon.colcon_core.package_identification:_identify(.) by extensions ['ros']
[3.269s] Level 1:colcon.colcon_core.package_identification:_identify(.) by extension 'ros'
[3.285s] Level 1:colcon.colcon_core.package_identification:_identify(.) by extensions ['cmake', 'python']
[3.285s] Level 1:colcon.colcon_core.package_identification:_identify(.) by extension 'cmake'
[3.285s] Level 1:colcon.colcon_core.package_identification:_identify(.) by extension 'python'
[3.285s] Level 1:colcon.colcon_core.package_identification:_identify(.) by extensions ['python_setup_py']
[3.285s] Level 1:colcon.colcon_core.package_identification:_identify(.) by extension 'python_setup_py'
[3.285s] Level 1:colcon.colcon_core.package_identification:_identify(build) by extensions ['ignore', 'ignore_ament_install']
[3.285s] Level 1:colcon.colcon_core.package_identification:_identify(build) by extension 'ignore'
[3.285s] Level 1:colcon.colcon_core.package_identification:_identify(build) ignored
[3.285s] Level 1:colcon.colcon_core.package_identification:_identify(install) by extensions ['ignore', 'ignore_ament_install']
[3.285s] Level 1:colcon.colcon_core.package_identification:_identify(install) by extension 'ignore'
[3.285s] Level 1:colcon.colcon_core.package_identification:_identify(install) ignored
[3.285s] Level 1:colcon.colcon_core.package_identification:_identify(log) by extensions ['ignore', 'ignore_ament_install']
[3.285s] Level 1:colcon.colcon_core.package_identification:_identify(log) by extension 'ignore'
[3.285s] Level 1:colcon.colcon_core.package_identification:_identify(log) ignored
[3.285s] Level 1:colcon.colcon_core.package_identification:_identify(src) by extensions ['ignore', 'ignore_ament_install']
[3.285s] Level 1:colcon.colcon_core.package_identification:_identify(src) by extension 'ignore'
[3.285s] Level 1:colcon.colcon_core.package_identification:_identify(src) by extension 'ignore_ament_install'
[3.285s] Level 1:colcon.colcon_core.package_identification:_identify(src) by extensions ['colcon_pkg']
[3.285s] Level 1:colcon.colcon_core.package_identification:_identify(src) by extension 'colcon_pkg'
[3.285s] Level 1:colcon.colcon_core.package_identification:_identify(src) by extensions ['colcon_meta']
[3.285s] Level 1:colcon.colcon_core.package_identification:_identify(src) by extension 'colcon_meta'
[3.286s] Level 1:colcon.colcon_core.package_identification:_identify(src) by extensions ['ros']
[3.286s] Level 1:colcon.colcon_core.package_identification:_identify(src) by extension 'ros'
[3.286s] Level 1:colcon.colcon_core.package_identification:_identify(src) by extensions ['cmake', 'python']
[3.286s] Level 1:colcon.colcon_core.package_identification:_identify(src) by extension 'cmake'
[3.286s] Level 1:colcon.colcon_core.package_identification:_identify(src) by extension 'python'
[3.286s] Level 1:colcon.colcon_core.package_identification:_identify(src) by extensions ['python_setup_py']
[3.286s] Level 1:colcon.colcon_core.package_identification:_identify(src) by extension 'python_setup_py'
[3.286s] Level 1:colcon.colcon_core.package_identification:_identify(src/motor_gazebo_plugin) by extensions ['ignore', 'ignore_ament_install']
[3.286s] Level 1:colcon.colcon_core.package_identification:_identify(src/motor_gazebo_plugin) by extension 'ignore'
[3.286s] Level 1:colcon.colcon_core.package_identification:_identify(src/motor_gazebo_plugin) by extension 'ignore_ament_install'
[3.286s] Level 1:colcon.colcon_core.package_identification:_identify(src/motor_gazebo_plugin) by extensions ['colcon_pkg']
[3.286s] Level 1:colcon.colcon_core.package_identification:_identify(src/motor_gazebo_plugin) by extension 'colcon_pkg'
[3.286s] Level 1:colcon.colcon_core.package_identification:_identify(src/motor_gazebo_plugin) by extensions ['colcon_meta']
[3.286s] Level 1:colcon.colcon_core.package_identification:_identify(src/motor_gazebo_plugin) by extension 'colcon_meta'
[3.286s] Level 1:colcon.colcon_core.package_identification:_identify(src/motor_gazebo_plugin) by extensions ['ros']
[3.286s] Level 1:colcon.colcon_core.package_identification:_identify(src/motor_gazebo_plugin) by extension 'ros'
[3.290s] DEBUG:colcon.colcon_core.package_identification:Package 'src/motor_gazebo_plugin' with type 'ros.ament_cmake' and name 'motor_gazebo_plugin'
[3.290s] Level 1:colcon.colcon_core.package_identification:_identify(src/sample_gazebo) by extensions ['ignore', 'ignore_ament_install']
[3.290s] Level 1:colcon.colcon_core.package_identification:_identify(src/sample_gazebo) by extension 'ignore'
[3.290s] Level 1:colcon.colcon_core.package_identification:_identify(src/sample_gazebo) by extension 'ignore_ament_install'
[3.290s] Level 1:colcon.colcon_core.package_identification:_identify(src/sample_gazebo) by extensions ['colcon_pkg']
[3.290s] Level 1:colcon.colcon_core.package_identification:_identify(src/sample_gazebo) by extension 'colcon_pkg'
[3.290s] Level 1:colcon.colcon_core.package_identification:_identify(src/sample_gazebo) by extensions ['colcon_meta']
[3.290s] Level 1:colcon.colcon_core.package_identification:_identify(src/sample_gazebo) by extension 'colcon_meta'
[3.290s] Level 1:colcon.colcon_core.package_identification:_identify(src/sample_gazebo) by extensions ['ros']
[3.290s] Level 1:colcon.colcon_core.package_identification:_identify(src/sample_gazebo) by extension 'ros'
[3.291s] DEBUG:colcon.colcon_core.package_identification:Package 'src/sample_gazebo' with type 'ros.ament_cmake' and name 'sample_gazebo'
[3.291s] Level 1:colcon.colcon_core.package_discovery:discover_packages(recursive) using defaults
[3.291s] Level 1:colcon.colcon_core.package_discovery:discover_packages(ignore) discover
[3.291s] Level 1:colcon.colcon_core.package_discovery:discover_packages(ignore) using defaults
[3.291s] Level 1:colcon.colcon_core.package_discovery:discover_packages(path) discover
[3.291s] Level 1:colcon.colcon_core.package_discovery:discover_packages(path) using defaults
[3.576s] Level 1:colcon.colcon_core.package_discovery:discover_packages(prefix_path) check parameters
[3.576s] Level 1:colcon.colcon_core.package_discovery:discover_packages(prefix_path) discover
[3.686s] DEBUG:colcon.colcon_installed_package_information.package_discovery:Found 1 installed packages in /home/yamashita/auto_robot_ws/install
[3.737s] DEBUG:colcon.colcon_installed_package_information.package_discovery:Found 2 installed packages in /home/yamashita/plugins/install
[3.786s] DEBUG:colcon.colcon_installed_package_information.package_discovery:Found 5 installed packages in /home/yamashita/pra_plugin/install
[3.838s] DEBUG:colcon.colcon_installed_package_information.package_discovery:Found 1 installed packages in /home/yamashita/gazebo_ws/install
[3.890s] DEBUG:colcon.colcon_installed_package_information.package_discovery:Found 0 installed packages in /home/yamashita/ros2_ws/install
[3.941s] DEBUG:colcon.colcon_installed_package_information.package_discovery:Found 290 installed packages in /opt/ros/foxy
[3.942s] Level 1:colcon.colcon_core.package_discovery:discover_packages(prefix_path) using defaults
[4.141s] Level 5:colcon.colcon_core.verb:set package 'motor_gazebo_plugin' build argument 'cmake_args' from command line to 'None'
[4.141s] Level 5:colcon.colcon_core.verb:set package 'motor_gazebo_plugin' build argument 'cmake_target' from command line to 'None'
[4.142s] Level 5:colcon.colcon_core.verb:set package 'motor_gazebo_plugin' build argument 'cmake_target_skip_unavailable' from command line to 'False'
[4.142s] Level 5:colcon.colcon_core.verb:set package 'motor_gazebo_plugin' build argument 'cmake_clean_cache' from command line to 'False'
[4.142s] Level 5:colcon.colcon_core.verb:set package 'motor_gazebo_plugin' build argument 'cmake_clean_first' from command line to 'False'
[4.142s] Level 5:colcon.colcon_core.verb:set package 'motor_gazebo_plugin' build argument 'cmake_force_configure' from command line to 'False'
[4.142s] Level 5:colcon.colcon_core.verb:set package 'motor_gazebo_plugin' build argument 'ament_cmake_args' from command line to 'None'
[4.142s] Level 5:colcon.colcon_core.verb:set package 'motor_gazebo_plugin' build argument 'catkin_cmake_args' from command line to 'None'
[4.142s] Level 5:colcon.colcon_core.verb:set package 'motor_gazebo_plugin' build argument 'catkin_skip_building_tests' from command line to 'False'
[4.142s] DEBUG:colcon.colcon_core.verb:Building package 'motor_gazebo_plugin' with the following arguments: {'ament_cmake_args': None, 'build_base': '/home/yamashita/plugins/build/motor_gazebo_plugin', 'catkin_cmake_args': None, 'catkin_skip_building_tests': False, 'cmake_args': None, 'cmake_clean_cache': False, 'cmake_clean_first': False, 'cmake_force_configure': False, 'cmake_target': None, 'cmake_target_skip_unavailable': False, 'install_base': '/home/yamashita/plugins/install/motor_gazebo_plugin', 'merge_install': False, 'path': '/home/yamashita/plugins/src/motor_gazebo_plugin', 'symlink_install': False, 'test_result_base': None}
[4.189s] Level 5:colcon.colcon_core.verb:set package 'sample_gazebo' build argument 'cmake_args' from command line to 'None'
[4.189s] Level 5:colcon.colcon_core.verb:set package 'sample_gazebo' build argument 'cmake_target' from command line to 'None'
[4.189s] Level 5:colcon.colcon_core.verb:set package 'sample_gazebo' build argument 'cmake_target_skip_unavailable' from command line to 'False'
[4.189s] Level 5:colcon.colcon_core.verb:set package 'sample_gazebo' build argument 'cmake_clean_cache' from command line to 'False'
[4.189s] Level 5:colcon.colcon_core.verb:set package 'sample_gazebo' build argument 'cmake_clean_first' from command line to 'False'
[4.189s] Level 5:colcon.colcon_core.verb:set package 'sample_gazebo' build argument 'cmake_force_configure' from command line to 'False'
[4.189s] Level 5:colcon.colcon_core.verb:set package 'sample_gazebo' build argument 'ament_cmake_args' from command line to 'None'
[4.189s] Level 5:colcon.colcon_core.verb:set package 'sample_gazebo' build argument 'catkin_cmake_args' from command line to 'None'
[4.189s] Level 5:colcon.colcon_core.verb:set package 'sample_gazebo' build argument 'catkin_skip_building_tests' from command line to 'False'
[4.189s] DEBUG:colcon.colcon_core.verb:Building package 'sample_gazebo' with the following arguments: {'ament_cmake_args': None, 'build_base': '/home/yamashita/plugins/build/sample_gazebo', 'catkin_cmake_args': None, 'catkin_skip_building_tests': False, 'cmake_args': None, 'cmake_clean_cache': False, 'cmake_clean_first': False, 'cmake_force_configure': False, 'cmake_target': None, 'cmake_target_skip_unavailable': False, 'install_base': '/home/yamashita/plugins/install/sample_gazebo', 'merge_install': False, 'path': '/home/yamashita/plugins/src/sample_gazebo', 'symlink_install': False, 'test_result_base': None}
[4.246s] INFO:colcon.colcon_core.executor:Executing jobs using 'parallel' executor
[4.313s] DEBUG:colcon.colcon_parallel_executor.executor.parallel:run_until_complete
[4.314s] INFO:colcon.colcon_ros.task.ament_cmake.build:Building ROS package in '/home/yamashita/plugins/src/motor_gazebo_plugin' with build type 'ament_cmake'
[4.314s] INFO:colcon.colcon_cmake.task.cmake.build:Building CMake package in '/home/yamashita/plugins/src/motor_gazebo_plugin'
[4.388s] INFO:colcon.colcon_core.plugin_system:Skipping extension 'colcon_core.shell.bat': Not used on non-Windows systems
[4.388s] INFO:colcon.colcon_core.shell:Skip shell extension 'powershell' for command environment: Not usable outside of PowerShell
[4.388s] DEBUG:colcon.colcon_core.shell:Skip shell extension 'dsv' for command environment
[4.804s] INFO:colcon.colcon_ros.task.ament_cmake.build:Building ROS package in '/home/yamashita/plugins/src/sample_gazebo' with build type 'ament_cmake'
[4.804s] INFO:colcon.colcon_cmake.task.cmake.build:Building CMake package in '/home/yamashita/plugins/src/sample_gazebo'
[4.870s] INFO:colcon.colcon_core.shell:Skip shell extension 'powershell' for command environment: Not usable outside of PowerShell
[4.871s] DEBUG:colcon.colcon_core.shell:Skip shell extension 'dsv' for command environment
[5.275s] DEBUG:colcon.colcon_core.event_handler.log_command:Invoking command in '/home/yamashita/plugins/build/motor_gazebo_plugin': CMAKE_PREFIX_PATH=${CMAKE_PREFIX_PATH}:/home/yamashita/gazebo_ws/install/ros2_first_pkg:/opt/ros/foxy /usr/bin/cmake --build /home/yamashita/plugins/build/motor_gazebo_plugin -- -j12 -l12
[5.285s] DEBUG:colcon.colcon_core.event_handler.log_command:Invoking command in '/home/yamashita/plugins/build/sample_gazebo': CMAKE_PREFIX_PATH=${CMAKE_PREFIX_PATH}:/home/yamashita/gazebo_ws/install/ros2_first_pkg:/opt/ros/foxy /usr/bin/cmake --build /home/yamashita/plugins/build/sample_gazebo -- -j12 -l12
[5.362s] DEBUG:colcon.colcon_core.event_handler.log_command:Invoked command in '/home/yamashita/plugins/build/sample_gazebo' returned '0': CMAKE_PREFIX_PATH=${CMAKE_PREFIX_PATH}:/home/yamashita/gazebo_ws/install/ros2_first_pkg:/opt/ros/foxy /usr/bin/cmake --build /home/yamashita/plugins/build/sample_gazebo -- -j12 -l12
[5.386s] DEBUG:colcon.colcon_core.event_handler.log_command:Invoking command in '/home/yamashita/plugins/build/sample_gazebo': CMAKE_PREFIX_PATH=${CMAKE_PREFIX_PATH}:/home/yamashita/gazebo_ws/install/ros2_first_pkg:/opt/ros/foxy /usr/bin/cmake --install /home/yamashita/plugins/build/sample_gazebo
[5.396s] Level 1:colcon.colcon_core.environment:create_environment_scripts_only(sample_gazebo)
[5.396s] DEBUG:colcon.colcon_core.event_handler.log_command:Invoked command in '/home/yamashita/plugins/build/sample_gazebo' returned '0': CMAKE_PREFIX_PATH=${CMAKE_PREFIX_PATH}:/home/yamashita/gazebo_ws/install/ros2_first_pkg:/opt/ros/foxy /usr/bin/cmake --install /home/yamashita/plugins/build/sample_gazebo
[5.462s] Level 1:colcon.colcon_core.environment:checking '/home/yamashita/plugins/install/sample_gazebo' for CMake module files
[5.463s] Level 1:colcon.colcon_core.environment:checking '/home/yamashita/plugins/install/sample_gazebo' for CMake config files
[5.463s] Level 1:colcon.colcon_core.shell:create_environment_hook('sample_gazebo', 'cmake_prefix_path')
[5.524s] INFO:colcon.colcon_core.shell:Creating environment hook '/home/yamashita/plugins/install/sample_gazebo/share/sample_gazebo/hook/cmake_prefix_path.ps1'
[5.525s] INFO:colcon.colcon_core.shell:Creating environment descriptor '/home/yamashita/plugins/install/sample_gazebo/share/sample_gazebo/hook/cmake_prefix_path.dsv'
[5.526s] INFO:colcon.colcon_core.shell:Creating environment hook '/home/yamashita/plugins/install/sample_gazebo/share/sample_gazebo/hook/cmake_prefix_path.sh'
[5.527s] Level 1:colcon.colcon_core.environment:checking '/home/yamashita/plugins/install/sample_gazebo/bin'
[5.527s] Level 1:colcon.colcon_core.environment:checking '/home/yamashita/plugins/install/sample_gazebo/lib/pkgconfig/sample_gazebo.pc'
[5.527s] Level 1:colcon.colcon_core.environment:checking '/home/yamashita/plugins/install/sample_gazebo/lib/python3.8/site-packages'
[5.527s] Level 1:colcon.colcon_core.environment:checking '/home/yamashita/plugins/install/sample_gazebo/bin'
[5.580s] INFO:colcon.colcon_core.shell:Creating package script '/home/yamashita/plugins/install/sample_gazebo/share/sample_gazebo/package.ps1'
[5.581s] INFO:colcon.colcon_core.shell:Creating package descriptor '/home/yamashita/plugins/install/sample_gazebo/share/sample_gazebo/package.dsv'
[5.582s] INFO:colcon.colcon_core.shell:Creating package script '/home/yamashita/plugins/install/sample_gazebo/share/sample_gazebo/package.sh'
[5.583s] INFO:colcon.colcon_core.shell:Creating package script '/home/yamashita/plugins/install/sample_gazebo/share/sample_gazebo/package.bash'
[5.584s] INFO:colcon.colcon_core.shell:Creating package script '/home/yamashita/plugins/install/sample_gazebo/share/sample_gazebo/package.zsh'
[5.585s] Level 1:colcon.colcon_core.environment:create_file_with_runtime_dependencies(/home/yamashita/plugins/install/sample_gazebo/share/colcon-core/packages/sample_gazebo)
[5.591s] DEBUG:colcon.colcon_core.event_handler.log_command:Invoked command in '/home/yamashita/plugins/build/motor_gazebo_plugin' returned '0': CMAKE_PREFIX_PATH=${CMAKE_PREFIX_PATH}:/home/yamashita/gazebo_ws/install/ros2_first_pkg:/opt/ros/foxy /usr/bin/cmake --build /home/yamashita/plugins/build/motor_gazebo_plugin -- -j12 -l12
[5.661s] Level 1:colcon.colcon_core.environment:create_environment_scripts_only(sample_gazebo)
[5.718s] Level 1:colcon.colcon_core.environment:checking '/home/yamashita/plugins/install/sample_gazebo' for CMake module files
[5.718s] Level 1:colcon.colcon_core.environment:checking '/home/yamashita/plugins/install/sample_gazebo' for CMake config files
[5.718s] Level 1:colcon.colcon_core.shell:create_environment_hook('sample_gazebo', 'cmake_prefix_path')
[5.773s] INFO:colcon.colcon_core.shell:Creating environment hook '/home/yamashita/plugins/install/sample_gazebo/share/sample_gazebo/hook/cmake_prefix_path.ps1'
[5.774s] INFO:colcon.colcon_core.shell:Creating environment descriptor '/home/yamashita/plugins/install/sample_gazebo/share/sample_gazebo/hook/cmake_prefix_path.dsv'
[5.774s] INFO:colcon.colcon_core.shell:Creating environment hook '/home/yamashita/plugins/install/sample_gazebo/share/sample_gazebo/hook/cmake_prefix_path.sh'
[5.774s] Level 1:colcon.colcon_core.environment:checking '/home/yamashita/plugins/install/sample_gazebo/bin'
[5.774s] Level 1:colcon.colcon_core.environment:checking '/home/yamashita/plugins/install/sample_gazebo/lib/pkgconfig/sample_gazebo.pc'
[5.775s] Level 1:colcon.colcon_core.environment:checking '/home/yamashita/plugins/install/sample_gazebo/lib/python3.8/site-packages'
[5.775s] Level 1:colcon.colcon_core.environment:checking '/home/yamashita/plugins/install/sample_gazebo/bin'
[5.834s] INFO:colcon.colcon_core.shell:Creating package script '/home/yamashita/plugins/install/sample_gazebo/share/sample_gazebo/package.ps1'
[5.835s] INFO:colcon.colcon_core.shell:Creating package descriptor '/home/yamashita/plugins/install/sample_gazebo/share/sample_gazebo/package.dsv'
[5.835s] INFO:colcon.colcon_core.shell:Creating package script '/home/yamashita/plugins/install/sample_gazebo/share/sample_gazebo/package.sh'
[5.836s] INFO:colcon.colcon_core.shell:Creating package script '/home/yamashita/plugins/install/sample_gazebo/share/sample_gazebo/package.bash'
[5.836s] INFO:colcon.colcon_core.shell:Creating package script '/home/yamashita/plugins/install/sample_gazebo/share/sample_gazebo/package.zsh'
[5.836s] Level 1:colcon.colcon_core.environment:create_file_with_runtime_dependencies(/home/yamashita/plugins/install/sample_gazebo/share/colcon-core/packages/sample_gazebo)
[5.839s] DEBUG:colcon.colcon_core.event_handler.log_command:Invoking command in '/home/yamashita/plugins/build/motor_gazebo_plugin': CMAKE_PREFIX_PATH=${CMAKE_PREFIX_PATH}:/home/yamashita/gazebo_ws/install/ros2_first_pkg:/opt/ros/foxy /usr/bin/cmake --install /home/yamashita/plugins/build/motor_gazebo_plugin
[5.852s] Level 1:colcon.colcon_core.environment:create_environment_scripts_only(motor_gazebo_plugin)
[5.852s] DEBUG:colcon.colcon_core.event_handler.log_command:Invoked command in '/home/yamashita/plugins/build/motor_gazebo_plugin' returned '0': CMAKE_PREFIX_PATH=${CMAKE_PREFIX_PATH}:/home/yamashita/gazebo_ws/install/ros2_first_pkg:/opt/ros/foxy /usr/bin/cmake --install /home/yamashita/plugins/build/motor_gazebo_plugin
[5.910s] Level 1:colcon.colcon_core.environment:checking '/home/yamashita/plugins/install/motor_gazebo_plugin' for CMake module files
[5.910s] Level 1:colcon.colcon_core.environment:checking '/home/yamashita/plugins/install/motor_gazebo_plugin' for CMake config files
[5.910s] Level 1:colcon.colcon_core.shell:create_environment_hook('motor_gazebo_plugin', 'cmake_prefix_path')
[5.967s] INFO:colcon.colcon_core.shell:Creating environment hook '/home/yamashita/plugins/install/motor_gazebo_plugin/share/motor_gazebo_plugin/hook/cmake_prefix_path.ps1'
[5.967s] INFO:colcon.colcon_core.shell:Creating environment descriptor '/home/yamashita/plugins/install/motor_gazebo_plugin/share/motor_gazebo_plugin/hook/cmake_prefix_path.dsv'
[5.968s] INFO:colcon.colcon_core.shell:Creating environment hook '/home/yamashita/plugins/install/motor_gazebo_plugin/share/motor_gazebo_plugin/hook/cmake_prefix_path.sh'
[5.968s] Level 1:colcon.colcon_core.environment:checking '/home/yamashita/plugins/install/motor_gazebo_plugin/lib'
[5.968s] Level 1:colcon.colcon_core.shell:create_environment_hook('motor_gazebo_plugin', 'ld_library_path_lib')
[6.027s] INFO:colcon.colcon_core.shell:Creating environment hook '/home/yamashita/plugins/install/motor_gazebo_plugin/share/motor_gazebo_plugin/hook/ld_library_path_lib.ps1'
[6.027s] INFO:colcon.colcon_core.shell:Creating environment descriptor '/home/yamashita/plugins/install/motor_gazebo_plugin/share/motor_gazebo_plugin/hook/ld_library_path_lib.dsv'
[6.027s] INFO:colcon.colcon_core.shell:Creating environment hook '/home/yamashita/plugins/install/motor_gazebo_plugin/share/motor_gazebo_plugin/hook/ld_library_path_lib.sh'
[6.027s] Level 1:colcon.colcon_core.environment:checking '/home/yamashita/plugins/install/motor_gazebo_plugin/bin'
[6.028s] Level 1:colcon.colcon_core.environment:checking '/home/yamashita/plugins/install/motor_gazebo_plugin/lib/pkgconfig/motor_gazebo_plugin.pc'
[6.028s] Level 1:colcon.colcon_core.environment:checking '/home/yamashita/plugins/install/motor_gazebo_plugin/lib/python3.8/site-packages'
[6.028s] Level 1:colcon.colcon_core.environment:checking '/home/yamashita/plugins/install/motor_gazebo_plugin/bin'
[6.081s] INFO:colcon.colcon_core.shell:Creating package script '/home/yamashita/plugins/install/motor_gazebo_plugin/share/motor_gazebo_plugin/package.ps1'
[6.081s] INFO:colcon.colcon_core.shell:Creating package descriptor '/home/yamashita/plugins/install/motor_gazebo_plugin/share/motor_gazebo_plugin/package.dsv'
[6.082s] INFO:colcon.colcon_core.shell:Creating package script '/home/yamashita/plugins/install/motor_gazebo_plugin/share/motor_gazebo_plugin/package.sh'
[6.082s] INFO:colcon.colcon_core.shell:Creating package script '/home/yamashita/plugins/install/motor_gazebo_plugin/share/motor_gazebo_plugin/package.bash'
[6.082s] INFO:colcon.colcon_core.shell:Creating package script '/home/yamashita/plugins/install/motor_gazebo_plugin/share/motor_gazebo_plugin/package.zsh'
[6.082s] Level 1:colcon.colcon_core.environment:create_file_with_runtime_dependencies(/home/yamashita/plugins/install/motor_gazebo_plugin/share/colcon-core/packages/motor_gazebo_plugin)
[6.156s] Level 1:colcon.colcon_core.environment:create_environment_scripts_only(motor_gazebo_plugin)
[6.213s] Level 1:colcon.colcon_core.environment:checking '/home/yamashita/plugins/install/motor_gazebo_plugin' for CMake module files
[6.214s] Level 1:colcon.colcon_core.environment:checking '/home/yamashita/plugins/install/motor_gazebo_plugin' for CMake config files
[6.214s] Level 1:colcon.colcon_core.shell:create_environment_hook('motor_gazebo_plugin', 'cmake_prefix_path')
[6.268s] INFO:colcon.colcon_core.shell:Creating environment hook '/home/yamashita/plugins/install/motor_gazebo_plugin/share/motor_gazebo_plugin/hook/cmake_prefix_path.ps1'
[6.269s] INFO:colcon.colcon_core.shell:Creating environment descriptor '/home/yamashita/plugins/install/motor_gazebo_plugin/share/motor_gazebo_plugin/hook/cmake_prefix_path.dsv'
[6.269s] INFO:colcon.colcon_core.shell:Creating environment hook '/home/yamashita/plugins/install/motor_gazebo_plugin/share/motor_gazebo_plugin/hook/cmake_prefix_path.sh'
[6.269s] Level 1:colcon.colcon_core.environment:checking '/home/yamashita/plugins/install/motor_gazebo_plugin/lib'
[6.269s] Level 1:colcon.colcon_core.shell:create_environment_hook('motor_gazebo_plugin', 'ld_library_path_lib')
[6.323s] INFO:colcon.colcon_core.shell:Creating environment hook '/home/yamashita/plugins/install/motor_gazebo_plugin/share/motor_gazebo_plugin/hook/ld_library_path_lib.ps1'
[6.323s] INFO:colcon.colcon_core.shell:Creating environment descriptor '/home/yamashita/plugins/install/motor_gazebo_plugin/share/motor_gazebo_plugin/hook/ld_library_path_lib.dsv'
[6.323s] INFO:colcon.colcon_core.shell:Creating environment hook '/home/yamashita/plugins/install/motor_gazebo_plugin/share/motor_gazebo_plugin/hook/ld_library_path_lib.sh'
[6.323s] Level 1:colcon.colcon_core.environment:checking '/home/yamashita/plugins/install/motor_gazebo_plugin/bin'
[6.323s] Level 1:colcon.colcon_core.environment:checking '/home/yamashita/plugins/install/motor_gazebo_plugin/lib/pkgconfig/motor_gazebo_plugin.pc'
[6.324s] Level 1:colcon.colcon_core.environment:checking '/home/yamashita/plugins/install/motor_gazebo_plugin/lib/python3.8/site-packages'
[6.324s] Level 1:colcon.colcon_core.environment:checking '/home/yamashita/plugins/install/motor_gazebo_plugin/bin'
[6.392s] INFO:colcon.colcon_core.shell:Creating package script '/home/yamashita/plugins/install/motor_gazebo_plugin/share/motor_gazebo_plugin/package.ps1'
[6.392s] INFO:colcon.colcon_core.shell:Creating package descriptor '/home/yamashita/plugins/install/motor_gazebo_plugin/share/motor_gazebo_plugin/package.dsv'
[6.393s] INFO:colcon.colcon_core.shell:Creating package script '/home/yamashita/plugins/install/motor_gazebo_plugin/share/motor_gazebo_plugin/package.sh'
[6.393s] INFO:colcon.colcon_core.shell:Creating package script '/home/yamashita/plugins/install/motor_gazebo_plugin/share/motor_gazebo_plugin/package.bash'
[6.393s] INFO:colcon.colcon_core.shell:Creating package script '/home/yamashita/plugins/install/motor_gazebo_plugin/share/motor_gazebo_plugin/package.zsh'
[6.393s] Level 1:colcon.colcon_core.environment:create_file_with_runtime_dependencies(/home/yamashita/plugins/install/motor_gazebo_plugin/share/colcon-core/packages/motor_gazebo_plugin)
[6.393s] DEBUG:colcon.colcon_parallel_executor.executor.parallel:closing loop
[6.394s] DEBUG:colcon.colcon_parallel_executor.executor.parallel:loop closed
[6.394s] DEBUG:colcon.colcon_parallel_executor.executor.parallel:run_until_complete finished with '0'
[6.394s] DEBUG:colcon.colcon_core.event_reactor:joining thread
[6.494s] INFO:colcon.colcon_core.plugin_system:Skipping extension 'colcon_notification.desktop_notification.notify_send': Could not find 'notify-send'
[6.494s] INFO:colcon.colcon_core.plugin_system:Skipping extension 'colcon_notification.desktop_notification.terminal_notifier': Not used on non-Darwin systems
[6.494s] INFO:colcon.colcon_core.plugin_system:Skipping extension 'colcon_notification.desktop_notification.win32': Not used on non-Windows systems
[6.494s] INFO:colcon.colcon_notification.desktop_notification:Sending desktop notification using 'notify2'
[6.502s] DEBUG:colcon.colcon_notification.desktop_notification.notify2:Failed to initialize notify2: org.freedesktop.DBus.Error.ServiceUnknown: The name org.freedesktop.Notifications was not provided by any .service files
[6.502s] DEBUG:colcon.colcon_core.event_reactor:joined thread
[6.558s] INFO:colcon.colcon_core.shell:Creating prefix script '/home/yamashita/plugins/install/local_setup.ps1'
[6.560s] INFO:colcon.colcon_core.shell:Creating prefix util module '/home/yamashita/plugins/install/_local_setup_util_ps1.py'
[6.562s] INFO:colcon.colcon_core.shell:Creating prefix chain script '/home/yamashita/plugins/install/setup.ps1'
[6.616s] INFO:colcon.colcon_core.shell:Creating prefix script '/home/yamashita/plugins/install/local_setup.sh'
[6.617s] INFO:colcon.colcon_core.shell:Creating prefix util module '/home/yamashita/plugins/install/_local_setup_util_sh.py'
[6.617s] INFO:colcon.colcon_core.shell:Creating prefix chain script '/home/yamashita/plugins/install/setup.sh'
[6.673s] INFO:colcon.colcon_core.shell:Creating prefix script '/home/yamashita/plugins/install/local_setup.bash'
[6.674s] INFO:colcon.colcon_core.shell:Creating prefix chain script '/home/yamashita/plugins/install/setup.bash'
[6.728s] INFO:colcon.colcon_core.shell:Creating prefix script '/home/yamashita/plugins/install/local_setup.zsh'
[6.730s] INFO:colcon.colcon_core.shell:Creating prefix chain script '/home/yamashita/plugins/install/setup.zsh'
