[3.190s] DEBUG:colcon:Command line arguments: ['/usr/bin/colcon', 'build']
[3.190s] DEBUG:colcon:Parsed command line arguments: Namespace(allow_overriding=[], ament_cmake_args=None, base_paths=['.'], build_base='build', catkin_cmake_args=None, catkin_skip_building_tests=False, cmake_args=None, cmake_clean_cache=False, cmake_clean_first=False, cmake_force_configure=False, cmake_target=None, cmake_target_skip_unavailable=False, continue_on_error=False, event_handlers=None, executor='parallel', ignore_user_meta=False, install_base='install', log_base=None, log_level=None, main=<bound method BuildVerb.main of <colcon_core.verb.build.BuildVerb object at 0x7f4142dab220>>, merge_install=False, metas=['./colcon.meta'], packages_above=None, packages_above_and_dependencies=None, packages_above_depth=None, packages_end=None, packages_ignore=None, packages_ignore_regex=None, packages_select=None, packages_select_build_failed=False, packages_select_by_dep=None, packages_select_regex=None, packages_select_test_failures=False, packages_skip=None, packages_skip_build_finished=False, packages_skip_by_dep=None, packages_skip_regex=None, packages_skip_test_passed=False, packages_skip_up_to=None, packages_start=None, packages_up_to=None, packages_up_to_regex=None, parallel_workers=12, paths=None, symlink_install=False, test_result_base=None, verb_extension=<colcon_core.verb.build.BuildVerb object at 0x7f4142dab220>, verb_name='build', verb_parser=<colcon_defaults.argument_parser.defaults.DefaultArgumentsDecorator object at 0x7f4142a238e0>)
[3.307s] Level 1:colcon.colcon_core.package_discovery:discover_packages(colcon_meta) check parameters
[3.307s] Level 1:colcon.colcon_core.package_discovery:discover_packages(recursive) check parameters
[3.307s] Level 1:colcon.colcon_core.package_discovery:discover_packages(ignore) check parameters
[3.307s] Level 1:colcon.colcon_core.package_discovery:discover_packages(path) check parameters
[3.307s] Level 1:colcon.colcon_core.package_discovery:discover_packages(colcon_meta) discover
[3.307s] Level 1:colcon.colcon_core.package_discovery:discover_packages(recursive) discover
[3.307s] INFO:colcon.colcon_core.package_discovery:Crawling recursively for packages in '/home/yamashita/plugins'
[3.307s] Level 1:colcon.colcon_core.package_identification:_identify(.) by extensions ['ignore', 'ignore_ament_install']
[3.307s] Level 1:colcon.colcon_core.package_identification:_identify(.) by extension 'ignore'
[3.307s] Level 1:colcon.colcon_core.package_identification:_identify(.) by extension 'ignore_ament_install'
[3.307s] Level 1:colcon.colcon_core.package_identification:_identify(.) by extensions ['colcon_pkg']
[3.307s] Level 1:colcon.colcon_core.package_identification:_identify(.) by extension 'colcon_pkg'
[3.307s] Level 1:colcon.colcon_core.package_identification:_identify(.) by extensions ['colcon_meta']
[3.307s] Level 1:colcon.colcon_core.package_identification:_identify(.) by extension 'colcon_meta'
[3.307s] Level 1:colcon.colcon_core.package_identification:_identify(.) by extensions ['ros']
[3.307s] Level 1:colcon.colcon_core.package_identification:_identify(.) by extension 'ros'
[3.315s] Level 1:colcon.colcon_core.package_identification:_identify(.) by extensions ['cmake', 'python']
[3.315s] Level 1:colcon.colcon_core.package_identification:_identify(.) by extension 'cmake'
[3.315s] Level 1:colcon.colcon_core.package_identification:_identify(.) by extension 'python'
[3.315s] Level 1:colcon.colcon_core.package_identification:_identify(.) by extensions ['python_setup_py']
[3.315s] Level 1:colcon.colcon_core.package_identification:_identify(.) by extension 'python_setup_py'
[3.315s] Level 1:colcon.colcon_core.package_identification:_identify(build) by extensions ['ignore', 'ignore_ament_install']
[3.315s] Level 1:colcon.colcon_core.package_identification:_identify(build) by extension 'ignore'
[3.315s] Level 1:colcon.colcon_core.package_identification:_identify(build) ignored
[3.315s] Level 1:colcon.colcon_core.package_identification:_identify(install) by extensions ['ignore', 'ignore_ament_install']
[3.315s] Level 1:colcon.colcon_core.package_identification:_identify(install) by extension 'ignore'
[3.315s] Level 1:colcon.colcon_core.package_identification:_identify(install) ignored
[3.315s] Level 1:colcon.colcon_core.package_identification:_identify(log) by extensions ['ignore', 'ignore_ament_install']
[3.316s] Level 1:colcon.colcon_core.package_identification:_identify(log) by extension 'ignore'
[3.316s] Level 1:colcon.colcon_core.package_identification:_identify(log) ignored
[3.316s] Level 1:colcon.colcon_core.package_identification:_identify(src) by extensions ['ignore', 'ignore_ament_install']
[3.316s] Level 1:colcon.colcon_core.package_identification:_identify(src) by extension 'ignore'
[3.316s] Level 1:colcon.colcon_core.package_identification:_identify(src) by extension 'ignore_ament_install'
[3.316s] Level 1:colcon.colcon_core.package_identification:_identify(src) by extensions ['colcon_pkg']
[3.316s] Level 1:colcon.colcon_core.package_identification:_identify(src) by extension 'colcon_pkg'
[3.316s] Level 1:colcon.colcon_core.package_identification:_identify(src) by extensions ['colcon_meta']
[3.316s] Level 1:colcon.colcon_core.package_identification:_identify(src) by extension 'colcon_meta'
[3.316s] Level 1:colcon.colcon_core.package_identification:_identify(src) by extensions ['ros']
[3.316s] Level 1:colcon.colcon_core.package_identification:_identify(src) by extension 'ros'
[3.316s] Level 1:colcon.colcon_core.package_identification:_identify(src) by extensions ['cmake', 'python']
[3.316s] Level 1:colcon.colcon_core.package_identification:_identify(src) by extension 'cmake'
[3.316s] Level 1:colcon.colcon_core.package_identification:_identify(src) by extension 'python'
[3.316s] Level 1:colcon.colcon_core.package_identification:_identify(src) by extensions ['python_setup_py']
[3.316s] Level 1:colcon.colcon_core.package_identification:_identify(src) by extension 'python_setup_py'
[3.316s] Level 1:colcon.colcon_core.package_identification:_identify(src/motor_gazebo_plugin) by extensions ['ignore', 'ignore_ament_install']
[3.317s] Level 1:colcon.colcon_core.package_identification:_identify(src/motor_gazebo_plugin) by extension 'ignore'
[3.317s] Level 1:colcon.colcon_core.package_identification:_identify(src/motor_gazebo_plugin) by extension 'ignore_ament_install'
[3.317s] Level 1:colcon.colcon_core.package_identification:_identify(src/motor_gazebo_plugin) by extensions ['colcon_pkg']
[3.317s] Level 1:colcon.colcon_core.package_identification:_identify(src/motor_gazebo_plugin) by extension 'colcon_pkg'
[3.317s] Level 1:colcon.colcon_core.package_identification:_identify(src/motor_gazebo_plugin) by extensions ['colcon_meta']
[3.317s] Level 1:colcon.colcon_core.package_identification:_identify(src/motor_gazebo_plugin) by extension 'colcon_meta'
[3.317s] Level 1:colcon.colcon_core.package_identification:_identify(src/motor_gazebo_plugin) by extensions ['ros']
[3.317s] Level 1:colcon.colcon_core.package_identification:_identify(src/motor_gazebo_plugin) by extension 'ros'
[3.319s] DEBUG:colcon.colcon_core.package_identification:Package 'src/motor_gazebo_plugin' with type 'ros.ament_cmake' and name 'motor_gazebo_plugin'
[3.319s] Level 1:colcon.colcon_core.package_discovery:discover_packages(recursive) using defaults
[3.319s] Level 1:colcon.colcon_core.package_discovery:discover_packages(ignore) discover
[3.319s] Level 1:colcon.colcon_core.package_discovery:discover_packages(ignore) using defaults
[3.319s] Level 1:colcon.colcon_core.package_discovery:discover_packages(path) discover
[3.319s] Level 1:colcon.colcon_core.package_discovery:discover_packages(path) using defaults
[3.586s] Level 1:colcon.colcon_core.package_discovery:discover_packages(prefix_path) check parameters
[3.586s] Level 1:colcon.colcon_core.package_discovery:discover_packages(prefix_path) discover
[3.684s] DEBUG:colcon.colcon_installed_package_information.package_discovery:Found 5 installed packages in /home/yamashita/pra_plugin/install
[3.738s] DEBUG:colcon.colcon_installed_package_information.package_discovery:Found 1 installed packages in /home/yamashita/gazebo_ws/install
[3.794s] DEBUG:colcon.colcon_installed_package_information.package_discovery:Found 0 installed packages in /home/yamashita/ros2_ws/install
[3.848s] DEBUG:colcon.colcon_installed_package_information.package_discovery:Found 290 installed packages in /opt/ros/foxy
[3.849s] Level 1:colcon.colcon_core.package_discovery:discover_packages(prefix_path) using defaults
[4.007s] Level 5:colcon.colcon_core.verb:set package 'motor_gazebo_plugin' build argument 'cmake_args' from command line to 'None'
[4.007s] Level 5:colcon.colcon_core.verb:set package 'motor_gazebo_plugin' build argument 'cmake_target' from command line to 'None'
[4.007s] Level 5:colcon.colcon_core.verb:set package 'motor_gazebo_plugin' build argument 'cmake_target_skip_unavailable' from command line to 'False'
[4.007s] Level 5:colcon.colcon_core.verb:set package 'motor_gazebo_plugin' build argument 'cmake_clean_cache' from command line to 'False'
[4.007s] Level 5:colcon.colcon_core.verb:set package 'motor_gazebo_plugin' build argument 'cmake_clean_first' from command line to 'False'
[4.007s] Level 5:colcon.colcon_core.verb:set package 'motor_gazebo_plugin' build argument 'cmake_force_configure' from command line to 'False'
[4.007s] Level 5:colcon.colcon_core.verb:set package 'motor_gazebo_plugin' build argument 'ament_cmake_args' from command line to 'None'
[4.007s] Level 5:colcon.colcon_core.verb:set package 'motor_gazebo_plugin' build argument 'catkin_cmake_args' from command line to 'None'
[4.007s] Level 5:colcon.colcon_core.verb:set package 'motor_gazebo_plugin' build argument 'catkin_skip_building_tests' from command line to 'False'
[4.007s] DEBUG:colcon.colcon_core.verb:Building package 'motor_gazebo_plugin' with the following arguments: {'ament_cmake_args': None, 'build_base': '/home/yamashita/plugins/build/motor_gazebo_plugin', 'catkin_cmake_args': None, 'catkin_skip_building_tests': False, 'cmake_args': None, 'cmake_clean_cache': False, 'cmake_clean_first': False, 'cmake_force_configure': False, 'cmake_target': None, 'cmake_target_skip_unavailable': False, 'install_base': '/home/yamashita/plugins/install/motor_gazebo_plugin', 'merge_install': False, 'path': '/home/yamashita/plugins/src/motor_gazebo_plugin', 'symlink_install': False, 'test_result_base': None}
[4.059s] INFO:colcon.colcon_core.executor:Executing jobs using 'parallel' executor
[4.119s] DEBUG:colcon.colcon_parallel_executor.executor.parallel:run_until_complete
[4.120s] INFO:colcon.colcon_ros.task.ament_cmake.build:Building ROS package in '/home/yamashita/plugins/src/motor_gazebo_plugin' with build type 'ament_cmake'
[4.121s] INFO:colcon.colcon_cmake.task.cmake.build:Building CMake package in '/home/yamashita/plugins/src/motor_gazebo_plugin'
[4.183s] INFO:colcon.colcon_core.plugin_system:Skipping extension 'colcon_core.shell.bat': Not used on non-Windows systems
[4.183s] INFO:colcon.colcon_core.shell:Skip shell extension 'powershell' for command environment: Not usable outside of PowerShell
[4.183s] DEBUG:colcon.colcon_core.shell:Skip shell extension 'dsv' for command environment
[4.500s] DEBUG:colcon.colcon_core.event_handler.log_command:Invoking command in '/home/yamashita/plugins/build/motor_gazebo_plugin': CMAKE_PREFIX_PATH=${CMAKE_PREFIX_PATH}:/home/yamashita/gazebo_ws/install/ros2_first_pkg:/opt/ros/foxy /usr/bin/cmake --build /home/yamashita/plugins/build/motor_gazebo_plugin -- -j12 -l12
[13.019s] DEBUG:colcon.colcon_core.event_handler.log_command:Invoked command in '/home/yamashita/plugins/build/motor_gazebo_plugin' returned '2': CMAKE_PREFIX_PATH=${CMAKE_PREFIX_PATH}:/home/yamashita/gazebo_ws/install/ros2_first_pkg:/opt/ros/foxy /usr/bin/cmake --build /home/yamashita/plugins/build/motor_gazebo_plugin -- -j12 -l12
[13.093s] Level 1:colcon.colcon_core.environment:create_environment_scripts_only(motor_gazebo_plugin)
[13.150s] Level 1:colcon.colcon_core.environment:checking '/home/yamashita/plugins/install/motor_gazebo_plugin' for CMake module files
[13.151s] Level 1:colcon.colcon_core.environment:checking '/home/yamashita/plugins/install/motor_gazebo_plugin' for CMake config files
[13.151s] Level 1:colcon.colcon_core.shell:create_environment_hook('motor_gazebo_plugin', 'cmake_prefix_path')
[13.204s] INFO:colcon.colcon_core.shell:Creating environment hook '/home/yamashita/plugins/install/motor_gazebo_plugin/share/motor_gazebo_plugin/hook/cmake_prefix_path.ps1'
[13.205s] INFO:colcon.colcon_core.shell:Creating environment descriptor '/home/yamashita/plugins/install/motor_gazebo_plugin/share/motor_gazebo_plugin/hook/cmake_prefix_path.dsv'
[13.205s] INFO:colcon.colcon_core.shell:Creating environment hook '/home/yamashita/plugins/install/motor_gazebo_plugin/share/motor_gazebo_plugin/hook/cmake_prefix_path.sh'
[13.206s] Level 1:colcon.colcon_core.environment:checking '/home/yamashita/plugins/install/motor_gazebo_plugin/lib'
[13.206s] Level 1:colcon.colcon_core.shell:create_environment_hook('motor_gazebo_plugin', 'ld_library_path_lib')
[13.262s] INFO:colcon.colcon_core.shell:Creating environment hook '/home/yamashita/plugins/install/motor_gazebo_plugin/share/motor_gazebo_plugin/hook/ld_library_path_lib.ps1'
[13.263s] INFO:colcon.colcon_core.shell:Creating environment descriptor '/home/yamashita/plugins/install/motor_gazebo_plugin/share/motor_gazebo_plugin/hook/ld_library_path_lib.dsv'
[13.263s] INFO:colcon.colcon_core.shell:Creating environment hook '/home/yamashita/plugins/install/motor_gazebo_plugin/share/motor_gazebo_plugin/hook/ld_library_path_lib.sh'
[13.263s] Level 1:colcon.colcon_core.environment:checking '/home/yamashita/plugins/install/motor_gazebo_plugin/bin'
[13.263s] Level 1:colcon.colcon_core.environment:checking '/home/yamashita/plugins/install/motor_gazebo_plugin/lib/pkgconfig/motor_gazebo_plugin.pc'
[13.264s] Level 1:colcon.colcon_core.environment:checking '/home/yamashita/plugins/install/motor_gazebo_plugin/lib/python3.8/site-packages'
[13.264s] Level 1:colcon.colcon_core.environment:checking '/home/yamashita/plugins/install/motor_gazebo_plugin/bin'
[13.317s] INFO:colcon.colcon_core.shell:Creating package script '/home/yamashita/plugins/install/motor_gazebo_plugin/share/motor_gazebo_plugin/package.ps1'
[13.318s] INFO:colcon.colcon_core.shell:Creating package descriptor '/home/yamashita/plugins/install/motor_gazebo_plugin/share/motor_gazebo_plugin/package.dsv'
[13.318s] INFO:colcon.colcon_core.shell:Creating package script '/home/yamashita/plugins/install/motor_gazebo_plugin/share/motor_gazebo_plugin/package.sh'
[13.319s] INFO:colcon.colcon_core.shell:Creating package script '/home/yamashita/plugins/install/motor_gazebo_plugin/share/motor_gazebo_plugin/package.bash'
[13.319s] INFO:colcon.colcon_core.shell:Creating package script '/home/yamashita/plugins/install/motor_gazebo_plugin/share/motor_gazebo_plugin/package.zsh'
[13.320s] Level 1:colcon.colcon_core.environment:create_file_with_runtime_dependencies(/home/yamashita/plugins/install/motor_gazebo_plugin/share/colcon-core/packages/motor_gazebo_plugin)
[13.331s] DEBUG:colcon.colcon_parallel_executor.executor.parallel:closing loop
[13.332s] DEBUG:colcon.colcon_parallel_executor.executor.parallel:loop closed
[13.332s] DEBUG:colcon.colcon_parallel_executor.executor.parallel:run_until_complete finished with '2'
[13.332s] DEBUG:colcon.colcon_core.event_reactor:joining thread
[13.456s] INFO:colcon.colcon_core.plugin_system:Skipping extension 'colcon_notification.desktop_notification.notify_send': Could not find 'notify-send'
[13.456s] INFO:colcon.colcon_core.plugin_system:Skipping extension 'colcon_notification.desktop_notification.terminal_notifier': Not used on non-Darwin systems
[13.456s] INFO:colcon.colcon_core.plugin_system:Skipping extension 'colcon_notification.desktop_notification.win32': Not used on non-Windows systems
[13.457s] INFO:colcon.colcon_notification.desktop_notification:Sending desktop notification using 'notify2'
[13.457s] DEBUG:colcon.colcon_notification.desktop_notification.notify2:Failed to initialize notify2: org.freedesktop.DBus.Error.ServiceUnknown: The name org.freedesktop.Notifications was not provided by any .service files
[13.458s] DEBUG:colcon.colcon_core.event_reactor:joined thread
[13.521s] INFO:colcon.colcon_core.shell:Creating prefix script '/home/yamashita/plugins/install/local_setup.ps1'
[13.522s] INFO:colcon.colcon_core.shell:Creating prefix util module '/home/yamashita/plugins/install/_local_setup_util_ps1.py'
[13.522s] INFO:colcon.colcon_core.shell:Creating prefix chain script '/home/yamashita/plugins/install/setup.ps1'
[13.579s] INFO:colcon.colcon_core.shell:Creating prefix script '/home/yamashita/plugins/install/local_setup.sh'
[13.579s] INFO:colcon.colcon_core.shell:Creating prefix util module '/home/yamashita/plugins/install/_local_setup_util_sh.py'
[13.580s] INFO:colcon.colcon_core.shell:Creating prefix chain script '/home/yamashita/plugins/install/setup.sh'
[13.636s] INFO:colcon.colcon_core.shell:Creating prefix script '/home/yamashita/plugins/install/local_setup.bash'
[13.636s] INFO:colcon.colcon_core.shell:Creating prefix chain script '/home/yamashita/plugins/install/setup.bash'
[13.689s] INFO:colcon.colcon_core.shell:Creating prefix script '/home/yamashita/plugins/install/local_setup.zsh'
[13.690s] INFO:colcon.colcon_core.shell:Creating prefix chain script '/home/yamashita/plugins/install/setup.zsh'
