[0.897s] Invoking command in '/home/yamashita/plugins/build/motor_gazebo_plugin': CMAKE_PREFIX_PATH=${CMAKE_PREFIX_PATH}:/home/yamashita/gazebo_ws/install/ros2_first_pkg:/opt/ros/foxy /usr/bin/cmake --build /home/yamashita/plugins/build/motor_gazebo_plugin -- -j12 -l12
[0.932s] [35m[1mScanning dependencies of target motor_gazebo_plugin[0m
[0.980s] [ 50%] [32mBuilding CXX object CMakeFiles/motor_gazebo_plugin.dir/src/motor_gazebo_plugin.cpp.o[0m
[10.787s] [100%] [32m[1mLinking CXX shared library libmotor_gazebo_plugin.so[0m
[11.393s] [100%] Built target motor_gazebo_plugin
[11.402s] Invoked command in '/home/yamashita/plugins/build/motor_gazebo_plugin' returned '0': CMAKE_PREFIX_PATH=${CMAKE_PREFIX_PATH}:/home/yamashita/gazebo_ws/install/ros2_first_pkg:/opt/ros/foxy /usr/bin/cmake --build /home/yamashita/plugins/build/motor_gazebo_plugin -- -j12 -l12
[11.423s] Invoking command in '/home/yamashita/plugins/build/motor_gazebo_plugin': CMAKE_PREFIX_PATH=${CMAKE_PREFIX_PATH}:/home/yamashita/gazebo_ws/install/ros2_first_pkg:/opt/ros/foxy /usr/bin/cmake --install /home/yamashita/plugins/build/motor_gazebo_plugin
[11.429s] -- Install configuration: ""
[11.429s] -- Up-to-date: /home/yamashita/plugins/install/motor_gazebo_plugin/share/motor_gazebo_plugin/environment/library_path.sh
[11.429s] -- Up-to-date: /home/yamashita/plugins/install/motor_gazebo_plugin/share/motor_gazebo_plugin/environment/library_path.dsv
[11.429s] -- Installing: /home/yamashita/plugins/install/motor_gazebo_plugin/lib/libmotor_gazebo_plugin.so
[11.432s] -- Set runtime path of "/home/yamashita/plugins/install/motor_gazebo_plugin/lib/libmotor_gazebo_plugin.so" to ""
[11.434s] -- Up-to-date: /home/yamashita/plugins/install/motor_gazebo_plugin/share/ament_index/resource_index/package_run_dependencies/motor_gazebo_plugin
[11.434s] -- Up-to-date: /home/yamashita/plugins/install/motor_gazebo_plugin/share/ament_index/resource_index/parent_prefix_path/motor_gazebo_plugin
[11.434s] -- Up-to-date: /home/yamashita/plugins/install/motor_gazebo_plugin/share/motor_gazebo_plugin/environment/ament_prefix_path.sh
[11.434s] -- Up-to-date: /home/yamashita/plugins/install/motor_gazebo_plugin/share/motor_gazebo_plugin/environment/ament_prefix_path.dsv
[11.434s] -- Up-to-date: /home/yamashita/plugins/install/motor_gazebo_plugin/share/motor_gazebo_plugin/environment/path.sh
[11.434s] -- Up-to-date: /home/yamashita/plugins/install/motor_gazebo_plugin/share/motor_gazebo_plugin/environment/path.dsv
[11.434s] -- Up-to-date: /home/yamashita/plugins/install/motor_gazebo_plugin/share/motor_gazebo_plugin/local_setup.bash
[11.434s] -- Up-to-date: /home/yamashita/plugins/install/motor_gazebo_plugin/share/motor_gazebo_plugin/local_setup.sh
[11.434s] -- Up-to-date: /home/yamashita/plugins/install/motor_gazebo_plugin/share/motor_gazebo_plugin/local_setup.zsh
[11.434s] -- Up-to-date: /home/yamashita/plugins/install/motor_gazebo_plugin/share/motor_gazebo_plugin/local_setup.dsv
[11.434s] -- Installing: /home/yamashita/plugins/install/motor_gazebo_plugin/share/motor_gazebo_plugin/package.dsv
[11.435s] -- Up-to-date: /home/yamashita/plugins/install/motor_gazebo_plugin/share/ament_index/resource_index/packages/motor_gazebo_plugin
[11.435s] -- Up-to-date: /home/yamashita/plugins/install/motor_gazebo_plugin/share/motor_gazebo_plugin/cmake/ament_cmake_export_libraries-extras.cmake
[11.435s] -- Up-to-date: /home/yamashita/plugins/install/motor_gazebo_plugin/share/motor_gazebo_plugin/cmake/motor_gazebo_pluginConfig.cmake
[11.435s] -- Up-to-date: /home/yamashita/plugins/install/motor_gazebo_plugin/share/motor_gazebo_plugin/cmake/motor_gazebo_pluginConfig-version.cmake
[11.435s] -- Up-to-date: /home/yamashita/plugins/install/motor_gazebo_plugin/share/motor_gazebo_plugin/package.xml
[11.436s] Invoked command in '/home/yamashita/plugins/build/motor_gazebo_plugin' returned '0': CMAKE_PREFIX_PATH=${CMAKE_PREFIX_PATH}:/home/yamashita/gazebo_ws/install/ros2_first_pkg:/opt/ros/foxy /usr/bin/cmake --install /home/yamashita/plugins/build/motor_gazebo_plugin
