[4.551s] DEBUG:colcon:Command line arguments: ['/usr/bin/colcon', 'build']
[4.551s] DEBUG:colcon:Parsed command line arguments: Namespace(allow_overriding=[], ament_cmake_args=None, base_paths=['.'], build_base='build', catkin_cmake_args=None, catkin_skip_building_tests=False, cmake_args=None, cmake_clean_cache=False, cmake_clean_first=False, cmake_force_configure=False, cmake_target=None, cmake_target_skip_unavailable=False, continue_on_error=False, event_handlers=None, executor='parallel', ignore_user_meta=False, install_base='install', log_base=None, log_level=None, main=<bound method BuildVerb.main of <colcon_core.verb.build.BuildVerb object at 0x7ff9ecde28b0>>, merge_install=False, metas=['./colcon.meta'], packages_above=None, packages_above_and_dependencies=None, packages_above_depth=None, packages_end=None, packages_ignore=None, packages_ignore_regex=None, packages_select=None, packages_select_build_failed=False, packages_select_by_dep=None, packages_select_regex=None, packages_select_test_failures=False, packages_skip=None, packages_skip_build_finished=False, packages_skip_by_dep=None, packages_skip_regex=None, packages_skip_test_passed=False, packages_skip_up_to=None, packages_start=None, packages_up_to=None, packages_up_to_regex=None, parallel_workers=12, paths=None, symlink_install=False, test_result_base=None, verb_extension=<colcon_core.verb.build.BuildVerb object at 0x7ff9ecde28b0>, verb_name='build', verb_parser=<colcon_defaults.argument_parser.defaults.DefaultArgumentsDecorator object at 0x7ff9ec966cd0>)
[4.711s] Level 1:colcon.colcon_core.package_discovery:discover_packages(colcon_meta) check parameters
[4.711s] Level 1:colcon.colcon_core.package_discovery:discover_packages(recursive) check parameters
[4.711s] Level 1:colcon.colcon_core.package_discovery:discover_packages(ignore) check parameters
[4.711s] Level 1:colcon.colcon_core.package_discovery:discover_packages(path) check parameters
[4.711s] Level 1:colcon.colcon_core.package_discovery:discover_packages(colcon_meta) discover
[4.711s] Level 1:colcon.colcon_core.package_discovery:discover_packages(recursive) discover
[4.711s] INFO:colcon.colcon_core.package_discovery:Crawling recursively for packages in '/home/yamashita/plugins'
[4.711s] Level 1:colcon.colcon_core.package_identification:_identify(.) by extensions ['ignore', 'ignore_ament_install']
[4.711s] Level 1:colcon.colcon_core.package_identification:_identify(.) by extension 'ignore'
[4.711s] Level 1:colcon.colcon_core.package_identification:_identify(.) by extension 'ignore_ament_install'
[4.711s] Level 1:colcon.colcon_core.package_identification:_identify(.) by extensions ['colcon_pkg']
[4.711s] Level 1:colcon.colcon_core.package_identification:_identify(.) by extension 'colcon_pkg'
[4.711s] Level 1:colcon.colcon_core.package_identification:_identify(.) by extensions ['colcon_meta']
[4.711s] Level 1:colcon.colcon_core.package_identification:_identify(.) by extension 'colcon_meta'
[4.711s] Level 1:colcon.colcon_core.package_identification:_identify(.) by extensions ['ros']
[4.711s] Level 1:colcon.colcon_core.package_identification:_identify(.) by extension 'ros'
[4.722s] Level 1:colcon.colcon_core.package_identification:_identify(.) by extensions ['cmake', 'python']
[4.723s] Level 1:colcon.colcon_core.package_identification:_identify(.) by extension 'cmake'
[4.723s] Level 1:colcon.colcon_core.package_identification:_identify(.) by extension 'python'
[4.723s] Level 1:colcon.colcon_core.package_identification:_identify(.) by extensions ['python_setup_py']
[4.723s] Level 1:colcon.colcon_core.package_identification:_identify(.) by extension 'python_setup_py'
[4.723s] Level 1:colcon.colcon_core.package_identification:_identify(build) by extensions ['ignore', 'ignore_ament_install']
[4.723s] Level 1:colcon.colcon_core.package_identification:_identify(build) by extension 'ignore'
[4.723s] Level 1:colcon.colcon_core.package_identification:_identify(build) ignored
[4.723s] Level 1:colcon.colcon_core.package_identification:_identify(install) by extensions ['ignore', 'ignore_ament_install']
[4.723s] Level 1:colcon.colcon_core.package_identification:_identify(install) by extension 'ignore'
[4.723s] Level 1:colcon.colcon_core.package_identification:_identify(install) ignored
[4.723s] Level 1:colcon.colcon_core.package_identification:_identify(log) by extensions ['ignore', 'ignore_ament_install']
[4.723s] Level 1:colcon.colcon_core.package_identification:_identify(log) by extension 'ignore'
[4.723s] Level 1:colcon.colcon_core.package_identification:_identify(log) ignored
[4.723s] Level 1:colcon.colcon_core.package_identification:_identify(src) by extensions ['ignore', 'ignore_ament_install']
[4.723s] Level 1:colcon.colcon_core.package_identification:_identify(src) by extension 'ignore'
[4.723s] Level 1:colcon.colcon_core.package_identification:_identify(src) by extension 'ignore_ament_install'
[4.724s] Level 1:colcon.colcon_core.package_identification:_identify(src) by extensions ['colcon_pkg']
[4.724s] Level 1:colcon.colcon_core.package_identification:_identify(src) by extension 'colcon_pkg'
[4.724s] Level 1:colcon.colcon_core.package_identification:_identify(src) by extensions ['colcon_meta']
[4.724s] Level 1:colcon.colcon_core.package_identification:_identify(src) by extension 'colcon_meta'
[4.724s] Level 1:colcon.colcon_core.package_identification:_identify(src) by extensions ['ros']
[4.724s] Level 1:colcon.colcon_core.package_identification:_identify(src) by extension 'ros'
[4.724s] Level 1:colcon.colcon_core.package_identification:_identify(src) by extensions ['cmake', 'python']
[4.724s] Level 1:colcon.colcon_core.package_identification:_identify(src) by extension 'cmake'
[4.724s] Level 1:colcon.colcon_core.package_identification:_identify(src) by extension 'python'
[4.724s] Level 1:colcon.colcon_core.package_identification:_identify(src) by extensions ['python_setup_py']
[4.724s] Level 1:colcon.colcon_core.package_identification:_identify(src) by extension 'python_setup_py'
[4.724s] Level 1:colcon.colcon_core.package_identification:_identify(src/motor_gazebo_plugin) by extensions ['ignore', 'ignore_ament_install']
[4.724s] Level 1:colcon.colcon_core.package_identification:_identify(src/motor_gazebo_plugin) by extension 'ignore'
[4.724s] Level 1:colcon.colcon_core.package_identification:_identify(src/motor_gazebo_plugin) by extension 'ignore_ament_install'
[4.724s] Level 1:colcon.colcon_core.package_identification:_identify(src/motor_gazebo_plugin) by extensions ['colcon_pkg']
[4.724s] Level 1:colcon.colcon_core.package_identification:_identify(src/motor_gazebo_plugin) by extension 'colcon_pkg'
[4.724s] Level 1:colcon.colcon_core.package_identification:_identify(src/motor_gazebo_plugin) by extensions ['colcon_meta']
[4.724s] Level 1:colcon.colcon_core.package_identification:_identify(src/motor_gazebo_plugin) by extension 'colcon_meta'
[4.724s] Level 1:colcon.colcon_core.package_identification:_identify(src/motor_gazebo_plugin) by extensions ['ros']
[4.724s] Level 1:colcon.colcon_core.package_identification:_identify(src/motor_gazebo_plugin) by extension 'ros'
[4.728s] DEBUG:colcon.colcon_core.package_identification:Package 'src/motor_gazebo_plugin' with type 'ros.ament_cmake' and name 'motor_gazebo_plugin'
[4.728s] Level 1:colcon.colcon_core.package_identification:_identify(src/sample_gazebo) by extensions ['ignore', 'ignore_ament_install']
[4.728s] Level 1:colcon.colcon_core.package_identification:_identify(src/sample_gazebo) by extension 'ignore'
[4.728s] Level 1:colcon.colcon_core.package_identification:_identify(src/sample_gazebo) by extension 'ignore_ament_install'
[4.728s] Level 1:colcon.colcon_core.package_identification:_identify(src/sample_gazebo) by extensions ['colcon_pkg']
[4.728s] Level 1:colcon.colcon_core.package_identification:_identify(src/sample_gazebo) by extension 'colcon_pkg'
[4.728s] Level 1:colcon.colcon_core.package_identification:_identify(src/sample_gazebo) by extensions ['colcon_meta']
[4.728s] Level 1:colcon.colcon_core.package_identification:_identify(src/sample_gazebo) by extension 'colcon_meta'
[4.728s] Level 1:colcon.colcon_core.package_identification:_identify(src/sample_gazebo) by extensions ['ros']
[4.728s] Level 1:colcon.colcon_core.package_identification:_identify(src/sample_gazebo) by extension 'ros'
[4.728s] DEBUG:colcon.colcon_core.package_identification:Package 'src/sample_gazebo' with type 'ros.ament_cmake' and name 'sample_gazebo'
[4.729s] Level 1:colcon.colcon_core.package_discovery:discover_packages(recursive) using defaults
[4.729s] Level 1:colcon.colcon_core.package_discovery:discover_packages(ignore) discover
[4.729s] Level 1:colcon.colcon_core.package_discovery:discover_packages(ignore) using defaults
[4.729s] Level 1:colcon.colcon_core.package_discovery:discover_packages(path) discover
[4.729s] Level 1:colcon.colcon_core.package_discovery:discover_packages(path) using defaults
[5.100s] Level 1:colcon.colcon_core.package_discovery:discover_packages(prefix_path) check parameters
[5.100s] Level 1:colcon.colcon_core.package_discovery:discover_packages(prefix_path) discover
[5.257s] DEBUG:colcon.colcon_installed_package_information.package_discovery:Found 1 installed packages in /home/yamashita/auto_robot_ws/install
[5.342s] DEBUG:colcon.colcon_installed_package_information.package_discovery:Found 2 installed packages in /home/yamashita/plugins/install
[5.423s] DEBUG:colcon.colcon_installed_package_information.package_discovery:Found 5 installed packages in /home/yamashita/pra_plugin/install
[5.501s] DEBUG:colcon.colcon_installed_package_information.package_discovery:Found 1 installed packages in /home/yamashita/gazebo_ws/install
[5.577s] DEBUG:colcon.colcon_installed_package_information.package_discovery:Found 0 installed packages in /home/yamashita/ros2_ws/install
[5.662s] DEBUG:colcon.colcon_installed_package_information.package_discovery:Found 290 installed packages in /opt/ros/foxy
[5.663s] Level 1:colcon.colcon_core.package_discovery:discover_packages(prefix_path) using defaults
[5.890s] Level 5:colcon.colcon_core.verb:set package 'motor_gazebo_plugin' build argument 'cmake_args' from command line to 'None'
[5.890s] Level 5:colcon.colcon_core.verb:set package 'motor_gazebo_plugin' build argument 'cmake_target' from command line to 'None'
[5.890s] Level 5:colcon.colcon_core.verb:set package 'motor_gazebo_plugin' build argument 'cmake_target_skip_unavailable' from command line to 'False'
[5.890s] Level 5:colcon.colcon_core.verb:set package 'motor_gazebo_plugin' build argument 'cmake_clean_cache' from command line to 'False'
[5.890s] Level 5:colcon.colcon_core.verb:set package 'motor_gazebo_plugin' build argument 'cmake_clean_first' from command line to 'False'
[5.890s] Level 5:colcon.colcon_core.verb:set package 'motor_gazebo_plugin' build argument 'cmake_force_configure' from command line to 'False'
[5.890s] Level 5:colcon.colcon_core.verb:set package 'motor_gazebo_plugin' build argument 'ament_cmake_args' from command line to 'None'
[5.890s] Level 5:colcon.colcon_core.verb:set package 'motor_gazebo_plugin' build argument 'catkin_cmake_args' from command line to 'None'
[5.890s] Level 5:colcon.colcon_core.verb:set package 'motor_gazebo_plugin' build argument 'catkin_skip_building_tests' from command line to 'False'
[5.890s] DEBUG:colcon.colcon_core.verb:Building package 'motor_gazebo_plugin' with the following arguments: {'ament_cmake_args': None, 'build_base': '/home/yamashita/plugins/build/motor_gazebo_plugin', 'catkin_cmake_args': None, 'catkin_skip_building_tests': False, 'cmake_args': None, 'cmake_clean_cache': False, 'cmake_clean_first': False, 'cmake_force_configure': False, 'cmake_target': None, 'cmake_target_skip_unavailable': False, 'install_base': '/home/yamashita/plugins/install/motor_gazebo_plugin', 'merge_install': False, 'path': '/home/yamashita/plugins/src/motor_gazebo_plugin', 'symlink_install': False, 'test_result_base': None}
[5.965s] Level 5:colcon.colcon_core.verb:set package 'sample_gazebo' build argument 'cmake_args' from command line to 'None'
[5.965s] Level 5:colcon.colcon_core.verb:set package 'sample_gazebo' build argument 'cmake_target' from command line to 'None'
[5.965s] Level 5:colcon.colcon_core.verb:set package 'sample_gazebo' build argument 'cmake_target_skip_unavailable' from command line to 'False'
[5.965s] Level 5:colcon.colcon_core.verb:set package 'sample_gazebo' build argument 'cmake_clean_cache' from command line to 'False'
[5.965s] Level 5:colcon.colcon_core.verb:set package 'sample_gazebo' build argument 'cmake_clean_first' from command line to 'False'
[5.965s] Level 5:colcon.colcon_core.verb:set package 'sample_gazebo' build argument 'cmake_force_configure' from command line to 'False'
[5.965s] Level 5:colcon.colcon_core.verb:set package 'sample_gazebo' build argument 'ament_cmake_args' from command line to 'None'
[5.965s] Level 5:colcon.colcon_core.verb:set package 'sample_gazebo' build argument 'catkin_cmake_args' from command line to 'None'
[5.965s] Level 5:colcon.colcon_core.verb:set package 'sample_gazebo' build argument 'catkin_skip_building_tests' from command line to 'False'
[5.965s] DEBUG:colcon.colcon_core.verb:Building package 'sample_gazebo' with the following arguments: {'ament_cmake_args': None, 'build_base': '/home/yamashita/plugins/build/sample_gazebo', 'catkin_cmake_args': None, 'catkin_skip_building_tests': False, 'cmake_args': None, 'cmake_clean_cache': False, 'cmake_clean_first': False, 'cmake_force_configure': False, 'cmake_target': None, 'cmake_target_skip_unavailable': False, 'install_base': '/home/yamashita/plugins/install/sample_gazebo', 'merge_install': False, 'path': '/home/yamashita/plugins/src/sample_gazebo', 'symlink_install': False, 'test_result_base': None}
[6.033s] INFO:colcon.colcon_core.executor:Executing jobs using 'parallel' executor
[6.111s] DEBUG:colcon.colcon_parallel_executor.executor.parallel:run_until_complete
[6.111s] INFO:colcon.colcon_ros.task.ament_cmake.build:Building ROS package in '/home/yamashita/plugins/src/motor_gazebo_plugin' with build type 'ament_cmake'
[6.111s] INFO:colcon.colcon_cmake.task.cmake.build:Building CMake package in '/home/yamashita/plugins/src/motor_gazebo_plugin'
[6.213s] INFO:colcon.colcon_core.plugin_system:Skipping extension 'colcon_core.shell.bat': Not used on non-Windows systems
[6.213s] INFO:colcon.colcon_core.shell:Skip shell extension 'powershell' for command environment: Not usable outside of PowerShell
[6.213s] DEBUG:colcon.colcon_core.shell:Skip shell extension 'dsv' for command environment
[6.790s] INFO:colcon.colcon_ros.task.ament_cmake.build:Building ROS package in '/home/yamashita/plugins/src/sample_gazebo' with build type 'ament_cmake'
[6.790s] INFO:colcon.colcon_cmake.task.cmake.build:Building CMake package in '/home/yamashita/plugins/src/sample_gazebo'
[6.877s] INFO:colcon.colcon_core.shell:Skip shell extension 'powershell' for command environment: Not usable outside of PowerShell
[6.878s] DEBUG:colcon.colcon_core.shell:Skip shell extension 'dsv' for command environment
[7.461s] DEBUG:colcon.colcon_core.event_handler.log_command:Invoking command in '/home/yamashita/plugins/build/motor_gazebo_plugin': CMAKE_PREFIX_PATH=${CMAKE_PREFIX_PATH}:/home/yamashita/gazebo_ws/install/ros2_first_pkg:/opt/ros/foxy /usr/bin/cmake --build /home/yamashita/plugins/build/motor_gazebo_plugin -- -j12 -l12
[7.472s] DEBUG:colcon.colcon_core.event_handler.log_command:Invoking command in '/home/yamashita/plugins/build/sample_gazebo': CMAKE_PREFIX_PATH=${CMAKE_PREFIX_PATH}:/home/yamashita/gazebo_ws/install/ros2_first_pkg:/opt/ros/foxy /usr/bin/cmake --build /home/yamashita/plugins/build/sample_gazebo -- -j12 -l12
[7.517s] DEBUG:colcon.colcon_core.event_handler.log_command:Invoked command in '/home/yamashita/plugins/build/sample_gazebo' returned '0': CMAKE_PREFIX_PATH=${CMAKE_PREFIX_PATH}:/home/yamashita/gazebo_ws/install/ros2_first_pkg:/opt/ros/foxy /usr/bin/cmake --build /home/yamashita/plugins/build/sample_gazebo -- -j12 -l12
[7.563s] DEBUG:colcon.colcon_core.event_handler.log_command:Invoking command in '/home/yamashita/plugins/build/sample_gazebo': CMAKE_PREFIX_PATH=${CMAKE_PREFIX_PATH}:/home/yamashita/gazebo_ws/install/ros2_first_pkg:/opt/ros/foxy /usr/bin/cmake --install /home/yamashita/plugins/build/sample_gazebo
[7.579s] Level 1:colcon.colcon_core.environment:create_environment_scripts_only(sample_gazebo)
[7.580s] DEBUG:colcon.colcon_core.event_handler.log_command:Invoked command in '/home/yamashita/plugins/build/sample_gazebo' returned '0': CMAKE_PREFIX_PATH=${CMAKE_PREFIX_PATH}:/home/yamashita/gazebo_ws/install/ros2_first_pkg:/opt/ros/foxy /usr/bin/cmake --install /home/yamashita/plugins/build/sample_gazebo
[7.694s] Level 1:colcon.colcon_core.environment:checking '/home/yamashita/plugins/install/sample_gazebo' for CMake module files
[7.695s] Level 1:colcon.colcon_core.environment:checking '/home/yamashita/plugins/install/sample_gazebo' for CMake config files
[7.695s] Level 1:colcon.colcon_core.shell:create_environment_hook('sample_gazebo', 'cmake_prefix_path')
[7.801s] INFO:colcon.colcon_core.shell:Creating environment hook '/home/yamashita/plugins/install/sample_gazebo/share/sample_gazebo/hook/cmake_prefix_path.ps1'
[7.802s] INFO:colcon.colcon_core.shell:Creating environment descriptor '/home/yamashita/plugins/install/sample_gazebo/share/sample_gazebo/hook/cmake_prefix_path.dsv'
[7.803s] INFO:colcon.colcon_core.shell:Creating environment hook '/home/yamashita/plugins/install/sample_gazebo/share/sample_gazebo/hook/cmake_prefix_path.sh'
[7.804s] Level 1:colcon.colcon_core.environment:checking '/home/yamashita/plugins/install/sample_gazebo/bin'
[7.804s] Level 1:colcon.colcon_core.environment:checking '/home/yamashita/plugins/install/sample_gazebo/lib/pkgconfig/sample_gazebo.pc'
[7.804s] Level 1:colcon.colcon_core.environment:checking '/home/yamashita/plugins/install/sample_gazebo/lib/python3.8/site-packages'
[7.805s] Level 1:colcon.colcon_core.environment:checking '/home/yamashita/plugins/install/sample_gazebo/bin'
[7.898s] INFO:colcon.colcon_core.shell:Creating package script '/home/yamashita/plugins/install/sample_gazebo/share/sample_gazebo/package.ps1'
[7.899s] INFO:colcon.colcon_core.shell:Creating package descriptor '/home/yamashita/plugins/install/sample_gazebo/share/sample_gazebo/package.dsv'
[7.899s] INFO:colcon.colcon_core.shell:Creating package script '/home/yamashita/plugins/install/sample_gazebo/share/sample_gazebo/package.sh'
[7.900s] INFO:colcon.colcon_core.shell:Creating package script '/home/yamashita/plugins/install/sample_gazebo/share/sample_gazebo/package.bash'
[7.901s] INFO:colcon.colcon_core.shell:Creating package script '/home/yamashita/plugins/install/sample_gazebo/share/sample_gazebo/package.zsh'
[7.901s] Level 1:colcon.colcon_core.environment:create_file_with_runtime_dependencies(/home/yamashita/plugins/install/sample_gazebo/share/colcon-core/packages/sample_gazebo)
[8.030s] Level 1:colcon.colcon_core.environment:create_environment_scripts_only(sample_gazebo)
[8.140s] Level 1:colcon.colcon_core.environment:checking '/home/yamashita/plugins/install/sample_gazebo' for CMake module files
[8.140s] Level 1:colcon.colcon_core.environment:checking '/home/yamashita/plugins/install/sample_gazebo' for CMake config files
[8.141s] Level 1:colcon.colcon_core.shell:create_environment_hook('sample_gazebo', 'cmake_prefix_path')
[8.242s] INFO:colcon.colcon_core.shell:Creating environment hook '/home/yamashita/plugins/install/sample_gazebo/share/sample_gazebo/hook/cmake_prefix_path.ps1'
[8.242s] INFO:colcon.colcon_core.shell:Creating environment descriptor '/home/yamashita/plugins/install/sample_gazebo/share/sample_gazebo/hook/cmake_prefix_path.dsv'
[8.243s] INFO:colcon.colcon_core.shell:Creating environment hook '/home/yamashita/plugins/install/sample_gazebo/share/sample_gazebo/hook/cmake_prefix_path.sh'
[8.243s] Level 1:colcon.colcon_core.environment:checking '/home/yamashita/plugins/install/sample_gazebo/bin'
[8.244s] Level 1:colcon.colcon_core.environment:checking '/home/yamashita/plugins/install/sample_gazebo/lib/pkgconfig/sample_gazebo.pc'
[8.244s] Level 1:colcon.colcon_core.environment:checking '/home/yamashita/plugins/install/sample_gazebo/lib/python3.8/site-packages'
[8.244s] Level 1:colcon.colcon_core.environment:checking '/home/yamashita/plugins/install/sample_gazebo/bin'
[8.346s] INFO:colcon.colcon_core.shell:Creating package script '/home/yamashita/plugins/install/sample_gazebo/share/sample_gazebo/package.ps1'
[8.347s] INFO:colcon.colcon_core.shell:Creating package descriptor '/home/yamashita/plugins/install/sample_gazebo/share/sample_gazebo/package.dsv'
[8.347s] INFO:colcon.colcon_core.shell:Creating package script '/home/yamashita/plugins/install/sample_gazebo/share/sample_gazebo/package.sh'
[8.348s] INFO:colcon.colcon_core.shell:Creating package script '/home/yamashita/plugins/install/sample_gazebo/share/sample_gazebo/package.bash'
[8.348s] INFO:colcon.colcon_core.shell:Creating package script '/home/yamashita/plugins/install/sample_gazebo/share/sample_gazebo/package.zsh'
[8.348s] Level 1:colcon.colcon_core.environment:create_file_with_runtime_dependencies(/home/yamashita/plugins/install/sample_gazebo/share/colcon-core/packages/sample_gazebo)
[24.248s] DEBUG:colcon.colcon_core.event_handler.log_command:Invoked command in '/home/yamashita/plugins/build/motor_gazebo_plugin' returned '0': CMAKE_PREFIX_PATH=${CMAKE_PREFIX_PATH}:/home/yamashita/gazebo_ws/install/ros2_first_pkg:/opt/ros/foxy /usr/bin/cmake --build /home/yamashita/plugins/build/motor_gazebo_plugin -- -j12 -l12
[24.292s] DEBUG:colcon.colcon_core.event_handler.log_command:Invoking command in '/home/yamashita/plugins/build/motor_gazebo_plugin': CMAKE_PREFIX_PATH=${CMAKE_PREFIX_PATH}:/home/yamashita/gazebo_ws/install/ros2_first_pkg:/opt/ros/foxy /usr/bin/cmake --install /home/yamashita/plugins/build/motor_gazebo_plugin
[24.314s] Level 1:colcon.colcon_core.environment:create_environment_scripts_only(motor_gazebo_plugin)
[24.315s] DEBUG:colcon.colcon_core.event_handler.log_command:Invoked command in '/home/yamashita/plugins/build/motor_gazebo_plugin' returned '0': CMAKE_PREFIX_PATH=${CMAKE_PREFIX_PATH}:/home/yamashita/gazebo_ws/install/ros2_first_pkg:/opt/ros/foxy /usr/bin/cmake --install /home/yamashita/plugins/build/motor_gazebo_plugin
[24.431s] Level 1:colcon.colcon_core.environment:checking '/home/yamashita/plugins/install/motor_gazebo_plugin' for CMake module files
[24.431s] Level 1:colcon.colcon_core.environment:checking '/home/yamashita/plugins/install/motor_gazebo_plugin' for CMake config files
[24.432s] Level 1:colcon.colcon_core.shell:create_environment_hook('motor_gazebo_plugin', 'cmake_prefix_path')
[24.541s] INFO:colcon.colcon_core.shell:Creating environment hook '/home/yamashita/plugins/install/motor_gazebo_plugin/share/motor_gazebo_plugin/hook/cmake_prefix_path.ps1'
[24.542s] INFO:colcon.colcon_core.shell:Creating environment descriptor '/home/yamashita/plugins/install/motor_gazebo_plugin/share/motor_gazebo_plugin/hook/cmake_prefix_path.dsv'
[24.543s] INFO:colcon.colcon_core.shell:Creating environment hook '/home/yamashita/plugins/install/motor_gazebo_plugin/share/motor_gazebo_plugin/hook/cmake_prefix_path.sh'
[24.544s] Level 1:colcon.colcon_core.environment:checking '/home/yamashita/plugins/install/motor_gazebo_plugin/lib'
[24.545s] Level 1:colcon.colcon_core.shell:create_environment_hook('motor_gazebo_plugin', 'ld_library_path_lib')
[24.655s] INFO:colcon.colcon_core.shell:Creating environment hook '/home/yamashita/plugins/install/motor_gazebo_plugin/share/motor_gazebo_plugin/hook/ld_library_path_lib.ps1'
[24.656s] INFO:colcon.colcon_core.shell:Creating environment descriptor '/home/yamashita/plugins/install/motor_gazebo_plugin/share/motor_gazebo_plugin/hook/ld_library_path_lib.dsv'
[24.656s] INFO:colcon.colcon_core.shell:Creating environment hook '/home/yamashita/plugins/install/motor_gazebo_plugin/share/motor_gazebo_plugin/hook/ld_library_path_lib.sh'
[24.657s] Level 1:colcon.colcon_core.environment:checking '/home/yamashita/plugins/install/motor_gazebo_plugin/bin'
[24.657s] Level 1:colcon.colcon_core.environment:checking '/home/yamashita/plugins/install/motor_gazebo_plugin/lib/pkgconfig/motor_gazebo_plugin.pc'
[24.657s] Level 1:colcon.colcon_core.environment:checking '/home/yamashita/plugins/install/motor_gazebo_plugin/lib/python3.8/site-packages'
[24.657s] Level 1:colcon.colcon_core.environment:checking '/home/yamashita/plugins/install/motor_gazebo_plugin/bin'
[24.757s] INFO:colcon.colcon_core.shell:Creating package script '/home/yamashita/plugins/install/motor_gazebo_plugin/share/motor_gazebo_plugin/package.ps1'
[24.758s] INFO:colcon.colcon_core.shell:Creating package descriptor '/home/yamashita/plugins/install/motor_gazebo_plugin/share/motor_gazebo_plugin/package.dsv'
[24.759s] INFO:colcon.colcon_core.shell:Creating package script '/home/yamashita/plugins/install/motor_gazebo_plugin/share/motor_gazebo_plugin/package.sh'
[24.759s] INFO:colcon.colcon_core.shell:Creating package script '/home/yamashita/plugins/install/motor_gazebo_plugin/share/motor_gazebo_plugin/package.bash'
[24.759s] INFO:colcon.colcon_core.shell:Creating package script '/home/yamashita/plugins/install/motor_gazebo_plugin/share/motor_gazebo_plugin/package.zsh'
[24.760s] Level 1:colcon.colcon_core.environment:create_file_with_runtime_dependencies(/home/yamashita/plugins/install/motor_gazebo_plugin/share/colcon-core/packages/motor_gazebo_plugin)
[24.907s] Level 1:colcon.colcon_core.environment:create_environment_scripts_only(motor_gazebo_plugin)
[25.038s] Level 1:colcon.colcon_core.environment:checking '/home/yamashita/plugins/install/motor_gazebo_plugin' for CMake module files
[25.039s] Level 1:colcon.colcon_core.environment:checking '/home/yamashita/plugins/install/motor_gazebo_plugin' for CMake config files
[25.039s] Level 1:colcon.colcon_core.shell:create_environment_hook('motor_gazebo_plugin', 'cmake_prefix_path')
[25.166s] INFO:colcon.colcon_core.shell:Creating environment hook '/home/yamashita/plugins/install/motor_gazebo_plugin/share/motor_gazebo_plugin/hook/cmake_prefix_path.ps1'
[25.166s] INFO:colcon.colcon_core.shell:Creating environment descriptor '/home/yamashita/plugins/install/motor_gazebo_plugin/share/motor_gazebo_plugin/hook/cmake_prefix_path.dsv'
[25.167s] INFO:colcon.colcon_core.shell:Creating environment hook '/home/yamashita/plugins/install/motor_gazebo_plugin/share/motor_gazebo_plugin/hook/cmake_prefix_path.sh'
[25.168s] Level 1:colcon.colcon_core.environment:checking '/home/yamashita/plugins/install/motor_gazebo_plugin/lib'
[25.168s] Level 1:colcon.colcon_core.shell:create_environment_hook('motor_gazebo_plugin', 'ld_library_path_lib')
[25.282s] INFO:colcon.colcon_core.shell:Creating environment hook '/home/yamashita/plugins/install/motor_gazebo_plugin/share/motor_gazebo_plugin/hook/ld_library_path_lib.ps1'
[25.283s] INFO:colcon.colcon_core.shell:Creating environment descriptor '/home/yamashita/plugins/install/motor_gazebo_plugin/share/motor_gazebo_plugin/hook/ld_library_path_lib.dsv'
[25.283s] INFO:colcon.colcon_core.shell:Creating environment hook '/home/yamashita/plugins/install/motor_gazebo_plugin/share/motor_gazebo_plugin/hook/ld_library_path_lib.sh'
[25.283s] Level 1:colcon.colcon_core.environment:checking '/home/yamashita/plugins/install/motor_gazebo_plugin/bin'
[25.283s] Level 1:colcon.colcon_core.environment:checking '/home/yamashita/plugins/install/motor_gazebo_plugin/lib/pkgconfig/motor_gazebo_plugin.pc'
[25.284s] Level 1:colcon.colcon_core.environment:checking '/home/yamashita/plugins/install/motor_gazebo_plugin/lib/python3.8/site-packages'
[25.284s] Level 1:colcon.colcon_core.environment:checking '/home/yamashita/plugins/install/motor_gazebo_plugin/bin'
[25.374s] INFO:colcon.colcon_core.shell:Creating package script '/home/yamashita/plugins/install/motor_gazebo_plugin/share/motor_gazebo_plugin/package.ps1'
[25.375s] INFO:colcon.colcon_core.shell:Creating package descriptor '/home/yamashita/plugins/install/motor_gazebo_plugin/share/motor_gazebo_plugin/package.dsv'
[25.375s] INFO:colcon.colcon_core.shell:Creating package script '/home/yamashita/plugins/install/motor_gazebo_plugin/share/motor_gazebo_plugin/package.sh'
[25.376s] INFO:colcon.colcon_core.shell:Creating package script '/home/yamashita/plugins/install/motor_gazebo_plugin/share/motor_gazebo_plugin/package.bash'
[25.376s] INFO:colcon.colcon_core.shell:Creating package script '/home/yamashita/plugins/install/motor_gazebo_plugin/share/motor_gazebo_plugin/package.zsh'
[25.377s] Level 1:colcon.colcon_core.environment:create_file_with_runtime_dependencies(/home/yamashita/plugins/install/motor_gazebo_plugin/share/colcon-core/packages/motor_gazebo_plugin)
[25.377s] DEBUG:colcon.colcon_parallel_executor.executor.parallel:closing loop
[25.378s] DEBUG:colcon.colcon_parallel_executor.executor.parallel:loop closed
[25.378s] DEBUG:colcon.colcon_parallel_executor.executor.parallel:run_until_complete finished with '0'
[25.378s] DEBUG:colcon.colcon_core.event_reactor:joining thread
[25.516s] INFO:colcon.colcon_core.plugin_system:Skipping extension 'colcon_notification.desktop_notification.notify_send': Could not find 'notify-send'
[25.516s] INFO:colcon.colcon_core.plugin_system:Skipping extension 'colcon_notification.desktop_notification.terminal_notifier': Not used on non-Darwin systems
[25.516s] INFO:colcon.colcon_core.plugin_system:Skipping extension 'colcon_notification.desktop_notification.win32': Not used on non-Windows systems
[25.517s] INFO:colcon.colcon_notification.desktop_notification:Sending desktop notification using 'notify2'
[25.519s] DEBUG:colcon.colcon_notification.desktop_notification.notify2:Failed to initialize notify2: org.freedesktop.DBus.Error.ServiceUnknown: The name org.freedesktop.Notifications was not provided by any .service files
[25.520s] DEBUG:colcon.colcon_core.event_reactor:joined thread
[25.615s] INFO:colcon.colcon_core.shell:Creating prefix script '/home/yamashita/plugins/install/local_setup.ps1'
[25.617s] INFO:colcon.colcon_core.shell:Creating prefix util module '/home/yamashita/plugins/install/_local_setup_util_ps1.py'
[25.618s] INFO:colcon.colcon_core.shell:Creating prefix chain script '/home/yamashita/plugins/install/setup.ps1'
[25.712s] INFO:colcon.colcon_core.shell:Creating prefix script '/home/yamashita/plugins/install/local_setup.sh'
[25.713s] INFO:colcon.colcon_core.shell:Creating prefix util module '/home/yamashita/plugins/install/_local_setup_util_sh.py'
[25.713s] INFO:colcon.colcon_core.shell:Creating prefix chain script '/home/yamashita/plugins/install/setup.sh'
[25.796s] INFO:colcon.colcon_core.shell:Creating prefix script '/home/yamashita/plugins/install/local_setup.bash'
[25.796s] INFO:colcon.colcon_core.shell:Creating prefix chain script '/home/yamashita/plugins/install/setup.bash'
[25.895s] INFO:colcon.colcon_core.shell:Creating prefix script '/home/yamashita/plugins/install/local_setup.zsh'
[25.895s] INFO:colcon.colcon_core.shell:Creating prefix chain script '/home/yamashita/plugins/install/setup.zsh'
