[0.345s] Invoking command in '/home/yamashita/plugins/build/motor_gazebo_plugin': CMAKE_PREFIX_PATH=${CMAKE_PREFIX_PATH}:/home/yamashita/gazebo_ws/install/ros2_first_pkg:/opt/ros/foxy /usr/bin/cmake --build /home/yamashita/plugins/build/motor_gazebo_plugin -- -j12 -l12
[0.364s] -- Found ament_cmake: 0.9.12 (/opt/ros/foxy/share/ament_cmake/cmake)
[0.381s] -- Using PYTHON_EXECUTABLE: /usr/bin/python3
[0.491s] -- Found ament_lint_auto: 0.9.8 (/opt/ros/foxy/share/ament_lint_auto/cmake)
[0.536s] -- Found gazebo_ros: 3.5.3 (/opt/ros/foxy/share/gazebo_ros/cmake)
[0.728s] -- Using all available rosidl_typesupport_c: rosidl_typesupport_fastrtps_c;rosidl_typesupport_introspection_c
[0.730s] -- Found rosidl_adapter: 1.3.1 (/opt/ros/foxy/share/rosidl_adapter/cmake)
[4.914s] -- Using all available rosidl_typesupport_cpp: rosidl_typesupport_fastrtps_cpp;rosidl_typesupport_introspection_cpp
[4.949s] -- Found rmw_implementation_cmake: 1.0.4 (/opt/ros/foxy/share/rmw_implementation_cmake/cmake)
[4.951s] -- Using RMW implementation 'rmw_fastrtps_cpp' as default
[5.881s] -- Found DART: /usr/include (Required is at least version "6.6") found components: dart 
[5.904s] -- Found Protobuf: /usr/lib/x86_64-linux-gnu/libprotobuf.so;-lpthread (found version "3.6.1") 
[5.906s] -- Looking for ignition-math6 -- found version 6.15.1
[5.910s] -- Searching for dependencies of ignition-math6
[5.911s] -- Looking for OGRE...
[5.915s] -- Found Ogre Ghadamon (1.9.0)
[5.915s] -- Found OGRE: optimized;/usr/lib/x86_64-linux-gnu/libOgreMain.so;debug;/usr/lib/x86_64-linux-gnu/libOgreMain.so
[5.924s] -- Looking for OGRE_Paging...
[5.924s] -- Found OGRE_Paging: optimized;/usr/lib/x86_64-linux-gnu/libOgrePaging.so;debug;/usr/lib/x86_64-linux-gnu/libOgrePaging.so
[5.925s] -- Looking for OGRE_Terrain...
[5.925s] -- Found OGRE_Terrain: optimized;/usr/lib/x86_64-linux-gnu/libOgreTerrain.so;debug;/usr/lib/x86_64-linux-gnu/libOgreTerrain.so
[5.925s] -- Looking for OGRE_Property...
[5.925s] -- Found OGRE_Property: optimized;/usr/lib/x86_64-linux-gnu/libOgreProperty.so;debug;/usr/lib/x86_64-linux-gnu/libOgreProperty.so
[5.925s] -- Looking for OGRE_RTShaderSystem...
[5.925s] -- Found OGRE_RTShaderSystem: optimized;/usr/lib/x86_64-linux-gnu/libOgreRTShaderSystem.so;debug;/usr/lib/x86_64-linux-gnu/libOgreRTShaderSystem.so
[5.926s] -- Looking for OGRE_Volume...
[5.926s] -- Found OGRE_Volume: optimized;/usr/lib/x86_64-linux-gnu/libOgreVolume.so;debug;/usr/lib/x86_64-linux-gnu/libOgreVolume.so
[5.926s] -- Looking for OGRE_Overlay...
[5.926s] -- Found OGRE_Overlay: optimized;/usr/lib/x86_64-linux-gnu/libOgreOverlay.so;debug;/usr/lib/x86_64-linux-gnu/libOgreOverlay.so
[20.466s] -- Looking for ignition-math6 -- found version 6.15.1
[20.466s] -- Looking for ignition-transport8 -- found version 8.5.0
[20.467s] -- Searching for dependencies of ignition-transport8
[21.619s] -- Config-file not installed for ZeroMQ -- checking for pkg-config
[21.623s] -- Checking for module 'libzmq >= 4'
[21.634s] --   Found libzmq , version 4.3.2
[21.666s] -- Checking for module 'uuid'
[21.676s] --   Found uuid, version 2.34.0
[21.701s] -- Looking for ignition-msgs5 -- found version 5.11.0
[21.701s] -- Searching for dependencies of ignition-msgs5
[23.100s] -- Found Protobuf: /usr/lib/x86_64-linux-gnu/libprotobuf.so;-lpthread (found suitable version "3.6.1", minimum required is "3") 
[23.101s] -- Looking for ignition-math6 -- found version 6.15.1
[23.105s] -- Checking for module 'tinyxml2'
[23.114s] --   Found tinyxml2, version 6.2.0
[23.139s] -- Looking for ignition-msgs5 -- found version 5.11.0
[23.140s] -- Looking for ignition-common3 -- found version 3.17.0
[23.140s] -- Searching for dependencies of ignition-common3
[23.140s] -- Looking for dlfcn.h - found
[23.140s] -- Looking for libdl - found
[23.335s] -- Searching for <ignition-common3> component [graphics]
[23.335s] -- Looking for ignition-common3-graphics -- found version 3.17.0
[23.336s] -- Searching for dependencies of ignition-common3-graphics
[23.336s] -- Looking for ignition-math6 -- found version 6.15.1
[23.337s] -- Looking for ignition-fuel_tools4 -- found version 4.9.1
[23.337s] -- Searching for dependencies of ignition-fuel_tools4
[23.577s] -- Checking for module 'jsoncpp'
[23.586s] --   Found jsoncpp, version 1.7.4
[23.612s] -- Checking for module 'libzip'
[23.625s] --   Found libzip, version 1.5.1
[23.653s] -- Looking for ignition-common3 -- found version 3.17.0
[23.654s] -- Looking for ignition-math6 -- found version 6.15.1
[23.654s] -- Looking for ignition-msgs5 -- found version 5.11.0
[23.655s] -- Gazebo version: 11.14
[23.659s] -- Found gazebo_msgs: 3.5.3 (/opt/ros/foxy/share/gazebo_msgs/cmake)
[23.849s] -- Added test 'copyright' to check source files copyright and LICENSE
[23.850s] -- Added test 'cppcheck' to perform static code analysis on C / C++ code
[23.850s] -- Configured cppcheck include dirs: /home/yamashita/plugins/src/motor_gazebo_plugin/include
[23.850s] -- Configured cppcheck exclude dirs and/or files: 
[23.851s] -- Added test 'cpplint' to check C / C++ code against the Google style
[23.852s] -- Configured cpplint exclude dirs and/or files: 
[23.852s] -- Added test 'lint_cmake' to check CMake code style
[23.853s] -- Added test 'uncrustify' to check C / C++ code style
[23.853s] -- Configured uncrustify additional arguments: 
[23.853s] -- Added test 'xmllint' to check XML markup files
[23.856s] -- Configuring done
[23.876s] -- Generating done
[23.914s] -- Build files have been written to: /home/yamashita/plugins/build/motor_gazebo_plugin
[23.941s] [35m[1mScanning dependencies of target motor_gazebo_plugin[0m
[23.988s] [ 50%] [32mBuilding CXX object CMakeFiles/motor_gazebo_plugin.dir/src/motor_gazebo_plugin.cpp.o[0m
[28.217s] In file included from [01m[K/opt/ros/foxy/include/rclcpp/client.hpp:32[m[K,
[28.217s]                  from [01m[K/opt/ros/foxy/include/rclcpp/callback_group.hpp:23[m[K,
[28.217s]                  from [01m[K/opt/ros/foxy/include/rclcpp/any_executable.hpp:20[m[K,
[28.217s]                  from [01m[K/opt/ros/foxy/include/rclcpp/memory_strategy.hpp:24[m[K,
[28.217s]                  from [01m[K/opt/ros/foxy/include/rclcpp/memory_strategies.hpp:18[m[K,
[28.217s]                  from [01m[K/opt/ros/foxy/include/rclcpp/executor_options.hpp:20[m[K,
[28.218s]                  from [01m[K/opt/ros/foxy/include/rclcpp/executor.hpp:33[m[K,
[28.218s]                  from [01m[K/opt/ros/foxy/include/rclcpp/executors/multi_threaded_executor.hpp:26[m[K,
[28.218s]                  from [01m[K/opt/ros/foxy/include/rclcpp/executors.hpp:21[m[K,
[28.218s]                  from [01m[K/opt/ros/foxy/include/rclcpp/rclcpp.hpp:146[m[K,
[28.218s]                  from [01m[K/opt/ros/foxy/include/gazebo_ros/node.hpp:18[m[K,
[28.218s]                  from [01m[K/home/yamashita/plugins/src/motor_gazebo_plugin/src/motor_gazebo_plugin.cpp:4[m[K:
[28.218s] /opt/ros/foxy/include/rclcpp/function_traits.hpp: In instantiation of ‘[01m[Kstruct rclcpp::function_traits::function_traits<void (gazebo::MotorGazeboPluginPrivate::*)(std_msgs::msg::Float32_<std::allocator<void> >)>[m[K’:
[28.218s] [01m[K/opt/ros/foxy/include/rclcpp/subscription_traits.hpp:97:8:[m[K   required from ‘[01m[Kstruct rclcpp::subscription_traits::has_message_type<void (gazebo::MotorGazeboPluginPrivate::*)(std_msgs::msg::Float32_<std::allocator<void> >), std::allocator<void>, void, void, void, void>[m[K’
[28.218s] [01m[K/opt/ros/foxy/include/rclcpp/node.hpp:204:5:[m[K   required by substitution of ‘[01m[Ktemplate<class MessageT, class CallbackT, class AllocatorT, class CallbackMessageT, class SubscriptionT, class MessageMemoryStrategyT> std::shared_ptr<SubscriptionT> rclcpp::Node::create_subscription(const string&, const rclcpp::QoS&, CallbackT&&, const rclcpp::SubscriptionOptionsWithAllocator<AllocatorT>&, typename MessageMemoryStrategyT::SharedPtr) [with MessageT = std_msgs::msg::Float32_<std::allocator<void> >; CallbackT = void (gazebo::MotorGazeboPluginPrivate::*)(std_msgs::msg::Float32_<std::allocator<void> >); AllocatorT = std::allocator<void>; CallbackMessageT = <missing>; SubscriptionT = <missing>; MessageMemoryStrategyT = <missing>][m[K’
[28.218s] [01m[K/home/yamashita/plugins/src/motor_gazebo_plugin/src/motor_gazebo_plugin.cpp:66:145:[m[K   required from here
[28.218s] [01m[K/opt/ros/foxy/include/rclcpp/function_traits.hpp:52:40:[m[K [01;31m[Kerror: [m[K‘[01m[Koperator()[m[K’ is not a member of ‘[01m[Kvoid (gazebo::MotorGazeboPluginPrivate::*)(std_msgs::msg::Float32_<std::allocator<void> >)[m[K’
[28.218s]    52 |     typename function_traits<decltype( [01;31m[K&FunctionT::operator()[m[K)>::arguments>::type;
[28.218s]       |                                        [01;31m[K^~~~~~~~~~~~~~~~~~~~~~[m[K
[28.218s] [01m[K/opt/ros/foxy/include/rclcpp/function_traits.hpp:52:40:[m[K [01;31m[Kerror: [m[K‘[01m[Koperator()[m[K’ is not a member of ‘[01m[Kvoid (gazebo::MotorGazeboPluginPrivate::*)(std_msgs::msg::Float32_<std::allocator<void> >)[m[K’
[28.218s] [01m[K/opt/ros/foxy/include/rclcpp/function_traits.hpp:52:40:[m[K [01;31m[Kerror: [m[K‘[01m[Koperator()[m[K’ is not a member of ‘[01m[Kvoid (gazebo::MotorGazeboPluginPrivate::*)(std_msgs::msg::Float32_<std::allocator<void> >)[m[K’
[28.221s] [01m[K/home/yamashita/plugins/src/motor_gazebo_plugin/src/motor_gazebo_plugin.cpp:[m[K In member function ‘[01m[Kvirtual void gazebo::MotorGazeboPlugin::Load(gazebo::physics::ModelPtr, sdf::v9::ElementPtr)[m[K’:
[28.221s] [01m[K/home/yamashita/plugins/src/motor_gazebo_plugin/src/motor_gazebo_plugin.cpp:66:145:[m[K [01;31m[Kerror: [m[Kno matching function for call to ‘[01m[Kgazebo_ros::Node::create_subscription<std_msgs::msg::Float32>(const char [13], int, void (gazebo::MotorGazeboPluginPrivate::*)(std_msgs::msg::Float32))[m[K’
[28.221s]    66 |         impl_->msg_sub_ = impl_->ros_node_->create_subscription<std_msgs::msg::Float32>("/motor/speed",10,&MotorGazeboPluginPrivate::SubCallBack[01;31m[K)[m[K;
[28.221s]       |                                                                                                                                                 [01;31m[K^[m[K
[28.221s] In file included from [01m[K/opt/ros/foxy/include/rclcpp/executors/single_threaded_executor.hpp:28[m[K,
[28.221s]                  from [01m[K/opt/ros/foxy/include/rclcpp/executors.hpp:22[m[K,
[28.221s]                  from [01m[K/opt/ros/foxy/include/rclcpp/rclcpp.hpp:146[m[K,
[28.221s]                  from [01m[K/opt/ros/foxy/include/gazebo_ros/node.hpp:18[m[K,
[28.221s]                  from [01m[K/home/yamashita/plugins/src/motor_gazebo_plugin/src/motor_gazebo_plugin.cpp:4[m[K:
[28.221s] [01m[K/opt/ros/foxy/include/rclcpp/node.hpp:213:3:[m[K [01;36m[Knote: [m[Kcandidate: ‘[01m[Ktemplate<class MessageT, class CallbackT, class AllocatorT, class CallbackMessageT, class SubscriptionT, class MessageMemoryStrategyT> std::shared_ptr<SubscriptionT> rclcpp::Node::create_subscription(const string&, const rclcpp::QoS&, CallbackT&&, const rclcpp::SubscriptionOptionsWithAllocator<AllocatorT>&, typename MessageMemoryStrategyT::SharedPtr)[m[K’
[28.221s]   213 |   [01;36m[Kcreate_subscription[m[K(
[28.221s]       |   [01;36m[K^~~~~~~~~~~~~~~~~~~[m[K
[28.221s] [01m[K/opt/ros/foxy/include/rclcpp/node.hpp:213:3:[m[K [01;36m[Knote: [m[K  substitution of deduced template arguments resulted in errors seen above
[30.397s] make[2]: *** [CMakeFiles/motor_gazebo_plugin.dir/build.make:63: CMakeFiles/motor_gazebo_plugin.dir/src/motor_gazebo_plugin.cpp.o] Error 1
[30.397s] make[1]: *** [CMakeFiles/Makefile2:78: CMakeFiles/motor_gazebo_plugin.dir/all] Error 2
[30.397s] make: *** [Makefile:141: all] Error 2
[30.400s] Invoked command in '/home/yamashita/plugins/build/motor_gazebo_plugin' returned '2': CMAKE_PREFIX_PATH=${CMAKE_PREFIX_PATH}:/home/yamashita/gazebo_ws/install/ros2_first_pkg:/opt/ros/foxy /usr/bin/cmake --build /home/yamashita/plugins/build/motor_gazebo_plugin -- -j12 -l12
