[0.312s] Invoking command in '/home/yamashita/plugins/build/motor_gazebo_plugin': CMAKE_PREFIX_PATH=${CMAKE_PREFIX_PATH}:/home/yamashita/gazebo_ws/install/ros2_first_pkg:/opt/ros/foxy /usr/bin/cmake /home/yamashita/plugins/src/motor_gazebo_plugin -DCMAKE_INSTALL_PREFIX=/home/yamashita/plugins/install/motor_gazebo_plugin
[0.489s] -- The C compiler identification is GNU 9.4.0
[0.780s] -- The CXX compiler identification is GNU 9.4.0
[0.959s] -- Check for working C compiler: /usr/bin/cc
[1.140s] -- Check for working C compiler: /usr/bin/cc -- works
[1.140s] -- Detecting C compiler ABI info
[1.338s] -- Detecting C compiler ABI info - done
[1.346s] -- Detecting C compile features
[1.347s] -- Detecting C compile features - done
[1.349s] -- Check for working CXX compiler: /usr/bin/c++
[1.551s] -- Check for working CXX compiler: /usr/bin/c++ -- works
[1.552s] -- Detecting CXX compiler ABI info
[1.797s] -- Detecting CXX compiler ABI info - done
[1.802s] -- Detecting CXX compile features
[1.803s] -- Detecting CXX compile features - done
[1.808s] -- Found ament_cmake: 0.9.12 (/opt/ros/foxy/share/ament_cmake/cmake)
[1.826s] -- Found PythonInterp: /usr/bin/python3 (found suitable version "3.8.10", minimum required is "3") 
[1.826s] -- Using PYTHON_EXECUTABLE: /usr/bin/python3
[1.951s] -- Found ament_lint_auto: 0.9.8 (/opt/ros/foxy/share/ament_lint_auto/cmake)
[2.009s] -- Found gazebo_ros: 3.5.3 (/opt/ros/foxy/share/gazebo_ros/cmake)
[2.206s] -- Using all available rosidl_typesupport_c: rosidl_typesupport_fastrtps_c;rosidl_typesupport_introspection_c
[2.212s] -- Found rosidl_adapter: 1.3.1 (/opt/ros/foxy/share/rosidl_adapter/cmake)
[3.210s] -- Found OpenSSL: /usr/lib/x86_64-linux-gnu/libcrypto.so (found version "1.1.1f")  
[4.592s] -- Found FastRTPS: /opt/ros/foxy/include  
[7.043s] -- Using all available rosidl_typesupport_cpp: rosidl_typesupport_fastrtps_cpp;rosidl_typesupport_introspection_cpp
[7.088s] -- Found rmw_implementation_cmake: 1.0.4 (/opt/ros/foxy/share/rmw_implementation_cmake/cmake)
[7.089s] -- Using RMW implementation 'rmw_fastrtps_cpp' as default
[7.090s] -- Looking for pthread.h
[7.237s] -- Looking for pthread.h - found
[7.237s] -- Performing Test CMAKE_HAVE_LIBC_PTHREAD
[7.469s] -- Performing Test CMAKE_HAVE_LIBC_PTHREAD - Failed
[7.469s] -- Looking for pthread_create in pthreads
[7.617s] -- Looking for pthread_create in pthreads - not found
[7.618s] -- Looking for pthread_create in pthread
[7.787s] -- Looking for pthread_create in pthread - found
[7.788s] -- Found Threads: TRUE  
[7.913s] -- Found PkgConfig: /usr/bin/pkg-config (found version "0.29.1") 
[7.915s] -- Checking for module 'bullet>=2.82'
[7.928s] --   Found bullet, version 2.88
[9.384s] -- Found ccd: /usr/include (found suitable version "2.0", minimum required is "2.0") 
[9.510s] -- Found fcl: /usr/include (found suitable version "0.5.0", minimum required is "0.3.2") 
[9.623s] -- Found assimp: /usr/include (found version "5.0.0") 
[9.641s] -- Found DART: /usr/include (Required is at least version "6.6") found components: dart 
[9.662s] -- Found Boost: /usr/lib/x86_64-linux-gnu/cmake/Boost-1.71.0/BoostConfig.cmake (found suitable version "1.71.0", minimum required is "1.40.0") found components: thread system filesystem program_options regex iostreams date_time 
[10.302s] -- Found Protobuf: /usr/lib/x86_64-linux-gnu/libprotobuf.so;-lpthread (found version "3.6.1") 
[10.305s] -- Looking for ignition-math6 -- found version 6.15.1
[10.311s] -- Searching for dependencies of ignition-math6
[10.315s] -- Looking for OGRE...
[10.315s] -- OGRE_PREFIX_WATCH changed.
[10.321s] -- Checking for module 'OGRE'
[10.331s] --   Found OGRE, version 1.9.0
[10.477s] -- Found Ogre Ghadamon (1.9.0)
[11.000s] -- Found OGRE: optimized;/usr/lib/x86_64-linux-gnu/libOgreMain.so;debug;/usr/lib/x86_64-linux-gnu/libOgreMain.so
[11.008s] -- Looking for OGRE_Paging...
[11.176s] -- Found OGRE_Paging: optimized;/usr/lib/x86_64-linux-gnu/libOgrePaging.so;debug;/usr/lib/x86_64-linux-gnu/libOgrePaging.so
[11.176s] -- Looking for OGRE_Terrain...
[11.690s] -- Found OGRE_Terrain: optimized;/usr/lib/x86_64-linux-gnu/libOgreTerrain.so;debug;/usr/lib/x86_64-linux-gnu/libOgreTerrain.so
[11.690s] -- Looking for OGRE_Property...
[11.933s] -- Found OGRE_Property: optimized;/usr/lib/x86_64-linux-gnu/libOgreProperty.so;debug;/usr/lib/x86_64-linux-gnu/libOgreProperty.so
[11.933s] -- Looking for OGRE_RTShaderSystem...
[12.100s] -- Found OGRE_RTShaderSystem: optimized;/usr/lib/x86_64-linux-gnu/libOgreRTShaderSystem.so;debug;/usr/lib/x86_64-linux-gnu/libOgreRTShaderSystem.so
[12.101s] -- Looking for OGRE_Volume...
[12.355s] -- Found OGRE_Volume: optimized;/usr/lib/x86_64-linux-gnu/libOgreVolume.so;debug;/usr/lib/x86_64-linux-gnu/libOgreVolume.so
[12.355s] -- Looking for OGRE_Overlay...
[12.641s] -- Found OGRE_Overlay: optimized;/usr/lib/x86_64-linux-gnu/libOgreOverlay.so;debug;/usr/lib/x86_64-linux-gnu/libOgreOverlay.so
[32.756s] -- Looking for ignition-math6 -- found version 6.15.1
[32.758s] -- Looking for ignition-transport8 -- found version 8.5.0
[32.758s] -- Searching for dependencies of ignition-transport8
[34.674s] -- Config-file not installed for ZeroMQ -- checking for pkg-config
[34.678s] -- Checking for module 'libzmq >= 4'
[34.687s] --   Found libzmq , version 4.3.2
[34.867s] -- Found ZeroMQ: TRUE (Required is at least version "4") 
[34.931s] -- Checking for module 'uuid'
[34.941s] --   Found uuid, version 2.34.0
[35.111s] -- Found UUID: TRUE  
[35.113s] -- Looking for ignition-msgs5 -- found version 5.11.0
[35.113s] -- Searching for dependencies of ignition-msgs5
[36.558s] -- Found Protobuf: /usr/lib/x86_64-linux-gnu/libprotobuf.so;-lpthread (found suitable version "3.6.1", minimum required is "3") 
[36.558s] -- Looking for ignition-math6 -- found version 6.15.1
[36.563s] -- Checking for module 'tinyxml2'
[36.575s] --   Found tinyxml2, version 6.2.0
[36.740s] -- Looking for ignition-msgs5 -- found version 5.11.0
[36.742s] -- Looking for ignition-common3 -- found version 3.17.0
[36.742s] -- Searching for dependencies of ignition-common3
[36.843s] -- Looking for dlfcn.h - found
[36.916s] -- Looking for libdl - found
[36.917s] -- Found DL: TRUE  
[37.050s] -- Searching for <ignition-common3> component [graphics]
[37.052s] -- Looking for ignition-common3-graphics -- found version 3.17.0
[37.052s] -- Searching for dependencies of ignition-common3-graphics
[37.052s] -- Looking for ignition-math6 -- found version 6.15.1
[37.055s] -- Looking for ignition-fuel_tools4 -- found version 4.9.1
[37.055s] -- Searching for dependencies of ignition-fuel_tools4
[37.506s] -- Found CURL: /usr/lib/x86_64-linux-gnu/libcurl.so (found version "7.68.0")  
[37.512s] -- Checking for module 'jsoncpp'
[37.522s] --   Found jsoncpp, version 1.7.4
[37.671s] -- Found JSONCPP: TRUE  
[37.676s] -- Checking for module 'libzip'
[37.687s] --   Found libzip, version 1.5.1
[37.901s] -- Found ZIP: TRUE  
[37.902s] -- Looking for ignition-common3 -- found version 3.17.0
[37.902s] -- Looking for ignition-math6 -- found version 6.15.1
[37.902s] -- Looking for ignition-msgs5 -- found version 5.11.0
[37.903s] -- Gazebo version: 11.14
[37.912s] -- Found gazebo_msgs: 3.5.3 (/opt/ros/foxy/share/gazebo_msgs/cmake)
[38.099s] -- Added test 'copyright' to check source files copyright and LICENSE
[38.101s] -- Added test 'cppcheck' to perform static code analysis on C / C++ code
[38.102s] -- Configured cppcheck include dirs: /home/yamashita/plugins/src/motor_gazebo_plugin/include
[38.102s] -- Configured cppcheck exclude dirs and/or files: 
[38.103s] -- Added test 'cpplint' to check C / C++ code against the Google style
[38.103s] -- Configured cpplint exclude dirs and/or files: 
[38.104s] -- Added test 'lint_cmake' to check CMake code style
[38.105s] -- Added test 'uncrustify' to check C / C++ code style
[38.105s] -- Configured uncrustify additional arguments: 
[38.106s] -- Added test 'xmllint' to check XML markup files
[38.109s] -- Configuring done
[38.145s] -- Generating done
[38.146s] -- Build files have been written to: /home/yamashita/plugins/build/motor_gazebo_plugin
[38.157s] Invoked command in '/home/yamashita/plugins/build/motor_gazebo_plugin' returned '0': CMAKE_PREFIX_PATH=${CMAKE_PREFIX_PATH}:/home/yamashita/gazebo_ws/install/ros2_first_pkg:/opt/ros/foxy /usr/bin/cmake /home/yamashita/plugins/src/motor_gazebo_plugin -DCMAKE_INSTALL_PREFIX=/home/yamashita/plugins/install/motor_gazebo_plugin
[38.158s] Invoking command in '/home/yamashita/plugins/build/motor_gazebo_plugin': CMAKE_PREFIX_PATH=${CMAKE_PREFIX_PATH}:/home/yamashita/gazebo_ws/install/ros2_first_pkg:/opt/ros/foxy /usr/bin/cmake --build /home/yamashita/plugins/build/motor_gazebo_plugin -- -j12 -l12
[38.187s] [35m[1mScanning dependencies of target motor_gazebo_plugin[0m
[38.290s] [ 50%] [32mBuilding CXX object CMakeFiles/motor_gazebo_plugin.dir/src/motor_gazebo_plugin.cpp.o[0m
[39.101s] [01m[K/home/yamashita/plugins/src/motor_gazebo_plugin/src/motor_gazebo_plugin.cpp:9:10:[m[K [01;31m[Kfatal error: [m[Kstd_msgs/msg/Float32.hpp: No such file or directory
[39.102s]     9 | #include [01;31m[K<std_msgs/msg/Float32.hpp>[m[K
[39.102s]       |          [01;31m[K^~~~~~~~~~~~~~~~~~~~~~~~~~[m[K
[39.102s] compilation terminated.
[39.106s] make[2]: *** [CMakeFiles/motor_gazebo_plugin.dir/build.make:63: CMakeFiles/motor_gazebo_plugin.dir/src/motor_gazebo_plugin.cpp.o] Error 1
[39.106s] make[1]: *** [CMakeFiles/Makefile2:78: CMakeFiles/motor_gazebo_plugin.dir/all] Error 2
[39.107s] make: *** [Makefile:141: all] Error 2
[39.110s] Invoked command in '/home/yamashita/plugins/build/motor_gazebo_plugin' returned '2': CMAKE_PREFIX_PATH=${CMAKE_PREFIX_PATH}:/home/yamashita/gazebo_ws/install/ros2_first_pkg:/opt/ros/foxy /usr/bin/cmake --build /home/yamashita/plugins/build/motor_gazebo_plugin -- -j12 -l12
