[0.936s] Invoking command in '/home/yamashita/plugins/build/motor_gazebo_plugin': CMAKE_PREFIX_PATH=${CMAKE_PREFIX_PATH}:/home/yamashita/gazebo_ws/install/ros2_first_pkg:/opt/ros/foxy /usr/bin/cmake --build /home/yamashita/plugins/build/motor_gazebo_plugin -- -j12 -l12
[0.995s] [100%] Built target motor_gazebo_plugin
[1.003s] Invoked command in '/home/yamashita/plugins/build/motor_gazebo_plugin' returned '0': CMAKE_PREFIX_PATH=${CMAKE_PREFIX_PATH}:/home/yamashita/gazebo_ws/install/ros2_first_pkg:/opt/ros/foxy /usr/bin/cmake --build /home/yamashita/plugins/build/motor_gazebo_plugin -- -j12 -l12
[1.190s] Invoking command in '/home/yamashita/plugins/build/motor_gazebo_plugin': CMAKE_PREFIX_PATH=${CMAKE_PREFIX_PATH}:/home/yamashita/gazebo_ws/install/ros2_first_pkg:/opt/ros/foxy /usr/bin/cmake --install /home/yamashita/plugins/build/motor_gazebo_plugin
[1.195s] -- Install configuration: ""
[1.195s] -- Up-to-date: /home/yamashita/plugins/install/motor_gazebo_plugin/share/motor_gazebo_plugin/environment/library_path.sh
[1.196s] -- Up-to-date: /home/yamashita/plugins/install/motor_gazebo_plugin/share/motor_gazebo_plugin/environment/library_path.dsv
[1.196s] -- Up-to-date: /home/yamashita/plugins/install/motor_gazebo_plugin/lib/libmotor_gazebo_plugin.so
[1.196s] -- Up-to-date: /home/yamashita/plugins/install/motor_gazebo_plugin/share/ament_index/resource_index/package_run_dependencies/motor_gazebo_plugin
[1.197s] -- Up-to-date: /home/yamashita/plugins/install/motor_gazebo_plugin/share/ament_index/resource_index/parent_prefix_path/motor_gazebo_plugin
[1.197s] -- Up-to-date: /home/yamashita/plugins/install/motor_gazebo_plugin/share/motor_gazebo_plugin/environment/ament_prefix_path.sh
[1.197s] -- Up-to-date: /home/yamashita/plugins/install/motor_gazebo_plugin/share/motor_gazebo_plugin/environment/ament_prefix_path.dsv
[1.197s] -- Up-to-date: /home/yamashita/plugins/install/motor_gazebo_plugin/share/motor_gazebo_plugin/environment/path.sh
[1.197s] -- Up-to-date: /home/yamashita/plugins/install/motor_gazebo_plugin/share/motor_gazebo_plugin/environment/path.dsv
[1.197s] -- Up-to-date: /home/yamashita/plugins/install/motor_gazebo_plugin/share/motor_gazebo_plugin/local_setup.bash
[1.197s] -- Up-to-date: /home/yamashita/plugins/install/motor_gazebo_plugin/share/motor_gazebo_plugin/local_setup.sh
[1.197s] -- Up-to-date: /home/yamashita/plugins/install/motor_gazebo_plugin/share/motor_gazebo_plugin/local_setup.zsh
[1.197s] -- Up-to-date: /home/yamashita/plugins/install/motor_gazebo_plugin/share/motor_gazebo_plugin/local_setup.dsv
[1.197s] -- Installing: /home/yamashita/plugins/install/motor_gazebo_plugin/share/motor_gazebo_plugin/package.dsv
[1.198s] -- Up-to-date: /home/yamashita/plugins/install/motor_gazebo_plugin/share/ament_index/resource_index/packages/motor_gazebo_plugin
[1.198s] -- Up-to-date: /home/yamashita/plugins/install/motor_gazebo_plugin/share/motor_gazebo_plugin/cmake/ament_cmake_export_libraries-extras.cmake
[1.198s] -- Up-to-date: /home/yamashita/plugins/install/motor_gazebo_plugin/share/motor_gazebo_plugin/cmake/motor_gazebo_pluginConfig.cmake
[1.198s] -- Up-to-date: /home/yamashita/plugins/install/motor_gazebo_plugin/share/motor_gazebo_plugin/cmake/motor_gazebo_pluginConfig-version.cmake
[1.198s] -- Up-to-date: /home/yamashita/plugins/install/motor_gazebo_plugin/share/motor_gazebo_plugin/package.xml
[1.199s] Invoked command in '/home/yamashita/plugins/build/motor_gazebo_plugin' returned '0': CMAKE_PREFIX_PATH=${CMAKE_PREFIX_PATH}:/home/yamashita/gazebo_ws/install/ros2_first_pkg:/opt/ros/foxy /usr/bin/cmake --install /home/yamashita/plugins/build/motor_gazebo_plugin
