[2.836s] DEBUG:colcon:Command line arguments: ['/usr/bin/colcon', 'build']
[2.836s] DEBUG:colcon:Parsed command line arguments: Namespace(allow_overriding=[], ament_cmake_args=None, base_paths=['.'], build_base='build', catkin_cmake_args=None, catkin_skip_building_tests=False, cmake_args=None, cmake_clean_cache=False, cmake_clean_first=False, cmake_force_configure=False, cmake_target=None, cmake_target_skip_unavailable=False, continue_on_error=False, event_handlers=None, executor='parallel', ignore_user_meta=False, install_base='install', log_base=None, log_level=None, main=<bound method BuildVerb.main of <colcon_core.verb.build.BuildVerb object at 0x7f7ca326c3a0>>, merge_install=False, metas=['./colcon.meta'], packages_above=None, packages_above_and_dependencies=None, packages_above_depth=None, packages_end=None, packages_ignore=None, packages_ignore_regex=None, packages_select=None, packages_select_build_failed=False, packages_select_by_dep=None, packages_select_regex=None, packages_select_test_failures=False, packages_skip=None, packages_skip_build_finished=False, packages_skip_by_dep=None, packages_skip_regex=None, packages_skip_test_passed=False, packages_skip_up_to=None, packages_start=None, packages_up_to=None, packages_up_to_regex=None, parallel_workers=12, paths=None, symlink_install=False, test_result_base=None, verb_extension=<colcon_core.verb.build.BuildVerb object at 0x7f7ca326c3a0>, verb_name='build', verb_parser=<colcon_defaults.argument_parser.defaults.DefaultArgumentsDecorator object at 0x7f7ca2f04250>)
[2.958s] Level 1:colcon.colcon_core.package_discovery:discover_packages(colcon_meta) check parameters
[2.958s] Level 1:colcon.colcon_core.package_discovery:discover_packages(recursive) check parameters
[2.958s] Level 1:colcon.colcon_core.package_discovery:discover_packages(ignore) check parameters
[2.958s] Level 1:colcon.colcon_core.package_discovery:discover_packages(path) check parameters
[2.958s] Level 1:colcon.colcon_core.package_discovery:discover_packages(colcon_meta) discover
[2.958s] Level 1:colcon.colcon_core.package_discovery:discover_packages(recursive) discover
[2.958s] INFO:colcon.colcon_core.package_discovery:Crawling recursively for packages in '/home/yamashita/plugins'
[2.958s] Level 1:colcon.colcon_core.package_identification:_identify(.) by extensions ['ignore', 'ignore_ament_install']
[2.959s] Level 1:colcon.colcon_core.package_identification:_identify(.) by extension 'ignore'
[2.959s] Level 1:colcon.colcon_core.package_identification:_identify(.) by extension 'ignore_ament_install'
[2.959s] Level 1:colcon.colcon_core.package_identification:_identify(.) by extensions ['colcon_pkg']
[2.959s] Level 1:colcon.colcon_core.package_identification:_identify(.) by extension 'colcon_pkg'
[2.959s] Level 1:colcon.colcon_core.package_identification:_identify(.) by extensions ['colcon_meta']
[2.959s] Level 1:colcon.colcon_core.package_identification:_identify(.) by extension 'colcon_meta'
[2.959s] Level 1:colcon.colcon_core.package_identification:_identify(.) by extensions ['ros']
[2.959s] Level 1:colcon.colcon_core.package_identification:_identify(.) by extension 'ros'
[2.968s] Level 1:colcon.colcon_core.package_identification:_identify(.) by extensions ['cmake', 'python']
[2.968s] Level 1:colcon.colcon_core.package_identification:_identify(.) by extension 'cmake'
[2.968s] Level 1:colcon.colcon_core.package_identification:_identify(.) by extension 'python'
[2.968s] Level 1:colcon.colcon_core.package_identification:_identify(.) by extensions ['python_setup_py']
[2.968s] Level 1:colcon.colcon_core.package_identification:_identify(.) by extension 'python_setup_py'
[2.968s] Level 1:colcon.colcon_core.package_identification:_identify(build) by extensions ['ignore', 'ignore_ament_install']
[2.968s] Level 1:colcon.colcon_core.package_identification:_identify(build) by extension 'ignore'
[2.968s] Level 1:colcon.colcon_core.package_identification:_identify(build) ignored
[2.968s] Level 1:colcon.colcon_core.package_identification:_identify(install) by extensions ['ignore', 'ignore_ament_install']
[2.968s] Level 1:colcon.colcon_core.package_identification:_identify(install) by extension 'ignore'
[2.968s] Level 1:colcon.colcon_core.package_identification:_identify(install) ignored
[2.969s] Level 1:colcon.colcon_core.package_identification:_identify(log) by extensions ['ignore', 'ignore_ament_install']
[2.969s] Level 1:colcon.colcon_core.package_identification:_identify(log) by extension 'ignore'
[2.969s] Level 1:colcon.colcon_core.package_identification:_identify(log) ignored
[2.969s] Level 1:colcon.colcon_core.package_identification:_identify(src) by extensions ['ignore', 'ignore_ament_install']
[2.969s] Level 1:colcon.colcon_core.package_identification:_identify(src) by extension 'ignore'
[2.969s] Level 1:colcon.colcon_core.package_identification:_identify(src) by extension 'ignore_ament_install'
[2.969s] Level 1:colcon.colcon_core.package_identification:_identify(src) by extensions ['colcon_pkg']
[2.969s] Level 1:colcon.colcon_core.package_identification:_identify(src) by extension 'colcon_pkg'
[2.969s] Level 1:colcon.colcon_core.package_identification:_identify(src) by extensions ['colcon_meta']
[2.969s] Level 1:colcon.colcon_core.package_identification:_identify(src) by extension 'colcon_meta'
[2.969s] Level 1:colcon.colcon_core.package_identification:_identify(src) by extensions ['ros']
[2.969s] Level 1:colcon.colcon_core.package_identification:_identify(src) by extension 'ros'
[2.969s] Level 1:colcon.colcon_core.package_identification:_identify(src) by extensions ['cmake', 'python']
[2.969s] Level 1:colcon.colcon_core.package_identification:_identify(src) by extension 'cmake'
[2.969s] Level 1:colcon.colcon_core.package_identification:_identify(src) by extension 'python'
[2.969s] Level 1:colcon.colcon_core.package_identification:_identify(src) by extensions ['python_setup_py']
[2.969s] Level 1:colcon.colcon_core.package_identification:_identify(src) by extension 'python_setup_py'
[2.969s] Level 1:colcon.colcon_core.package_identification:_identify(src/motor_gazebo_plugin) by extensions ['ignore', 'ignore_ament_install']
[2.969s] Level 1:colcon.colcon_core.package_identification:_identify(src/motor_gazebo_plugin) by extension 'ignore'
[2.969s] Level 1:colcon.colcon_core.package_identification:_identify(src/motor_gazebo_plugin) by extension 'ignore_ament_install'
[2.969s] Level 1:colcon.colcon_core.package_identification:_identify(src/motor_gazebo_plugin) by extensions ['colcon_pkg']
[2.969s] Level 1:colcon.colcon_core.package_identification:_identify(src/motor_gazebo_plugin) by extension 'colcon_pkg'
[2.969s] Level 1:colcon.colcon_core.package_identification:_identify(src/motor_gazebo_plugin) by extensions ['colcon_meta']
[2.969s] Level 1:colcon.colcon_core.package_identification:_identify(src/motor_gazebo_plugin) by extension 'colcon_meta'
[2.969s] Level 1:colcon.colcon_core.package_identification:_identify(src/motor_gazebo_plugin) by extensions ['ros']
[2.969s] Level 1:colcon.colcon_core.package_identification:_identify(src/motor_gazebo_plugin) by extension 'ros'
[2.971s] DEBUG:colcon.colcon_core.package_identification:Package 'src/motor_gazebo_plugin' with type 'ros.ament_cmake' and name 'motor_gazebo_plugin'
[2.971s] Level 1:colcon.colcon_core.package_identification:_identify(src/sample_gazebo) by extensions ['ignore', 'ignore_ament_install']
[2.971s] Level 1:colcon.colcon_core.package_identification:_identify(src/sample_gazebo) by extension 'ignore'
[2.971s] Level 1:colcon.colcon_core.package_identification:_identify(src/sample_gazebo) by extension 'ignore_ament_install'
[2.972s] Level 1:colcon.colcon_core.package_identification:_identify(src/sample_gazebo) by extensions ['colcon_pkg']
[2.972s] Level 1:colcon.colcon_core.package_identification:_identify(src/sample_gazebo) by extension 'colcon_pkg'
[2.972s] Level 1:colcon.colcon_core.package_identification:_identify(src/sample_gazebo) by extensions ['colcon_meta']
[2.972s] Level 1:colcon.colcon_core.package_identification:_identify(src/sample_gazebo) by extension 'colcon_meta'
[2.972s] Level 1:colcon.colcon_core.package_identification:_identify(src/sample_gazebo) by extensions ['ros']
[2.972s] Level 1:colcon.colcon_core.package_identification:_identify(src/sample_gazebo) by extension 'ros'
[2.972s] DEBUG:colcon.colcon_core.package_identification:Package 'src/sample_gazebo' with type 'ros.ament_cmake' and name 'sample_gazebo'
[2.972s] Level 1:colcon.colcon_core.package_discovery:discover_packages(recursive) using defaults
[2.972s] Level 1:colcon.colcon_core.package_discovery:discover_packages(ignore) discover
[2.972s] Level 1:colcon.colcon_core.package_discovery:discover_packages(ignore) using defaults
[2.972s] Level 1:colcon.colcon_core.package_discovery:discover_packages(path) discover
[2.972s] Level 1:colcon.colcon_core.package_discovery:discover_packages(path) using defaults
[3.224s] Level 1:colcon.colcon_core.package_discovery:discover_packages(prefix_path) check parameters
[3.224s] Level 1:colcon.colcon_core.package_discovery:discover_packages(prefix_path) discover
[3.319s] DEBUG:colcon.colcon_installed_package_information.package_discovery:Found 2 installed packages in /home/yamashita/plugins/install
[3.370s] DEBUG:colcon.colcon_installed_package_information.package_discovery:Found 5 installed packages in /home/yamashita/pra_plugin/install
[3.417s] DEBUG:colcon.colcon_installed_package_information.package_discovery:Found 1 installed packages in /home/yamashita/gazebo_ws/install
[3.468s] DEBUG:colcon.colcon_installed_package_information.package_discovery:Found 0 installed packages in /home/yamashita/ros2_ws/install
[3.518s] DEBUG:colcon.colcon_installed_package_information.package_discovery:Found 290 installed packages in /opt/ros/foxy
[3.519s] Level 1:colcon.colcon_core.package_discovery:discover_packages(prefix_path) using defaults
[3.668s] Level 5:colcon.colcon_core.verb:set package 'motor_gazebo_plugin' build argument 'cmake_args' from command line to 'None'
[3.668s] Level 5:colcon.colcon_core.verb:set package 'motor_gazebo_plugin' build argument 'cmake_target' from command line to 'None'
[3.668s] Level 5:colcon.colcon_core.verb:set package 'motor_gazebo_plugin' build argument 'cmake_target_skip_unavailable' from command line to 'False'
[3.668s] Level 5:colcon.colcon_core.verb:set package 'motor_gazebo_plugin' build argument 'cmake_clean_cache' from command line to 'False'
[3.668s] Level 5:colcon.colcon_core.verb:set package 'motor_gazebo_plugin' build argument 'cmake_clean_first' from command line to 'False'
[3.668s] Level 5:colcon.colcon_core.verb:set package 'motor_gazebo_plugin' build argument 'cmake_force_configure' from command line to 'False'
[3.668s] Level 5:colcon.colcon_core.verb:set package 'motor_gazebo_plugin' build argument 'ament_cmake_args' from command line to 'None'
[3.668s] Level 5:colcon.colcon_core.verb:set package 'motor_gazebo_plugin' build argument 'catkin_cmake_args' from command line to 'None'
[3.668s] Level 5:colcon.colcon_core.verb:set package 'motor_gazebo_plugin' build argument 'catkin_skip_building_tests' from command line to 'False'
[3.668s] DEBUG:colcon.colcon_core.verb:Building package 'motor_gazebo_plugin' with the following arguments: {'ament_cmake_args': None, 'build_base': '/home/yamashita/plugins/build/motor_gazebo_plugin', 'catkin_cmake_args': None, 'catkin_skip_building_tests': False, 'cmake_args': None, 'cmake_clean_cache': False, 'cmake_clean_first': False, 'cmake_force_configure': False, 'cmake_target': None, 'cmake_target_skip_unavailable': False, 'install_base': '/home/yamashita/plugins/install/motor_gazebo_plugin', 'merge_install': False, 'path': '/home/yamashita/plugins/src/motor_gazebo_plugin', 'symlink_install': False, 'test_result_base': None}
[3.716s] Level 5:colcon.colcon_core.verb:set package 'sample_gazebo' build argument 'cmake_args' from command line to 'None'
[3.716s] Level 5:colcon.colcon_core.verb:set package 'sample_gazebo' build argument 'cmake_target' from command line to 'None'
[3.716s] Level 5:colcon.colcon_core.verb:set package 'sample_gazebo' build argument 'cmake_target_skip_unavailable' from command line to 'False'
[3.716s] Level 5:colcon.colcon_core.verb:set package 'sample_gazebo' build argument 'cmake_clean_cache' from command line to 'False'
[3.716s] Level 5:colcon.colcon_core.verb:set package 'sample_gazebo' build argument 'cmake_clean_first' from command line to 'False'
[3.716s] Level 5:colcon.colcon_core.verb:set package 'sample_gazebo' build argument 'cmake_force_configure' from command line to 'False'
[3.716s] Level 5:colcon.colcon_core.verb:set package 'sample_gazebo' build argument 'ament_cmake_args' from command line to 'None'
[3.716s] Level 5:colcon.colcon_core.verb:set package 'sample_gazebo' build argument 'catkin_cmake_args' from command line to 'None'
[3.716s] Level 5:colcon.colcon_core.verb:set package 'sample_gazebo' build argument 'catkin_skip_building_tests' from command line to 'False'
[3.716s] DEBUG:colcon.colcon_core.verb:Building package 'sample_gazebo' with the following arguments: {'ament_cmake_args': None, 'build_base': '/home/yamashita/plugins/build/sample_gazebo', 'catkin_cmake_args': None, 'catkin_skip_building_tests': False, 'cmake_args': None, 'cmake_clean_cache': False, 'cmake_clean_first': False, 'cmake_force_configure': False, 'cmake_target': None, 'cmake_target_skip_unavailable': False, 'install_base': '/home/yamashita/plugins/install/sample_gazebo', 'merge_install': False, 'path': '/home/yamashita/plugins/src/sample_gazebo', 'symlink_install': False, 'test_result_base': None}
[3.762s] INFO:colcon.colcon_core.executor:Executing jobs using 'parallel' executor
[3.812s] DEBUG:colcon.colcon_parallel_executor.executor.parallel:run_until_complete
[3.812s] INFO:colcon.colcon_ros.task.ament_cmake.build:Building ROS package in '/home/yamashita/plugins/src/motor_gazebo_plugin' with build type 'ament_cmake'
[3.813s] INFO:colcon.colcon_cmake.task.cmake.build:Building CMake package in '/home/yamashita/plugins/src/motor_gazebo_plugin'
[3.868s] INFO:colcon.colcon_core.plugin_system:Skipping extension 'colcon_core.shell.bat': Not used on non-Windows systems
[3.869s] INFO:colcon.colcon_core.shell:Skip shell extension 'powershell' for command environment: Not usable outside of PowerShell
[3.869s] DEBUG:colcon.colcon_core.shell:Skip shell extension 'dsv' for command environment
[4.186s] INFO:colcon.colcon_ros.task.ament_cmake.build:Building ROS package in '/home/yamashita/plugins/src/sample_gazebo' with build type 'ament_cmake'
[4.187s] INFO:colcon.colcon_cmake.task.cmake.build:Building CMake package in '/home/yamashita/plugins/src/sample_gazebo'
[4.244s] INFO:colcon.colcon_core.shell:Skip shell extension 'powershell' for command environment: Not usable outside of PowerShell
[4.244s] DEBUG:colcon.colcon_core.shell:Skip shell extension 'dsv' for command environment
[4.587s] DEBUG:colcon.colcon_core.event_handler.log_command:Invoking command in '/home/yamashita/plugins/build/motor_gazebo_plugin': CMAKE_PREFIX_PATH=${CMAKE_PREFIX_PATH}:/home/yamashita/gazebo_ws/install/ros2_first_pkg:/opt/ros/foxy /usr/bin/cmake --build /home/yamashita/plugins/build/motor_gazebo_plugin -- -j12 -l12
[4.596s] DEBUG:colcon.colcon_core.event_handler.log_command:Invoking command in '/home/yamashita/plugins/build/sample_gazebo': CMAKE_PREFIX_PATH=${CMAKE_PREFIX_PATH}:/home/yamashita/gazebo_ws/install/ros2_first_pkg:/opt/ros/foxy /usr/bin/cmake --build /home/yamashita/plugins/build/sample_gazebo -- -j12 -l12
[4.627s] DEBUG:colcon.colcon_core.event_handler.log_command:Invoked command in '/home/yamashita/plugins/build/sample_gazebo' returned '0': CMAKE_PREFIX_PATH=${CMAKE_PREFIX_PATH}:/home/yamashita/gazebo_ws/install/ros2_first_pkg:/opt/ros/foxy /usr/bin/cmake --build /home/yamashita/plugins/build/sample_gazebo -- -j12 -l12
[4.652s] DEBUG:colcon.colcon_core.event_handler.log_command:Invoking command in '/home/yamashita/plugins/build/sample_gazebo': CMAKE_PREFIX_PATH=${CMAKE_PREFIX_PATH}:/home/yamashita/gazebo_ws/install/ros2_first_pkg:/opt/ros/foxy /usr/bin/cmake --install /home/yamashita/plugins/build/sample_gazebo
[4.663s] Level 1:colcon.colcon_core.environment:create_environment_scripts_only(sample_gazebo)
[4.664s] DEBUG:colcon.colcon_core.event_handler.log_command:Invoked command in '/home/yamashita/plugins/build/sample_gazebo' returned '0': CMAKE_PREFIX_PATH=${CMAKE_PREFIX_PATH}:/home/yamashita/gazebo_ws/install/ros2_first_pkg:/opt/ros/foxy /usr/bin/cmake --install /home/yamashita/plugins/build/sample_gazebo
[4.734s] Level 1:colcon.colcon_core.environment:checking '/home/yamashita/plugins/install/sample_gazebo' for CMake module files
[4.734s] Level 1:colcon.colcon_core.environment:checking '/home/yamashita/plugins/install/sample_gazebo' for CMake config files
[4.735s] Level 1:colcon.colcon_core.shell:create_environment_hook('sample_gazebo', 'cmake_prefix_path')
[4.794s] INFO:colcon.colcon_core.shell:Creating environment hook '/home/yamashita/plugins/install/sample_gazebo/share/sample_gazebo/hook/cmake_prefix_path.ps1'
[4.795s] INFO:colcon.colcon_core.shell:Creating environment descriptor '/home/yamashita/plugins/install/sample_gazebo/share/sample_gazebo/hook/cmake_prefix_path.dsv'
[4.796s] INFO:colcon.colcon_core.shell:Creating environment hook '/home/yamashita/plugins/install/sample_gazebo/share/sample_gazebo/hook/cmake_prefix_path.sh'
[4.796s] Level 1:colcon.colcon_core.environment:checking '/home/yamashita/plugins/install/sample_gazebo/bin'
[4.796s] Level 1:colcon.colcon_core.environment:checking '/home/yamashita/plugins/install/sample_gazebo/lib/pkgconfig/sample_gazebo.pc'
[4.797s] Level 1:colcon.colcon_core.environment:checking '/home/yamashita/plugins/install/sample_gazebo/lib/python3.8/site-packages'
[4.797s] Level 1:colcon.colcon_core.environment:checking '/home/yamashita/plugins/install/sample_gazebo/bin'
[4.850s] INFO:colcon.colcon_core.shell:Creating package script '/home/yamashita/plugins/install/sample_gazebo/share/sample_gazebo/package.ps1'
[4.851s] INFO:colcon.colcon_core.shell:Creating package descriptor '/home/yamashita/plugins/install/sample_gazebo/share/sample_gazebo/package.dsv'
[4.851s] INFO:colcon.colcon_core.shell:Creating package script '/home/yamashita/plugins/install/sample_gazebo/share/sample_gazebo/package.sh'
[4.852s] INFO:colcon.colcon_core.shell:Creating package script '/home/yamashita/plugins/install/sample_gazebo/share/sample_gazebo/package.bash'
[4.852s] INFO:colcon.colcon_core.shell:Creating package script '/home/yamashita/plugins/install/sample_gazebo/share/sample_gazebo/package.zsh'
[4.853s] Level 1:colcon.colcon_core.environment:create_file_with_runtime_dependencies(/home/yamashita/plugins/install/sample_gazebo/share/colcon-core/packages/sample_gazebo)
[4.925s] Level 1:colcon.colcon_core.environment:create_environment_scripts_only(sample_gazebo)
[4.992s] Level 1:colcon.colcon_core.environment:checking '/home/yamashita/plugins/install/sample_gazebo' for CMake module files
[4.992s] Level 1:colcon.colcon_core.environment:checking '/home/yamashita/plugins/install/sample_gazebo' for CMake config files
[4.992s] Level 1:colcon.colcon_core.shell:create_environment_hook('sample_gazebo', 'cmake_prefix_path')
[5.052s] INFO:colcon.colcon_core.shell:Creating environment hook '/home/yamashita/plugins/install/sample_gazebo/share/sample_gazebo/hook/cmake_prefix_path.ps1'
[5.053s] INFO:colcon.colcon_core.shell:Creating environment descriptor '/home/yamashita/plugins/install/sample_gazebo/share/sample_gazebo/hook/cmake_prefix_path.dsv'
[5.054s] INFO:colcon.colcon_core.shell:Creating environment hook '/home/yamashita/plugins/install/sample_gazebo/share/sample_gazebo/hook/cmake_prefix_path.sh'
[5.055s] Level 1:colcon.colcon_core.environment:checking '/home/yamashita/plugins/install/sample_gazebo/bin'
[5.055s] Level 1:colcon.colcon_core.environment:checking '/home/yamashita/plugins/install/sample_gazebo/lib/pkgconfig/sample_gazebo.pc'
[5.055s] Level 1:colcon.colcon_core.environment:checking '/home/yamashita/plugins/install/sample_gazebo/lib/python3.8/site-packages'
[5.056s] Level 1:colcon.colcon_core.environment:checking '/home/yamashita/plugins/install/sample_gazebo/bin'
[5.119s] INFO:colcon.colcon_core.shell:Creating package script '/home/yamashita/plugins/install/sample_gazebo/share/sample_gazebo/package.ps1'
[5.119s] INFO:colcon.colcon_core.shell:Creating package descriptor '/home/yamashita/plugins/install/sample_gazebo/share/sample_gazebo/package.dsv'
[5.120s] INFO:colcon.colcon_core.shell:Creating package script '/home/yamashita/plugins/install/sample_gazebo/share/sample_gazebo/package.sh'
[5.120s] INFO:colcon.colcon_core.shell:Creating package script '/home/yamashita/plugins/install/sample_gazebo/share/sample_gazebo/package.bash'
[5.120s] INFO:colcon.colcon_core.shell:Creating package script '/home/yamashita/plugins/install/sample_gazebo/share/sample_gazebo/package.zsh'
[5.121s] Level 1:colcon.colcon_core.environment:create_file_with_runtime_dependencies(/home/yamashita/plugins/install/sample_gazebo/share/colcon-core/packages/sample_gazebo)
[12.363s] DEBUG:colcon.colcon_core.event_handler.log_command:Invoked command in '/home/yamashita/plugins/build/motor_gazebo_plugin' returned '2': CMAKE_PREFIX_PATH=${CMAKE_PREFIX_PATH}:/home/yamashita/gazebo_ws/install/ros2_first_pkg:/opt/ros/foxy /usr/bin/cmake --build /home/yamashita/plugins/build/motor_gazebo_plugin -- -j12 -l12
[12.469s] Level 1:colcon.colcon_core.environment:create_environment_scripts_only(motor_gazebo_plugin)
[12.524s] Level 1:colcon.colcon_core.environment:checking '/home/yamashita/plugins/install/motor_gazebo_plugin' for CMake module files
[12.524s] Level 1:colcon.colcon_core.environment:checking '/home/yamashita/plugins/install/motor_gazebo_plugin' for CMake config files
[12.524s] Level 1:colcon.colcon_core.shell:create_environment_hook('motor_gazebo_plugin', 'cmake_prefix_path')
[12.576s] INFO:colcon.colcon_core.shell:Creating environment hook '/home/yamashita/plugins/install/motor_gazebo_plugin/share/motor_gazebo_plugin/hook/cmake_prefix_path.ps1'
[12.576s] INFO:colcon.colcon_core.shell:Creating environment descriptor '/home/yamashita/plugins/install/motor_gazebo_plugin/share/motor_gazebo_plugin/hook/cmake_prefix_path.dsv'
[12.577s] INFO:colcon.colcon_core.shell:Creating environment hook '/home/yamashita/plugins/install/motor_gazebo_plugin/share/motor_gazebo_plugin/hook/cmake_prefix_path.sh'
[12.578s] Level 1:colcon.colcon_core.environment:checking '/home/yamashita/plugins/install/motor_gazebo_plugin/lib'
[12.578s] Level 1:colcon.colcon_core.shell:create_environment_hook('motor_gazebo_plugin', 'ld_library_path_lib')
[12.633s] INFO:colcon.colcon_core.shell:Creating environment hook '/home/yamashita/plugins/install/motor_gazebo_plugin/share/motor_gazebo_plugin/hook/ld_library_path_lib.ps1'
[12.634s] INFO:colcon.colcon_core.shell:Creating environment descriptor '/home/yamashita/plugins/install/motor_gazebo_plugin/share/motor_gazebo_plugin/hook/ld_library_path_lib.dsv'
[12.635s] INFO:colcon.colcon_core.shell:Creating environment hook '/home/yamashita/plugins/install/motor_gazebo_plugin/share/motor_gazebo_plugin/hook/ld_library_path_lib.sh'
[12.635s] Level 1:colcon.colcon_core.environment:checking '/home/yamashita/plugins/install/motor_gazebo_plugin/bin'
[12.635s] Level 1:colcon.colcon_core.environment:checking '/home/yamashita/plugins/install/motor_gazebo_plugin/lib/pkgconfig/motor_gazebo_plugin.pc'
[12.635s] Level 1:colcon.colcon_core.environment:checking '/home/yamashita/plugins/install/motor_gazebo_plugin/lib/python3.8/site-packages'
[12.636s] Level 1:colcon.colcon_core.environment:checking '/home/yamashita/plugins/install/motor_gazebo_plugin/bin'
[12.698s] INFO:colcon.colcon_core.shell:Creating package script '/home/yamashita/plugins/install/motor_gazebo_plugin/share/motor_gazebo_plugin/package.ps1'
[12.699s] INFO:colcon.colcon_core.shell:Creating package descriptor '/home/yamashita/plugins/install/motor_gazebo_plugin/share/motor_gazebo_plugin/package.dsv'
[12.699s] INFO:colcon.colcon_core.shell:Creating package script '/home/yamashita/plugins/install/motor_gazebo_plugin/share/motor_gazebo_plugin/package.sh'
[12.699s] INFO:colcon.colcon_core.shell:Creating package script '/home/yamashita/plugins/install/motor_gazebo_plugin/share/motor_gazebo_plugin/package.bash'
[12.700s] INFO:colcon.colcon_core.shell:Creating package script '/home/yamashita/plugins/install/motor_gazebo_plugin/share/motor_gazebo_plugin/package.zsh'
[12.700s] Level 1:colcon.colcon_core.environment:create_file_with_runtime_dependencies(/home/yamashita/plugins/install/motor_gazebo_plugin/share/colcon-core/packages/motor_gazebo_plugin)
[12.711s] DEBUG:colcon.colcon_parallel_executor.executor.parallel:closing loop
[12.712s] DEBUG:colcon.colcon_parallel_executor.executor.parallel:loop closed
[12.712s] DEBUG:colcon.colcon_parallel_executor.executor.parallel:run_until_complete finished with '2'
[12.712s] DEBUG:colcon.colcon_core.event_reactor:joining thread
[12.833s] INFO:colcon.colcon_core.plugin_system:Skipping extension 'colcon_notification.desktop_notification.notify_send': Could not find 'notify-send'
[12.834s] INFO:colcon.colcon_core.plugin_system:Skipping extension 'colcon_notification.desktop_notification.terminal_notifier': Not used on non-Darwin systems
[12.834s] INFO:colcon.colcon_core.plugin_system:Skipping extension 'colcon_notification.desktop_notification.win32': Not used on non-Windows systems
[12.834s] INFO:colcon.colcon_notification.desktop_notification:Sending desktop notification using 'notify2'
[12.835s] DEBUG:colcon.colcon_notification.desktop_notification.notify2:Failed to initialize notify2: org.freedesktop.DBus.Error.ServiceUnknown: The name org.freedesktop.Notifications was not provided by any .service files
[12.835s] DEBUG:colcon.colcon_core.event_reactor:joined thread
[12.896s] INFO:colcon.colcon_core.shell:Creating prefix script '/home/yamashita/plugins/install/local_setup.ps1'
[12.896s] INFO:colcon.colcon_core.shell:Creating prefix util module '/home/yamashita/plugins/install/_local_setup_util_ps1.py'
[12.897s] INFO:colcon.colcon_core.shell:Creating prefix chain script '/home/yamashita/plugins/install/setup.ps1'
[12.959s] INFO:colcon.colcon_core.shell:Creating prefix script '/home/yamashita/plugins/install/local_setup.sh'
[12.959s] INFO:colcon.colcon_core.shell:Creating prefix util module '/home/yamashita/plugins/install/_local_setup_util_sh.py'
[12.960s] INFO:colcon.colcon_core.shell:Creating prefix chain script '/home/yamashita/plugins/install/setup.sh'
[13.023s] INFO:colcon.colcon_core.shell:Creating prefix script '/home/yamashita/plugins/install/local_setup.bash'
[13.024s] INFO:colcon.colcon_core.shell:Creating prefix chain script '/home/yamashita/plugins/install/setup.bash'
[13.092s] INFO:colcon.colcon_core.shell:Creating prefix script '/home/yamashita/plugins/install/local_setup.zsh'
[13.092s] INFO:colcon.colcon_core.shell:Creating prefix chain script '/home/yamashita/plugins/install/setup.zsh'
