[0.489s] Invoking command in '/home/yamashita/plugins/build/sample_gazebo': CMAKE_PREFIX_PATH=${CMAKE_PREFIX_PATH}:/home/yamashita/gazebo_ws/install/ros2_first_pkg:/opt/ros/foxy /usr/bin/cmake --build /home/yamashita/plugins/build/sample_gazebo -- -j12 -l12
[0.514s] -- Found ament_cmake: 0.9.12 (/opt/ros/foxy/share/ament_cmake/cmake)
[0.541s] -- Using PYTHON_EXECUTABLE: /usr/bin/python3
[0.705s] -- Found ament_lint_auto: 0.9.8 (/opt/ros/foxy/share/ament_lint_auto/cmake)
[0.778s] -- Added test 'copyright' to check source files copyright and LICENSE
[0.784s] -- Added test 'flake8' to check Python code syntax and style conventions
[0.785s] -- Added test 'lint_cmake' to check CMake code style
[0.785s] -- Added test 'pep257' to check Python code against some of the style conventions in PEP 257
[0.786s] -- Added test 'xmllint' to check XML markup files
[0.788s] -- Configuring done
[0.795s] -- Generating done
[0.798s] -- Build files have been written to: /home/yamashita/plugins/build/sample_gazebo
[0.850s] Invoked command in '/home/yamashita/plugins/build/sample_gazebo' returned '0': CMAKE_PREFIX_PATH=${CMAKE_PREFIX_PATH}:/home/yamashita/gazebo_ws/install/ros2_first_pkg:/opt/ros/foxy /usr/bin/cmake --build /home/yamashita/plugins/build/sample_gazebo -- -j12 -l12
[1.179s] Invoking command in '/home/yamashita/plugins/build/sample_gazebo': CMAKE_PREFIX_PATH=${CMAKE_PREFIX_PATH}:/home/yamashita/gazebo_ws/install/ros2_first_pkg:/opt/ros/foxy /usr/bin/cmake --install /home/yamashita/plugins/build/sample_gazebo
[1.184s] -- Install configuration: ""
[1.184s] -- Up-to-date: /home/yamashita/plugins/install/sample_gazebo/share/sample_gazebo/world
[1.184s] -- Up-to-date: /home/yamashita/plugins/install/sample_gazebo/share/sample_gazebo/world/demo_cp.world
[1.184s] -- Installing: /home/yamashita/plugins/install/sample_gazebo/share/sample_gazebo/launch
[1.184s] -- Installing: /home/yamashita/plugins/install/sample_gazebo/share/sample_gazebo/launch/sample_gazebo.launch.py
[1.184s] -- Up-to-date: /home/yamashita/plugins/install/sample_gazebo/share/ament_index/resource_index/package_run_dependencies/sample_gazebo
[1.185s] -- Installing: /home/yamashita/plugins/install/sample_gazebo/share/ament_index/resource_index/parent_prefix_path/sample_gazebo
[1.185s] -- Up-to-date: /home/yamashita/plugins/install/sample_gazebo/share/sample_gazebo/environment/ament_prefix_path.sh
[1.185s] -- Installing: /home/yamashita/plugins/install/sample_gazebo/share/sample_gazebo/environment/ament_prefix_path.dsv
[1.185s] -- Up-to-date: /home/yamashita/plugins/install/sample_gazebo/share/sample_gazebo/environment/path.sh
[1.185s] -- Installing: /home/yamashita/plugins/install/sample_gazebo/share/sample_gazebo/environment/path.dsv
[1.186s] -- Up-to-date: /home/yamashita/plugins/install/sample_gazebo/share/sample_gazebo/local_setup.bash
[1.186s] -- Up-to-date: /home/yamashita/plugins/install/sample_gazebo/share/sample_gazebo/local_setup.sh
[1.186s] -- Up-to-date: /home/yamashita/plugins/install/sample_gazebo/share/sample_gazebo/local_setup.zsh
[1.186s] -- Installing: /home/yamashita/plugins/install/sample_gazebo/share/sample_gazebo/local_setup.dsv
[1.186s] -- Installing: /home/yamashita/plugins/install/sample_gazebo/share/sample_gazebo/package.dsv
[1.187s] -- Up-to-date: /home/yamashita/plugins/install/sample_gazebo/share/ament_index/resource_index/packages/sample_gazebo
[1.187s] -- Up-to-date: /home/yamashita/plugins/install/sample_gazebo/share/sample_gazebo/cmake/sample_gazeboConfig.cmake
[1.187s] -- Up-to-date: /home/yamashita/plugins/install/sample_gazebo/share/sample_gazebo/cmake/sample_gazeboConfig-version.cmake
[1.187s] -- Installing: /home/yamashita/plugins/install/sample_gazebo/share/sample_gazebo/package.xml
[1.189s] Invoked command in '/home/yamashita/plugins/build/sample_gazebo' returned '0': CMAKE_PREFIX_PATH=${CMAKE_PREFIX_PATH}:/home/yamashita/gazebo_ws/install/ros2_first_pkg:/opt/ros/foxy /usr/bin/cmake --install /home/yamashita/plugins/build/sample_gazebo
