[0.685s] Invoking command in '/home/yamashita/plugins/build/motor_gazebo_plugin': CMAKE_PREFIX_PATH=${CMAKE_PREFIX_PATH}:/home/yamashita/gazebo_ws/install/ros2_first_pkg:/opt/ros/foxy /usr/bin/cmake --build /home/yamashita/plugins/build/motor_gazebo_plugin -- -j12 -l12
[0.748s] [100%] Built target motor_gazebo_plugin
[0.761s] Invoked command in '/home/yamashita/plugins/build/motor_gazebo_plugin' returned '0': CMAKE_PREFIX_PATH=${CMAKE_PREFIX_PATH}:/home/yamashita/gazebo_ws/install/ros2_first_pkg:/opt/ros/foxy /usr/bin/cmake --build /home/yamashita/plugins/build/motor_gazebo_plugin -- -j12 -l12
[0.790s] Invoking command in '/home/yamashita/plugins/build/motor_gazebo_plugin': CMAKE_PREFIX_PATH=${CMAKE_PREFIX_PATH}:/home/yamashita/gazebo_ws/install/ros2_first_pkg:/opt/ros/foxy /usr/bin/cmake --install /home/yamashita/plugins/build/motor_gazebo_plugin
[0.796s] -- Install configuration: ""
[0.796s] -- Up-to-date: /home/yamashita/plugins/install/motor_gazebo_plugin/share/motor_gazebo_plugin/environment/library_path.sh
[0.796s] -- Up-to-date: /home/yamashita/plugins/install/motor_gazebo_plugin/share/motor_gazebo_plugin/environment/library_path.dsv
[0.796s] -- Up-to-date: /home/yamashita/plugins/install/motor_gazebo_plugin/lib/libmotor_gazebo_plugin.so
[0.797s] -- Up-to-date: /home/yamashita/plugins/install/motor_gazebo_plugin/share/ament_index/resource_index/package_run_dependencies/motor_gazebo_plugin
[0.797s] -- Up-to-date: /home/yamashita/plugins/install/motor_gazebo_plugin/share/ament_index/resource_index/parent_prefix_path/motor_gazebo_plugin
[0.797s] -- Up-to-date: /home/yamashita/plugins/install/motor_gazebo_plugin/share/motor_gazebo_plugin/environment/ament_prefix_path.sh
[0.797s] -- Up-to-date: /home/yamashita/plugins/install/motor_gazebo_plugin/share/motor_gazebo_plugin/environment/ament_prefix_path.dsv
[0.798s] -- Up-to-date: /home/yamashita/plugins/install/motor_gazebo_plugin/share/motor_gazebo_plugin/environment/path.sh
[0.798s] -- Up-to-date: /home/yamashita/plugins/install/motor_gazebo_plugin/share/motor_gazebo_plugin/environment/path.dsv
[0.798s] -- Up-to-date: /home/yamashita/plugins/install/motor_gazebo_plugin/share/motor_gazebo_plugin/local_setup.bash
[0.799s] -- Up-to-date: /home/yamashita/plugins/install/motor_gazebo_plugin/share/motor_gazebo_plugin/local_setup.sh
[0.799s] -- Up-to-date: /home/yamashita/plugins/install/motor_gazebo_plugin/share/motor_gazebo_plugin/local_setup.zsh
[0.799s] -- Up-to-date: /home/yamashita/plugins/install/motor_gazebo_plugin/share/motor_gazebo_plugin/local_setup.dsv
[0.799s] -- Installing: /home/yamashita/plugins/install/motor_gazebo_plugin/share/motor_gazebo_plugin/package.dsv
[0.799s] -- Up-to-date: /home/yamashita/plugins/install/motor_gazebo_plugin/share/ament_index/resource_index/packages/motor_gazebo_plugin
[0.799s] -- Up-to-date: /home/yamashita/plugins/install/motor_gazebo_plugin/share/motor_gazebo_plugin/cmake/ament_cmake_export_libraries-extras.cmake
[0.800s] -- Up-to-date: /home/yamashita/plugins/install/motor_gazebo_plugin/share/motor_gazebo_plugin/cmake/motor_gazebo_pluginConfig.cmake
[0.800s] -- Up-to-date: /home/yamashita/plugins/install/motor_gazebo_plugin/share/motor_gazebo_plugin/cmake/motor_gazebo_pluginConfig-version.cmake
[0.800s] -- Up-to-date: /home/yamashita/plugins/install/motor_gazebo_plugin/share/motor_gazebo_plugin/package.xml
[0.802s] Invoked command in '/home/yamashita/plugins/build/motor_gazebo_plugin' returned '0': CMAKE_PREFIX_PATH=${CMAKE_PREFIX_PATH}:/home/yamashita/gazebo_ws/install/ros2_first_pkg:/opt/ros/foxy /usr/bin/cmake --install /home/yamashita/plugins/build/motor_gazebo_plugin
