[3.246s] DEBUG:colcon:Command line arguments: ['/usr/bin/colcon', 'build']
[3.246s] DEBUG:colcon:Parsed command line arguments: Namespace(allow_overriding=[], ament_cmake_args=None, base_paths=['.'], build_base='build', catkin_cmake_args=None, catkin_skip_building_tests=False, cmake_args=None, cmake_clean_cache=False, cmake_clean_first=False, cmake_force_configure=False, cmake_target=None, cmake_target_skip_unavailable=False, continue_on_error=False, event_handlers=None, executor='parallel', ignore_user_meta=False, install_base='install', log_base=None, log_level=None, main=<bound method BuildVerb.main of <colcon_core.verb.build.BuildVerb object at 0x7fce31016220>>, merge_install=False, metas=['./colcon.meta'], packages_above=None, packages_above_and_dependencies=None, packages_above_depth=None, packages_end=None, packages_ignore=None, packages_ignore_regex=None, packages_select=None, packages_select_build_failed=False, packages_select_by_dep=None, packages_select_regex=None, packages_select_test_failures=False, packages_skip=None, packages_skip_build_finished=False, packages_skip_by_dep=None, packages_skip_regex=None, packages_skip_test_passed=False, packages_skip_up_to=None, packages_start=None, packages_up_to=None, packages_up_to_regex=None, parallel_workers=12, paths=None, symlink_install=False, test_result_base=None, verb_extension=<colcon_core.verb.build.BuildVerb object at 0x7fce31016220>, verb_name='build', verb_parser=<colcon_defaults.argument_parser.defaults.DefaultArgumentsDecorator object at 0x7fce30c8e280>)
[3.363s] Level 1:colcon.colcon_core.package_discovery:discover_packages(colcon_meta) check parameters
[3.364s] Level 1:colcon.colcon_core.package_discovery:discover_packages(recursive) check parameters
[3.364s] Level 1:colcon.colcon_core.package_discovery:discover_packages(ignore) check parameters
[3.364s] Level 1:colcon.colcon_core.package_discovery:discover_packages(path) check parameters
[3.364s] Level 1:colcon.colcon_core.package_discovery:discover_packages(colcon_meta) discover
[3.364s] Level 1:colcon.colcon_core.package_discovery:discover_packages(recursive) discover
[3.364s] INFO:colcon.colcon_core.package_discovery:Crawling recursively for packages in '/home/yamashita/plugins'
[3.364s] Level 1:colcon.colcon_core.package_identification:_identify(.) by extensions ['ignore', 'ignore_ament_install']
[3.364s] Level 1:colcon.colcon_core.package_identification:_identify(.) by extension 'ignore'
[3.364s] Level 1:colcon.colcon_core.package_identification:_identify(.) by extension 'ignore_ament_install'
[3.364s] Level 1:colcon.colcon_core.package_identification:_identify(.) by extensions ['colcon_pkg']
[3.364s] Level 1:colcon.colcon_core.package_identification:_identify(.) by extension 'colcon_pkg'
[3.364s] Level 1:colcon.colcon_core.package_identification:_identify(.) by extensions ['colcon_meta']
[3.364s] Level 1:colcon.colcon_core.package_identification:_identify(.) by extension 'colcon_meta'
[3.364s] Level 1:colcon.colcon_core.package_identification:_identify(.) by extensions ['ros']
[3.364s] Level 1:colcon.colcon_core.package_identification:_identify(.) by extension 'ros'
[3.373s] Level 1:colcon.colcon_core.package_identification:_identify(.) by extensions ['cmake', 'python']
[3.373s] Level 1:colcon.colcon_core.package_identification:_identify(.) by extension 'cmake'
[3.373s] Level 1:colcon.colcon_core.package_identification:_identify(.) by extension 'python'
[3.373s] Level 1:colcon.colcon_core.package_identification:_identify(.) by extensions ['python_setup_py']
[3.373s] Level 1:colcon.colcon_core.package_identification:_identify(.) by extension 'python_setup_py'
[3.373s] Level 1:colcon.colcon_core.package_identification:_identify(build) by extensions ['ignore', 'ignore_ament_install']
[3.373s] Level 1:colcon.colcon_core.package_identification:_identify(build) by extension 'ignore'
[3.373s] Level 1:colcon.colcon_core.package_identification:_identify(build) ignored
[3.373s] Level 1:colcon.colcon_core.package_identification:_identify(install) by extensions ['ignore', 'ignore_ament_install']
[3.373s] Level 1:colcon.colcon_core.package_identification:_identify(install) by extension 'ignore'
[3.373s] Level 1:colcon.colcon_core.package_identification:_identify(install) ignored
[3.374s] Level 1:colcon.colcon_core.package_identification:_identify(log) by extensions ['ignore', 'ignore_ament_install']
[3.374s] Level 1:colcon.colcon_core.package_identification:_identify(log) by extension 'ignore'
[3.374s] Level 1:colcon.colcon_core.package_identification:_identify(log) ignored
[3.374s] Level 1:colcon.colcon_core.package_identification:_identify(src) by extensions ['ignore', 'ignore_ament_install']
[3.374s] Level 1:colcon.colcon_core.package_identification:_identify(src) by extension 'ignore'
[3.374s] Level 1:colcon.colcon_core.package_identification:_identify(src) by extension 'ignore_ament_install'
[3.374s] Level 1:colcon.colcon_core.package_identification:_identify(src) by extensions ['colcon_pkg']
[3.374s] Level 1:colcon.colcon_core.package_identification:_identify(src) by extension 'colcon_pkg'
[3.374s] Level 1:colcon.colcon_core.package_identification:_identify(src) by extensions ['colcon_meta']
[3.374s] Level 1:colcon.colcon_core.package_identification:_identify(src) by extension 'colcon_meta'
[3.374s] Level 1:colcon.colcon_core.package_identification:_identify(src) by extensions ['ros']
[3.374s] Level 1:colcon.colcon_core.package_identification:_identify(src) by extension 'ros'
[3.374s] Level 1:colcon.colcon_core.package_identification:_identify(src) by extensions ['cmake', 'python']
[3.374s] Level 1:colcon.colcon_core.package_identification:_identify(src) by extension 'cmake'
[3.374s] Level 1:colcon.colcon_core.package_identification:_identify(src) by extension 'python'
[3.374s] Level 1:colcon.colcon_core.package_identification:_identify(src) by extensions ['python_setup_py']
[3.374s] Level 1:colcon.colcon_core.package_identification:_identify(src) by extension 'python_setup_py'
[3.374s] Level 1:colcon.colcon_core.package_identification:_identify(src/motor_gazebo_plugin) by extensions ['ignore', 'ignore_ament_install']
[3.374s] Level 1:colcon.colcon_core.package_identification:_identify(src/motor_gazebo_plugin) by extension 'ignore'
[3.375s] Level 1:colcon.colcon_core.package_identification:_identify(src/motor_gazebo_plugin) by extension 'ignore_ament_install'
[3.375s] Level 1:colcon.colcon_core.package_identification:_identify(src/motor_gazebo_plugin) by extensions ['colcon_pkg']
[3.375s] Level 1:colcon.colcon_core.package_identification:_identify(src/motor_gazebo_plugin) by extension 'colcon_pkg'
[3.375s] Level 1:colcon.colcon_core.package_identification:_identify(src/motor_gazebo_plugin) by extensions ['colcon_meta']
[3.375s] Level 1:colcon.colcon_core.package_identification:_identify(src/motor_gazebo_plugin) by extension 'colcon_meta'
[3.375s] Level 1:colcon.colcon_core.package_identification:_identify(src/motor_gazebo_plugin) by extensions ['ros']
[3.375s] Level 1:colcon.colcon_core.package_identification:_identify(src/motor_gazebo_plugin) by extension 'ros'
[3.377s] DEBUG:colcon.colcon_core.package_identification:Package 'src/motor_gazebo_plugin' with type 'ros.ament_cmake' and name 'motor_gazebo_plugin'
[3.377s] Level 1:colcon.colcon_core.package_discovery:discover_packages(recursive) using defaults
[3.377s] Level 1:colcon.colcon_core.package_discovery:discover_packages(ignore) discover
[3.377s] Level 1:colcon.colcon_core.package_discovery:discover_packages(ignore) using defaults
[3.377s] Level 1:colcon.colcon_core.package_discovery:discover_packages(path) discover
[3.377s] Level 1:colcon.colcon_core.package_discovery:discover_packages(path) using defaults
[3.655s] Level 1:colcon.colcon_core.package_discovery:discover_packages(prefix_path) check parameters
[3.655s] Level 1:colcon.colcon_core.package_discovery:discover_packages(prefix_path) discover
[3.751s] DEBUG:colcon.colcon_installed_package_information.package_discovery:Found 5 installed packages in /home/yamashita/pra_plugin/install
[3.800s] DEBUG:colcon.colcon_installed_package_information.package_discovery:Found 1 installed packages in /home/yamashita/gazebo_ws/install
[3.848s] DEBUG:colcon.colcon_installed_package_information.package_discovery:Found 0 installed packages in /home/yamashita/ros2_ws/install
[3.904s] DEBUG:colcon.colcon_installed_package_information.package_discovery:Found 290 installed packages in /opt/ros/foxy
[3.905s] Level 1:colcon.colcon_core.package_discovery:discover_packages(prefix_path) using defaults
[4.059s] Level 5:colcon.colcon_core.verb:set package 'motor_gazebo_plugin' build argument 'cmake_args' from command line to 'None'
[4.059s] Level 5:colcon.colcon_core.verb:set package 'motor_gazebo_plugin' build argument 'cmake_target' from command line to 'None'
[4.059s] Level 5:colcon.colcon_core.verb:set package 'motor_gazebo_plugin' build argument 'cmake_target_skip_unavailable' from command line to 'False'
[4.059s] Level 5:colcon.colcon_core.verb:set package 'motor_gazebo_plugin' build argument 'cmake_clean_cache' from command line to 'False'
[4.059s] Level 5:colcon.colcon_core.verb:set package 'motor_gazebo_plugin' build argument 'cmake_clean_first' from command line to 'False'
[4.059s] Level 5:colcon.colcon_core.verb:set package 'motor_gazebo_plugin' build argument 'cmake_force_configure' from command line to 'False'
[4.059s] Level 5:colcon.colcon_core.verb:set package 'motor_gazebo_plugin' build argument 'ament_cmake_args' from command line to 'None'
[4.059s] Level 5:colcon.colcon_core.verb:set package 'motor_gazebo_plugin' build argument 'catkin_cmake_args' from command line to 'None'
[4.059s] Level 5:colcon.colcon_core.verb:set package 'motor_gazebo_plugin' build argument 'catkin_skip_building_tests' from command line to 'False'
[4.059s] DEBUG:colcon.colcon_core.verb:Building package 'motor_gazebo_plugin' with the following arguments: {'ament_cmake_args': None, 'build_base': '/home/yamashita/plugins/build/motor_gazebo_plugin', 'catkin_cmake_args': None, 'catkin_skip_building_tests': False, 'cmake_args': None, 'cmake_clean_cache': False, 'cmake_clean_first': False, 'cmake_force_configure': False, 'cmake_target': None, 'cmake_target_skip_unavailable': False, 'install_base': '/home/yamashita/plugins/install/motor_gazebo_plugin', 'merge_install': False, 'path': '/home/yamashita/plugins/src/motor_gazebo_plugin', 'symlink_install': False, 'test_result_base': None}
[4.106s] INFO:colcon.colcon_core.executor:Executing jobs using 'parallel' executor
[4.153s] DEBUG:colcon.colcon_parallel_executor.executor.parallel:run_until_complete
[4.153s] INFO:colcon.colcon_ros.task.ament_cmake.build:Building ROS package in '/home/yamashita/plugins/src/motor_gazebo_plugin' with build type 'ament_cmake'
[4.154s] INFO:colcon.colcon_cmake.task.cmake.build:Building CMake package in '/home/yamashita/plugins/src/motor_gazebo_plugin'
[4.208s] INFO:colcon.colcon_core.plugin_system:Skipping extension 'colcon_core.shell.bat': Not used on non-Windows systems
[4.208s] INFO:colcon.colcon_core.shell:Skip shell extension 'powershell' for command environment: Not usable outside of PowerShell
[4.208s] DEBUG:colcon.colcon_core.shell:Skip shell extension 'dsv' for command environment
[4.499s] DEBUG:colcon.colcon_core.event_handler.log_command:Invoking command in '/home/yamashita/plugins/build/motor_gazebo_plugin': CMAKE_PREFIX_PATH=${CMAKE_PREFIX_PATH}:/home/yamashita/gazebo_ws/install/ros2_first_pkg:/opt/ros/foxy /usr/bin/cmake --build /home/yamashita/plugins/build/motor_gazebo_plugin -- -j12 -l12
[34.553s] DEBUG:colcon.colcon_core.event_handler.log_command:Invoked command in '/home/yamashita/plugins/build/motor_gazebo_plugin' returned '2': CMAKE_PREFIX_PATH=${CMAKE_PREFIX_PATH}:/home/yamashita/gazebo_ws/install/ros2_first_pkg:/opt/ros/foxy /usr/bin/cmake --build /home/yamashita/plugins/build/motor_gazebo_plugin -- -j12 -l12
[34.631s] Level 1:colcon.colcon_core.environment:create_environment_scripts_only(motor_gazebo_plugin)
[34.680s] Level 1:colcon.colcon_core.environment:checking '/home/yamashita/plugins/install/motor_gazebo_plugin' for CMake module files
[34.681s] Level 1:colcon.colcon_core.environment:checking '/home/yamashita/plugins/install/motor_gazebo_plugin' for CMake config files
[34.681s] Level 1:colcon.colcon_core.shell:create_environment_hook('motor_gazebo_plugin', 'cmake_prefix_path')
[34.735s] INFO:colcon.colcon_core.shell:Creating environment hook '/home/yamashita/plugins/install/motor_gazebo_plugin/share/motor_gazebo_plugin/hook/cmake_prefix_path.ps1'
[34.736s] INFO:colcon.colcon_core.shell:Creating environment descriptor '/home/yamashita/plugins/install/motor_gazebo_plugin/share/motor_gazebo_plugin/hook/cmake_prefix_path.dsv'
[34.736s] INFO:colcon.colcon_core.shell:Creating environment hook '/home/yamashita/plugins/install/motor_gazebo_plugin/share/motor_gazebo_plugin/hook/cmake_prefix_path.sh'
[34.737s] Level 1:colcon.colcon_core.environment:checking '/home/yamashita/plugins/install/motor_gazebo_plugin/lib'
[34.737s] Level 1:colcon.colcon_core.shell:create_environment_hook('motor_gazebo_plugin', 'ld_library_path_lib')
[34.788s] INFO:colcon.colcon_core.shell:Creating environment hook '/home/yamashita/plugins/install/motor_gazebo_plugin/share/motor_gazebo_plugin/hook/ld_library_path_lib.ps1'
[34.788s] INFO:colcon.colcon_core.shell:Creating environment descriptor '/home/yamashita/plugins/install/motor_gazebo_plugin/share/motor_gazebo_plugin/hook/ld_library_path_lib.dsv'
[34.789s] INFO:colcon.colcon_core.shell:Creating environment hook '/home/yamashita/plugins/install/motor_gazebo_plugin/share/motor_gazebo_plugin/hook/ld_library_path_lib.sh'
[34.790s] Level 1:colcon.colcon_core.environment:checking '/home/yamashita/plugins/install/motor_gazebo_plugin/bin'
[34.790s] Level 1:colcon.colcon_core.environment:checking '/home/yamashita/plugins/install/motor_gazebo_plugin/lib/pkgconfig/motor_gazebo_plugin.pc'
[34.790s] Level 1:colcon.colcon_core.environment:checking '/home/yamashita/plugins/install/motor_gazebo_plugin/lib/python3.8/site-packages'
[34.791s] Level 1:colcon.colcon_core.environment:checking '/home/yamashita/plugins/install/motor_gazebo_plugin/bin'
[34.844s] INFO:colcon.colcon_core.shell:Creating package script '/home/yamashita/plugins/install/motor_gazebo_plugin/share/motor_gazebo_plugin/package.ps1'
[34.845s] INFO:colcon.colcon_core.shell:Creating package descriptor '/home/yamashita/plugins/install/motor_gazebo_plugin/share/motor_gazebo_plugin/package.dsv'
[34.845s] INFO:colcon.colcon_core.shell:Creating package script '/home/yamashita/plugins/install/motor_gazebo_plugin/share/motor_gazebo_plugin/package.sh'
[34.846s] INFO:colcon.colcon_core.shell:Creating package script '/home/yamashita/plugins/install/motor_gazebo_plugin/share/motor_gazebo_plugin/package.bash'
[34.846s] INFO:colcon.colcon_core.shell:Creating package script '/home/yamashita/plugins/install/motor_gazebo_plugin/share/motor_gazebo_plugin/package.zsh'
[34.847s] Level 1:colcon.colcon_core.environment:create_file_with_runtime_dependencies(/home/yamashita/plugins/install/motor_gazebo_plugin/share/colcon-core/packages/motor_gazebo_plugin)
[34.858s] DEBUG:colcon.colcon_parallel_executor.executor.parallel:closing loop
[34.859s] DEBUG:colcon.colcon_parallel_executor.executor.parallel:loop closed
[34.859s] DEBUG:colcon.colcon_parallel_executor.executor.parallel:run_until_complete finished with '2'
[34.859s] DEBUG:colcon.colcon_core.event_reactor:joining thread
[34.979s] INFO:colcon.colcon_core.plugin_system:Skipping extension 'colcon_notification.desktop_notification.notify_send': Could not find 'notify-send'
[34.979s] INFO:colcon.colcon_core.plugin_system:Skipping extension 'colcon_notification.desktop_notification.terminal_notifier': Not used on non-Darwin systems
[34.979s] INFO:colcon.colcon_core.plugin_system:Skipping extension 'colcon_notification.desktop_notification.win32': Not used on non-Windows systems
[34.979s] INFO:colcon.colcon_notification.desktop_notification:Sending desktop notification using 'notify2'
[34.980s] DEBUG:colcon.colcon_notification.desktop_notification.notify2:Failed to initialize notify2: org.freedesktop.DBus.Error.ServiceUnknown: The name org.freedesktop.Notifications was not provided by any .service files
[34.981s] DEBUG:colcon.colcon_core.event_reactor:joined thread
[35.027s] INFO:colcon.colcon_core.shell:Creating prefix script '/home/yamashita/plugins/install/local_setup.ps1'
[35.028s] INFO:colcon.colcon_core.shell:Creating prefix util module '/home/yamashita/plugins/install/_local_setup_util_ps1.py'
[35.028s] INFO:colcon.colcon_core.shell:Creating prefix chain script '/home/yamashita/plugins/install/setup.ps1'
[35.075s] INFO:colcon.colcon_core.shell:Creating prefix script '/home/yamashita/plugins/install/local_setup.sh'
[35.075s] INFO:colcon.colcon_core.shell:Creating prefix util module '/home/yamashita/plugins/install/_local_setup_util_sh.py'
[35.076s] INFO:colcon.colcon_core.shell:Creating prefix chain script '/home/yamashita/plugins/install/setup.sh'
[35.124s] INFO:colcon.colcon_core.shell:Creating prefix script '/home/yamashita/plugins/install/local_setup.bash'
[35.125s] INFO:colcon.colcon_core.shell:Creating prefix chain script '/home/yamashita/plugins/install/setup.bash'
[35.169s] INFO:colcon.colcon_core.shell:Creating prefix script '/home/yamashita/plugins/install/local_setup.zsh'
[35.170s] INFO:colcon.colcon_core.shell:Creating prefix chain script '/home/yamashita/plugins/install/setup.zsh'
