[0.345s] Invoking command in '/home/yamashita/plugins/build/motor_gazebo_plugin': CMAKE_PREFIX_PATH=${CMAKE_PREFIX_PATH}:/home/yamashita/gazebo_ws/install/ros2_first_pkg:/opt/ros/foxy /usr/bin/cmake --build /home/yamashita/plugins/build/motor_gazebo_plugin -- -j12 -l12
[0.384s] [35m[1mScanning dependencies of target motor_gazebo_plugin[0m
[0.435s] [ 50%] [32mBuilding CXX object CMakeFiles/motor_gazebo_plugin.dir/src/motor_gazebo_plugin.cpp.o[0m
[5.285s] In file included from [01m[K/usr/include/boost/function.hpp:23[m[K,
[5.285s]                  from [01m[K/usr/include/gazebo-11/gazebo/physics/Model.hh:24[m[K,
[5.285s]                  from [01m[K/home/yamashita/plugins/src/motor_gazebo_plugin/src/motor_gazebo_plugin.cpp:1[m[K:
[5.285s] /usr/include/c++/9/functional: In instantiation of ‘[01m[Kstruct std::_Bind_check_arity<void (gazebo::MotorGazeboPluginPrivate::*)(), gazebo::MotorGazeboPlugin*, const boost::arg<1>&>[m[K’:
[5.285s] [01m[K/usr/include/c++/9/functional:787:12:[m[K   required from ‘[01m[Kstruct std::_Bind_helper<false, void (gazebo::MotorGazeboPluginPrivate::*)(), gazebo::MotorGazeboPlugin*, const boost::arg<1>&>[m[K’
[5.285s] [01m[K/usr/include/c++/9/functional:808:5:[m[K   required by substitution of ‘[01m[Ktemplate<class _Func, class ... _BoundArgs> typename std::_Bind_helper<std::__is_socketlike<_Func>::value, _Func, _BoundArgs ...>::type std::bind(_Func&&, _BoundArgs&& ...) [with _Func = void (gazebo::MotorGazeboPluginPrivate::*)(); _BoundArgs = {gazebo::MotorGazeboPlugin*, const boost::arg<1>&}][m[K’
[5.285s] [01m[K/home/yamashita/plugins/src/motor_gazebo_plugin/src/motor_gazebo_plugin.cpp:67:162:[m[K   required from here
[5.285s] [01m[K/usr/include/c++/9/functional:775:7:[m[K [01;31m[Kerror: [m[Kstatic assertion failed: Wrong number of arguments for pointer-to-member
[5.285s]   774 |       static_assert(_Varargs::[01;31m[Kvalue[m[K
[5.285s]       |                               [01;31m[K~~~~~[m[K
[5.285s]   775 | [01;31m[K      ? sizeof...(_BoundArgs) >= _Arity::value + 1[m[K
[5.285s]       |       [01;31m[K^~~~~~~~~~~~~~~~~~~~~~~~~~~~~~~~~~~~~~~~~~~~[m[K
[5.285s]   776 | [01;31m[K      : sizeof...(_BoundArgs) == _Arity::value + 1[m[K,
[5.285s]       |       [01;31m[K~~~~~~~~~~~~~~~~~~~~~~~~~~~~~~~~~~~~~~~~~~~~[m[K
[5.288s] [01m[K/home/yamashita/plugins/src/motor_gazebo_plugin/src/motor_gazebo_plugin.cpp:[m[K In member function ‘[01m[Kvirtual void gazebo::MotorGazeboPlugin::Load(gazebo::physics::ModelPtr, sdf::v9::ElementPtr)[m[K’:
[5.289s] [01m[K/home/yamashita/plugins/src/motor_gazebo_plugin/src/motor_gazebo_plugin.cpp:67:163:[m[K [01;31m[Kerror: [m[Kexpected ‘[01m[K)[m[K’ before ‘[01m[K;[m[K’ token
[5.289s]    67 |         impl_->msg_sub_ = impl_->ros_node_->create_subscription<std_msgs::msg::Float32>[34m[K([m[K"motor/speed",10,std::bind(&MotorGazeboPluginPrivate::SubCallBack,this,_1)[01;31m[K;[m[K);
[5.289s]       |                                                                                        [34m[K~[m[K                                                                          [01;31m[K^[m[K
[5.289s]       |                                                                                                                                                                   [32m[K)[m[K
[5.289s] [01m[K/home/yamashita/plugins/src/motor_gazebo_plugin/src/motor_gazebo_plugin.cpp:67:164:[m[K [01;31m[Kerror: [m[Kexpected primary-expression before ‘[01m[K)[m[K’ token
[5.289s]    67 |         impl_->msg_sub_ = impl_->ros_node_->create_subscription<std_msgs::msg::Float32>("motor/speed",10,std::bind(&MotorGazeboPluginPrivate::SubCallBack,this,_1);[01;31m[K)[m[K;
[5.289s]       |                                                                                                                                                                    [01;31m[K^[m[K
[5.293s] [01m[K/home/yamashita/plugins/src/motor_gazebo_plugin/src/motor_gazebo_plugin.cpp:[m[K At global scope:
[5.293s] [01m[K/home/yamashita/plugins/src/motor_gazebo_plugin/src/motor_gazebo_plugin.cpp:79:10:[m[K [01;31m[Kerror: [m[Kno declaration matches ‘[01m[Kvoid gazebo::MotorGazeboPluginPrivate::Onupdate()[m[K’
[5.293s]    79 |     void [01;31m[KMotorGazeboPluginPrivate[m[K::Onupdate(){
[5.293s]       |          [01;31m[K^~~~~~~~~~~~~~~~~~~~~~~~[m[K
[5.293s] [01m[K/home/yamashita/plugins/src/motor_gazebo_plugin/src/motor_gazebo_plugin.cpp:79:10:[m[K [01;36m[Knote: [m[Kno functions named ‘[01m[Kvoid gazebo::MotorGazeboPluginPrivate::Onupdate()[m[K’
[5.293s] [01m[K/home/yamashita/plugins/src/motor_gazebo_plugin/src/motor_gazebo_plugin.cpp:14:11:[m[K [01;36m[Knote: [m[K‘[01m[Kclass gazebo::MotorGazeboPluginPrivate[m[K’ defined here
[5.293s]    14 |     class [01;36m[KMotorGazeboPluginPrivate[m[K{
[5.293s]       |           [01;36m[K^~~~~~~~~~~~~~~~~~~~~~~~[m[K
[5.294s] [01m[K/home/yamashita/plugins/src/motor_gazebo_plugin/src/motor_gazebo_plugin.cpp:96:10:[m[K [01;31m[Kerror: [m[Kno declaration matches ‘[01m[Kvoid gazebo::MotorGazeboPluginPrivate::SubCallBack(std_msgs::msg::Float32)[m[K’
[5.294s]    96 |     void [01;31m[KMotorGazeboPluginPrivate[m[K::SubCallBack(std_msgs::msg::Float32 msg_){
[5.294s]       |          [01;31m[K^~~~~~~~~~~~~~~~~~~~~~~~[m[K
[5.294s] [01m[K/home/yamashita/plugins/src/motor_gazebo_plugin/src/motor_gazebo_plugin.cpp:31:18:[m[K [01;36m[Knote: [m[Kcandidate is: ‘[01m[Kvoid gazebo::MotorGazeboPluginPrivate::SubCallBack()[m[K’
[5.294s]    31 |             void [01;36m[KSubCallBack[m[K();
[5.294s]       |                  [01;36m[K^~~~~~~~~~~[m[K
[5.294s] [01m[K/home/yamashita/plugins/src/motor_gazebo_plugin/src/motor_gazebo_plugin.cpp:14:11:[m[K [01;36m[Knote: [m[K‘[01m[Kclass gazebo::MotorGazeboPluginPrivate[m[K’ defined here
[5.294s]    14 |     class [01;36m[KMotorGazeboPluginPrivate[m[K{
[5.294s]       |           [01;36m[K^~~~~~~~~~~~~~~~~~~~~~~~[m[K
[7.303s] make[2]: *** [CMakeFiles/motor_gazebo_plugin.dir/build.make:63: CMakeFiles/motor_gazebo_plugin.dir/src/motor_gazebo_plugin.cpp.o] Error 1
[7.303s] make[1]: *** [CMakeFiles/Makefile2:78: CMakeFiles/motor_gazebo_plugin.dir/all] Error 2
[7.303s] make: *** [Makefile:141: all] Error 2
[7.307s] Invoked command in '/home/yamashita/plugins/build/motor_gazebo_plugin' returned '2': CMAKE_PREFIX_PATH=${CMAKE_PREFIX_PATH}:/home/yamashita/gazebo_ws/install/ros2_first_pkg:/opt/ros/foxy /usr/bin/cmake --build /home/yamashita/plugins/build/motor_gazebo_plugin -- -j12 -l12
