-- Install configuration: ""
-- Up-to-date: /home/yamashita/plugins/install/sample_gazebo/share/sample_gazebo/world
-- Up-to-date: /home/yamashita/plugins/install/sample_gazebo/share/sample_gazebo/world/demo_cp.world
-- Up-to-date: /home/yamashita/plugins/install/sample_gazebo/share/sample_gazebo/launch
-- Up-to-date: /home/yamashita/plugins/install/sample_gazebo/share/sample_gazebo/launch/sample_gazebo.launch.py
-- Up-to-date: /home/yamashita/plugins/install/sample_gazebo/share/ament_index/resource_index/package_run_dependencies/sample_gazebo
-- Up-to-date: /home/yamashita/plugins/install/sample_gazebo/share/ament_index/resource_index/parent_prefix_path/sample_gazebo
-- Up-to-date: /home/yamashita/plugins/install/sample_gazebo/share/sample_gazebo/environment/ament_prefix_path.sh
-- Up-to-date: /home/yamashita/plugins/install/sample_gazebo/share/sample_gazebo/environment/ament_prefix_path.dsv
-- Up-to-date: /home/yamashita/plugins/install/sample_gazebo/share/sample_gazebo/environment/path.sh
-- Up-to-date: /home/yamashita/plugins/install/sample_gazebo/share/sample_gazebo/environment/path.dsv
-- Up-to-date: /home/yamashita/plugins/install/sample_gazebo/share/sample_gazebo/local_setup.bash
-- Up-to-date: /home/yamashita/plugins/install/sample_gazebo/share/sample_gazebo/local_setup.sh
-- Up-to-date: /home/yamashita/plugins/install/sample_gazebo/share/sample_gazebo/local_setup.zsh
-- Up-to-date: /home/yamashita/plugins/install/sample_gazebo/share/sample_gazebo/local_setup.dsv
-- Up-to-date: /home/yamashita/plugins/install/sample_gazebo/share/sample_gazebo/package.dsv
-- Up-to-date: /home/yamashita/plugins/install/sample_gazebo/share/ament_index/resource_index/packages/sample_gazebo
-- Up-to-date: /home/yamashita/plugins/install/sample_gazebo/share/sample_gazebo/cmake/sample_gazeboConfig.cmake
-- Up-to-date: /home/yamashita/plugins/install/sample_gazebo/share/sample_gazebo/cmake/sample_gazeboConfig-version.cmake
-- Up-to-date: /home/yamashita/plugins/install/sample_gazebo/share/sample_gazebo/package.xml
