[35m[1mScanning dependencies of target motor_gazebo_plugin[0m
[ 50%] [32mBuilding CXX object CMakeFiles/motor_gazebo_plugin.dir/src/motor_gazebo_plugin.cpp.o[0m
[01m[K/home/yamashita/plugins/src/motor_gazebo_plugin/src/motor_gazebo_plugin.cpp:[m[K In member function ‘[01m[Kvoid gazebo::MotorGazeboPluginPrivate::OnUpdate()[m[K’:
[01m[K/home/yamashita/plugins/src/motor_gazebo_plugin/src/motor_gazebo_plugin.cpp:85:18:[m[K [01;35m[Kwarning: [m[Kformat ‘[01m[K%d[m[K’ expects argument of type ‘[01m[Kint[m[K’, but argument 2 has type ‘[01m[Krclcpp::Duration[m[K’ [[01;35m[K-Wformat=[m[K]
   85 |         printf("[01;35m[K%d[m[K\n",[32m[Know - last_publish_time_[m[K);
      |                 [01;35m[K~^[m[K    [32m[K~~~~~~~~~~~~~~~~~~~~~~~~[m[K
      |                  [01;35m[K|[m[K        [32m[K|[m[K
      |                  [01;35m[Kint[m[K      [32m[Krclcpp::Duration[m[K
[100%] [32m[1mLinking CXX shared library libmotor_gazebo_plugin.so[0m
[100%] Built target motor_gazebo_plugin
-- Install configuration: ""
-- Up-to-date: /home/yamashita/plugins/install/motor_gazebo_plugin/share/motor_gazebo_plugin/environment/library_path.sh
-- Up-to-date: /home/yamashita/plugins/install/motor_gazebo_plugin/share/motor_gazebo_plugin/environment/library_path.dsv
-- Installing: /home/yamashita/plugins/install/motor_gazebo_plugin/lib/libmotor_gazebo_plugin.so
-- Set runtime path of "/home/yamashita/plugins/install/motor_gazebo_plugin/lib/libmotor_gazebo_plugin.so" to ""
-- Up-to-date: /home/yamashita/plugins/install/motor_gazebo_plugin/share/ament_index/resource_index/package_run_dependencies/motor_gazebo_plugin
-- Up-to-date: /home/yamashita/plugins/install/motor_gazebo_plugin/share/ament_index/resource_index/parent_prefix_path/motor_gazebo_plugin
-- Up-to-date: /home/yamashita/plugins/install/motor_gazebo_plugin/share/motor_gazebo_plugin/environment/ament_prefix_path.sh
-- Up-to-date: /home/yamashita/plugins/install/motor_gazebo_plugin/share/motor_gazebo_plugin/environment/ament_prefix_path.dsv
-- Up-to-date: /home/yamashita/plugins/install/motor_gazebo_plugin/share/motor_gazebo_plugin/environment/path.sh
-- Up-to-date: /home/yamashita/plugins/install/motor_gazebo_plugin/share/motor_gazebo_plugin/environment/path.dsv
-- Up-to-date: /home/yamashita/plugins/install/motor_gazebo_plugin/share/motor_gazebo_plugin/local_setup.bash
-- Up-to-date: /home/yamashita/plugins/install/motor_gazebo_plugin/share/motor_gazebo_plugin/local_setup.sh
-- Up-to-date: /home/yamashita/plugins/install/motor_gazebo_plugin/share/motor_gazebo_plugin/local_setup.zsh
-- Up-to-date: /home/yamashita/plugins/install/motor_gazebo_plugin/share/motor_gazebo_plugin/local_setup.dsv
-- Installing: /home/yamashita/plugins/install/motor_gazebo_plugin/share/motor_gazebo_plugin/package.dsv
-- Up-to-date: /home/yamashita/plugins/install/motor_gazebo_plugin/share/ament_index/resource_index/packages/motor_gazebo_plugin
-- Up-to-date: /home/yamashita/plugins/install/motor_gazebo_plugin/share/motor_gazebo_plugin/cmake/ament_cmake_export_libraries-extras.cmake
-- Up-to-date: /home/yamashita/plugins/install/motor_gazebo_plugin/share/motor_gazebo_plugin/cmake/motor_gazebo_pluginConfig.cmake
-- Up-to-date: /home/yamashita/plugins/install/motor_gazebo_plugin/share/motor_gazebo_plugin/cmake/motor_gazebo_pluginConfig-version.cmake
-- Up-to-date: /home/yamashita/plugins/install/motor_gazebo_plugin/share/motor_gazebo_plugin/package.xml
