[01m[K/home/yamashita/plugins/src/motor_gazebo_plugin/src/motor_gazebo_plugin.cpp:[m[K In member function ‘[01m[Kvirtual void gazebo::MotorGazeboPlugin::Load(gazebo::physics::ModelPtr, sdf::v9::ElementPtr)[m[K’:
[01m[K/home/yamashita/plugins/src/motor_gazebo_plugin/src/motor_gazebo_plugin.cpp:67:144:[m[K [01;31m[Kerror: [m[K‘[01m[Kvoid gazebo::MotorGazeboPluginPrivate::SubCallBack(std_msgs::msg::Float32)[m[K’ is private within this context
   67 |         impl_->msg_sub_ = impl_->ros_node_->create_subscription<std_msgs::msg::Float32>("/motor/speed",10,std::bind(&MotorGazeboPluginPrivate::[01;31m[KSubCallBack[m[K,this,_1));
      |                                                                                                                                                [01;31m[K^~~~~~~~~~~[m[K
[01m[K/home/yamashita/plugins/src/motor_gazebo_plugin/src/motor_gazebo_plugin.cpp:16:18:[m[K [01;36m[Knote: [m[Kdeclared private here
   16 |             void [01;36m[KSubCallBack[m[K(std_msgs::msg::Float32 msg_);
      |                  [01;36m[K^~~~~~~~~~~[m[K
In file included from [01m[K/opt/ros/foxy/include/rclcpp/node_interfaces/node_topics_interface.hpp:32[m[K,
                 from [01m[K/opt/ros/foxy/include/rclcpp/node.hpp:55[m[K,
                 from [01m[K/opt/ros/foxy/include/rclcpp/executors/single_threaded_executor.hpp:28[m[K,
                 from [01m[K/opt/ros/foxy/include/rclcpp/executors.hpp:22[m[K,
                 from [01m[K/opt/ros/foxy/include/rclcpp/rclcpp.hpp:146[m[K,
                 from [01m[K/opt/ros/foxy/include/gazebo_ros/node.hpp:18[m[K,
                 from [01m[K/home/yamashita/plugins/src/motor_gazebo_plugin/src/motor_gazebo_plugin.cpp:4[m[K:
/opt/ros/foxy/include/rclcpp/subscription_factory.hpp: In instantiation of ‘[01m[Krclcpp::SubscriptionFactory rclcpp::create_subscription_factory(CallbackT&&, const rclcpp::SubscriptionOptionsWithAllocator<AllocatorT>&, typename MessageMemoryStrategyT::SharedPtr, std::shared_ptr<rclcpp::topic_statistics::SubscriptionTopicStatistics<CallbackMessageT> >) [with MessageT = std_msgs::msg::Float32_<std::allocator<void> >; CallbackT = std::_Bind<void (gazebo::MotorGazeboPluginPrivate::*(gazebo::MotorGazeboPlugin*, boost::arg<1>))(std_msgs::msg::Float32_<std::allocator<void> >)>; AllocatorT = std::allocator<void>; CallbackMessageT = std_msgs::msg::Float32_<std::allocator<void> >; SubscriptionT = rclcpp::Subscription<std_msgs::msg::Float32_<std::allocator<void> > >; MessageMemoryStrategyT = rclcpp::message_memory_strategy::MessageMemoryStrategy<std_msgs::msg::Float32_<std::allocator<void> >, std::allocator<void> >; typename MessageMemoryStrategyT::SharedPtr = std::shared_ptr<rclcpp::message_memory_strategy::MessageMemoryStrategy<std_msgs::msg::Float32_<std::allocator<void> >, std::allocator<void> > >][m[K’:
[01m[K/opt/ros/foxy/include/rclcpp/create_subscription.hpp:144:63:[m[K   required from ‘[01m[Kstd::shared_ptr<SubscriptionT> rclcpp::create_subscription(NodeT&&, const string&, const rclcpp::QoS&, CallbackT&&, const rclcpp::SubscriptionOptionsWithAllocator<AllocatorT>&, typename MessageMemoryStrategyT::SharedPtr) [with MessageT = std_msgs::msg::Float32_<std::allocator<void> >; CallbackT = std::_Bind<void (gazebo::MotorGazeboPluginPrivate::*(gazebo::MotorGazeboPlugin*, boost::arg<1>))(std_msgs::msg::Float32_<std::allocator<void> >)>; AllocatorT = std::allocator<void>; CallbackMessageT = std_msgs::msg::Float32_<std::allocator<void> >; SubscriptionT = rclcpp::Subscription<std_msgs::msg::Float32_<std::allocator<void> > >; MessageMemoryStrategyT = rclcpp::message_memory_strategy::MessageMemoryStrategy<std_msgs::msg::Float32_<std::allocator<void> >, std::allocator<void> >; NodeT = rclcpp::Node&; std::string = std::__cxx11::basic_string<char>; typename MessageMemoryStrategyT::SharedPtr = std::shared_ptr<rclcpp::message_memory_strategy::MessageMemoryStrategy<std_msgs::msg::Float32_<std::allocator<void> >, std::allocator<void> > >][m[K’
[01m[K/opt/ros/foxy/include/rclcpp/node_impl.hpp:98:47:[m[K   required from ‘[01m[Kstd::shared_ptr<SubscriptionT> rclcpp::Node::create_subscription(const string&, const rclcpp::QoS&, CallbackT&&, const rclcpp::SubscriptionOptionsWithAllocator<AllocatorT>&, typename MessageMemoryStrategyT::SharedPtr) [with MessageT = std_msgs::msg::Float32_<std::allocator<void> >; CallbackT = std::_Bind<void (gazebo::MotorGazeboPluginPrivate::*(gazebo::MotorGazeboPlugin*, boost::arg<1>))(std_msgs::msg::Float32_<std::allocator<void> >)>; AllocatorT = std::allocator<void>; CallbackMessageT = std_msgs::msg::Float32_<std::allocator<void> >; SubscriptionT = rclcpp::Subscription<std_msgs::msg::Float32_<std::allocator<void> > >; MessageMemoryStrategyT = rclcpp::message_memory_strategy::MessageMemoryStrategy<std_msgs::msg::Float32_<std::allocator<void> >, std::allocator<void> >; std::string = std::__cxx11::basic_string<char>; typename MessageMemoryStrategyT::SharedPtr = std::shared_ptr<rclcpp::message_memory_strategy::MessageMemoryStrategy<std_msgs::msg::Float32_<std::allocator<void> >, std::allocator<void> > >][m[K’
[01m[K/home/yamashita/plugins/src/motor_gazebo_plugin/src/motor_gazebo_plugin.cpp:67:164:[m[K   required from here
[01m[K/opt/ros/foxy/include/rclcpp/subscription_factory.hpp:97:3:[m[K [01;31m[Kerror: [m[Kno matching function for call to ‘[01m[Krclcpp::AnySubscriptionCallback<std_msgs::msg::Float32_<std::allocator<void> >, std::allocator<void> >::set(std::_Bind<void (gazebo::MotorGazeboPluginPrivate::*(gazebo::MotorGazeboPlugin*, boost::arg<1>))(std_msgs::msg::Float32_<std::allocator<void> >)>)[m[K’
   97 |   [01;31m[Kany_subscription_callback[m[K.set(std::forward<CallbackT>(callback));
      |   [01;31m[K^~~~~~~~~~~~~~~~~~~~~~~~~[m[K
In file included from [01m[K/opt/ros/foxy/include/rclcpp/subscription_base.hpp:29[m[K,
                 from [01m[K/opt/ros/foxy/include/rclcpp/callback_group.hpp:26[m[K,
                 from [01m[K/opt/ros/foxy/include/rclcpp/any_executable.hpp:20[m[K,
                 from [01m[K/opt/ros/foxy/include/rclcpp/memory_strategy.hpp:24[m[K,
                 from [01m[K/opt/ros/foxy/include/rclcpp/memory_strategies.hpp:18[m[K,
                 from [01m[K/opt/ros/foxy/include/rclcpp/executor_options.hpp:20[m[K,
                 from [01m[K/opt/ros/foxy/include/rclcpp/executor.hpp:33[m[K,
                 from [01m[K/opt/ros/foxy/include/rclcpp/executors/multi_threaded_executor.hpp:26[m[K,
                 from [01m[K/opt/ros/foxy/include/rclcpp/executors.hpp:21[m[K,
                 from [01m[K/opt/ros/foxy/include/rclcpp/rclcpp.hpp:146[m[K,
                 from [01m[K/opt/ros/foxy/include/gazebo_ros/node.hpp:18[m[K,
                 from [01m[K/home/yamashita/plugins/src/motor_gazebo_plugin/src/motor_gazebo_plugin.cpp:4[m[K:
[01m[K/opt/ros/foxy/include/rclcpp/any_subscription_callback.hpp:83:8:[m[K [01;36m[Knote: [m[Kcandidate: ‘[01m[Ktemplate<class CallbackT, typename std::enable_if<rclcpp::function_traits::same_arguments<CallbackT, std::function<void(std::shared_ptr<std_msgs::msg::Float32_<std::allocator<void> > >)> >::value, void>::type* <anonymous> > void rclcpp::AnySubscriptionCallback<MessageT, Alloc>::set(CallbackT) [with CallbackT = CallbackT; typename std::enable_if<rclcpp::function_traits::same_arguments<CallbackT, std::function<void(std::shared_ptr<_Tp>)> >::value>::type* <anonymous> = <enumerator>; MessageT = std_msgs::msg::Float32_<std::allocator<void> >; Alloc = std::allocator<void>][m[K’
   83 |   void [01;36m[Kset[m[K(CallbackT callback)
      |        [01;36m[K^~~[m[K
[01m[K/opt/ros/foxy/include/rclcpp/any_subscription_callback.hpp:83:8:[m[K [01;36m[Knote: [m[K  template argument deduction/substitution failed:
[01m[K/opt/ros/foxy/include/rclcpp/any_subscription_callback.hpp:81:17:[m[K [01;31m[Kerror: [m[Kno type named ‘[01m[Ktype[m[K’ in ‘[01m[Kstruct std::enable_if<false, void>[m[K’
   81 |     >::type * = [01;31m[Knullptr[m[K
      |                 [01;31m[K^~~~~~~[m[K
[01m[K/opt/ros/foxy/include/rclcpp/any_subscription_callback.hpp:97:8:[m[K [01;36m[Knote: [m[Kcandidate: ‘[01m[Ktemplate<class CallbackT, typename std::enable_if<rclcpp::function_traits::same_arguments<CallbackT, std::function<void(std::shared_ptr<std_msgs::msg::Float32_<std::allocator<void> > >, const rclcpp::MessageInfo&)> >::value, void>::type* <anonymous> > void rclcpp::AnySubscriptionCallback<MessageT, Alloc>::set(CallbackT) [with CallbackT = CallbackT; typename std::enable_if<rclcpp::function_traits::same_arguments<CallbackT, std::function<void(std::shared_ptr<_Tp>, const rclcpp::MessageInfo&)> >::value>::type* <anonymous> = <enumerator>; MessageT = std_msgs::msg::Float32_<std::allocator<void> >; Alloc = std::allocator<void>][m[K’
   97 |   void [01;36m[Kset[m[K(CallbackT callback)
      |        [01;36m[K^~~[m[K
[01m[K/opt/ros/foxy/include/rclcpp/any_subscription_callback.hpp:97:8:[m[K [01;36m[Knote: [m[K  template argument deduction/substitution failed:
[01m[K/opt/ros/foxy/include/rclcpp/any_subscription_callback.hpp:95:17:[m[K [01;31m[Kerror: [m[Kno type named ‘[01m[Ktype[m[K’ in ‘[01m[Kstruct std::enable_if<false, void>[m[K’
   95 |     >::type * = [01;31m[Knullptr[m[K
      |                 [01;31m[K^~~~~~~[m[K
[01m[K/opt/ros/foxy/include/rclcpp/any_subscription_callback.hpp:111:8:[m[K [01;36m[Knote: [m[Kcandidate: ‘[01m[Ktemplate<class CallbackT, typename std::enable_if<rclcpp::function_traits::same_arguments<CallbackT, std::function<void(std::shared_ptr<const std_msgs::msg::Float32_<std::allocator<void> > >)> >::value, void>::type* <anonymous> > void rclcpp::AnySubscriptionCallback<MessageT, Alloc>::set(CallbackT) [with CallbackT = CallbackT; typename std::enable_if<rclcpp::function_traits::same_arguments<CallbackT, std::function<void(std::shared_ptr<const _Tp>)> >::value>::type* <anonymous> = <enumerator>; MessageT = std_msgs::msg::Float32_<std::allocator<void> >; Alloc = std::allocator<void>][m[K’
  111 |   void [01;36m[Kset[m[K(CallbackT callback)
      |        [01;36m[K^~~[m[K
[01m[K/opt/ros/foxy/include/rclcpp/any_subscription_callback.hpp:111:8:[m[K [01;36m[Knote: [m[K  template argument deduction/substitution failed:
[01m[K/opt/ros/foxy/include/rclcpp/any_subscription_callback.hpp:109:17:[m[K [01;31m[Kerror: [m[Kno type named ‘[01m[Ktype[m[K’ in ‘[01m[Kstruct std::enable_if<false, void>[m[K’
  109 |     >::type * = [01;31m[Knullptr[m[K
      |                 [01;31m[K^~~~~~~[m[K
[01m[K/opt/ros/foxy/include/rclcpp/any_subscription_callback.hpp:125:8:[m[K [01;36m[Knote: [m[Kcandidate: ‘[01m[Ktemplate<class CallbackT, typename std::enable_if<rclcpp::function_traits::same_arguments<CallbackT, std::function<void(std::shared_ptr<const std_msgs::msg::Float32_<std::allocator<void> > >, const rclcpp::MessageInfo&)> >::value, void>::type* <anonymous> > void rclcpp::AnySubscriptionCallback<MessageT, Alloc>::set(CallbackT) [with CallbackT = CallbackT; typename std::enable_if<rclcpp::function_traits::same_arguments<CallbackT, std::function<void(std::shared_ptr<const _Tp>, const rclcpp::MessageInfo&)> >::value>::type* <anonymous> = <enumerator>; MessageT = std_msgs::msg::Float32_<std::allocator<void> >; Alloc = std::allocator<void>][m[K’
  125 |   void [01;36m[Kset[m[K(CallbackT callback)
      |        [01;36m[K^~~[m[K
[01m[K/opt/ros/foxy/include/rclcpp/any_subscription_callback.hpp:125:8:[m[K [01;36m[Knote: [m[K  template argument deduction/substitution failed:
[01m[K/opt/ros/foxy/include/rclcpp/any_subscription_callback.hpp:123:17:[m[K [01;31m[Kerror: [m[Kno type named ‘[01m[Ktype[m[K’ in ‘[01m[Kstruct std::enable_if<false, void>[m[K’
  123 |     >::type * = [01;31m[Knullptr[m[K
      |                 [01;31m[K^~~~~~~[m[K
[01m[K/opt/ros/foxy/include/rclcpp/any_subscription_callback.hpp:139:8:[m[K [01;36m[Knote: [m[Kcandidate: ‘[01m[Ktemplate<class CallbackT, typename std::enable_if<rclcpp::function_traits::same_arguments<CallbackT, std::function<void(std::unique_ptr<std_msgs::msg::Float32_<std::allocator<void> >, std::default_delete<std_msgs::msg::Float32_<std::allocator<void> > > >)> >::value, void>::type* <anonymous> > void rclcpp::AnySubscriptionCallback<MessageT, Alloc>::set(CallbackT) [with CallbackT = CallbackT; typename std::enable_if<rclcpp::function_traits::same_arguments<CallbackT, std::function<void(std::unique_ptr<MessageT, typename std::conditional<std::is_same<typename std::allocator_traits<typename std::allocator_traits<_NodeAlloc>::rebind_traits<MessageT>::allocator_type>::rebind_alloc<MessageT>, typename std::allocator<void>::rebind<_Tp1>::other>::value, std::default_delete<_Tp>, rclcpp::allocator::AllocatorDeleter<typename std::allocator_traits<_NodeAlloc>::rebind_traits<MessageT>::allocator_type> >::type>)> >::value>::type* <anonymous> = <enumerator>; MessageT = std_msgs::msg::Float32_<std::allocator<void> >; Alloc = std::allocator<void>][m[K’
  139 |   void [01;36m[Kset[m[K(CallbackT callback)
      |        [01;36m[K^~~[m[K
[01m[K/opt/ros/foxy/include/rclcpp/any_subscription_callback.hpp:139:8:[m[K [01;36m[Knote: [m[K  template argument deduction/substitution failed:
[01m[K/opt/ros/foxy/include/rclcpp/any_subscription_callback.hpp:137:17:[m[K [01;31m[Kerror: [m[Kno type named ‘[01m[Ktype[m[K’ in ‘[01m[Kstruct std::enable_if<false, void>[m[K’
  137 |     >::type * = [01;31m[Knullptr[m[K
      |                 [01;31m[K^~~~~~~[m[K
[01m[K/opt/ros/foxy/include/rclcpp/any_subscription_callback.hpp:153:8:[m[K [01;36m[Knote: [m[Kcandidate: ‘[01m[Ktemplate<class CallbackT, typename std::enable_if<rclcpp::function_traits::same_arguments<CallbackT, std::function<void(std::unique_ptr<std_msgs::msg::Float32_<std::allocator<void> >, std::default_delete<std_msgs::msg::Float32_<std::allocator<void> > > >, const rclcpp::MessageInfo&)> >::value, void>::type* <anonymous> > void rclcpp::AnySubscriptionCallback<MessageT, Alloc>::set(CallbackT) [with CallbackT = CallbackT; typename std::enable_if<rclcpp::function_traits::same_arguments<CallbackT, std::function<void(std::unique_ptr<MessageT, typename std::conditional<std::is_same<typename std::allocator_traits<typename std::allocator_traits<_NodeAlloc>::rebind_traits<MessageT>::allocator_type>::rebind_alloc<MessageT>, typename std::allocator<void>::rebind<_Tp1>::other>::value, std::default_delete<_Tp>, rclcpp::allocator::AllocatorDeleter<typename std::allocator_traits<_NodeAlloc>::rebind_traits<MessageT>::allocator_type> >::type>, const rclcpp::MessageInfo&)> >::value>::type* <anonymous> = <enumerator>; MessageT = std_msgs::msg::Float32_<std::allocator<void> >; Alloc = std::allocator<void>][m[K’
  153 |   void [01;36m[Kset[m[K(CallbackT callback)
      |        [01;36m[K^~~[m[K
[01m[K/opt/ros/foxy/include/rclcpp/any_subscription_callback.hpp:153:8:[m[K [01;36m[Knote: [m[K  template argument deduction/substitution failed:
[01m[K/opt/ros/foxy/include/rclcpp/any_subscription_callback.hpp:151:17:[m[K [01;31m[Kerror: [m[Kno type named ‘[01m[Ktype[m[K’ in ‘[01m[Kstruct std::enable_if<false, void>[m[K’
  151 |     >::type * = [01;31m[Knullptr[m[K
      |                 [01;31m[K^~~~~~~[m[K
In file included from [01m[K/usr/include/c++/9/functional:59[m[K,
                 from [01m[K/usr/include/boost/function.hpp:23[m[K,
                 from [01m[K/usr/include/gazebo-11/gazebo/physics/Model.hh:24[m[K,
                 from [01m[K/home/yamashita/plugins/src/motor_gazebo_plugin/src/motor_gazebo_plugin.cpp:1[m[K:
[01m[K/usr/include/c++/9/bits/std_function.h:[m[K At global scope:
[01m[K/usr/include/c++/9/bits/std_function.h:667:7:[m[K [01;31m[Kerror: [m[K‘[01m[Kstd::function<_Res(_ArgTypes ...)>::function(_Functor) [with _Functor = rclcpp::create_subscription_factory(CallbackT&&, const rclcpp::SubscriptionOptionsWithAllocator<AllocatorT>&, typename MessageMemoryStrategyT::SharedPtr, std::shared_ptr<rclcpp::topic_statistics::SubscriptionTopicStatistics<CallbackMessageT> >) [with MessageT = std_msgs::msg::Float32_<std::allocator<void> >; CallbackT = std::_Bind<void (gazebo::MotorGazeboPluginPrivate::*(gazebo::MotorGazeboPlugin*, boost::arg<1>))(std_msgs::msg::Float32_<std::allocator<void> >)>; AllocatorT = std::allocator<void>; CallbackMessageT = std_msgs::msg::Float32_<std::allocator<void> >; SubscriptionT = rclcpp::Subscription<std_msgs::msg::Float32_<std::allocator<void> > >; MessageMemoryStrategyT = rclcpp::message_memory_strategy::MessageMemoryStrategy<std_msgs::msg::Float32_<std::allocator<void> >, std::allocator<void> >; typename MessageMemoryStrategyT::SharedPtr = std::shared_ptr<rclcpp::message_memory_strategy::MessageMemoryStrategy<std_msgs::msg::Float32_<std::allocator<void> >, std::allocator<void> > >]::<lambda(rclcpp::node_interfaces::NodeBaseInterface*, const string&, const rclcpp::QoS&)>; <template-parameter-2-2> = void; <template-parameter-2-3> = void; _Res = std::shared_ptr<rclcpp::SubscriptionBase>; _ArgTypes = {rclcpp::node_interfaces::NodeBaseInterface*, const std::__cxx11::basic_string<char, std::char_traits<char>, std::allocator<char> >&, const rclcpp::QoS&}][m[K’, declared using local type ‘[01m[Krclcpp::create_subscription_factory(CallbackT&&, const rclcpp::SubscriptionOptionsWithAllocator<AllocatorT>&, typename MessageMemoryStrategyT::SharedPtr, std::shared_ptr<rclcpp::topic_statistics::SubscriptionTopicStatistics<CallbackMessageT> >) [with MessageT = std_msgs::msg::Float32_<std::allocator<void> >; CallbackT = std::_Bind<void (gazebo::MotorGazeboPluginPrivate::*(gazebo::MotorGazeboPlugin*, boost::arg<1>))(std_msgs::msg::Float32_<std::allocator<void> >)>; AllocatorT = std::allocator<void>; CallbackMessageT = std_msgs::msg::Float32_<std::allocator<void> >; SubscriptionT = rclcpp::Subscription<std_msgs::msg::Float32_<std::allocator<void> > >; MessageMemoryStrategyT = rclcpp::message_memory_strategy::MessageMemoryStrategy<std_msgs::msg::Float32_<std::allocator<void> >, std::allocator<void> >; typename MessageMemoryStrategyT::SharedPtr = std::shared_ptr<rclcpp::message_memory_strategy::MessageMemoryStrategy<std_msgs::msg::Float32_<std::allocator<void> >, std::allocator<void> > >]::<lambda(rclcpp::node_interfaces::NodeBaseInterface*, const string&, const rclcpp::QoS&)>[m[K’, is used but never defined [[01;31m[K-fpermissive[m[K]
  667 |       [01;31m[Kfunction<_Res(_ArgTypes...)>[m[K::
      |       [01;31m[K^~~~~~~~~~~~~~~~~~~~~~~~~~~~[m[K
make[2]: *** [CMakeFiles/motor_gazebo_plugin.dir/build.make:63: CMakeFiles/motor_gazebo_plugin.dir/src/motor_gazebo_plugin.cpp.o] Error 1
make[1]: *** [CMakeFiles/Makefile2:78: CMakeFiles/motor_gazebo_plugin.dir/all] Error 2
make: *** [Makefile:141: all] Error 2
