[01m[K/home/yamashita/plugins/src/motor_gazebo_plugin/src/motor_gazebo_plugin.cpp:[m[K In member function ‘[01m[Kvoid gazebo::MotorGazeboPluginPrivate::SubCallBack(std_msgs::msg::Float32_<std::allocator<void> >::SharedPtr) const[m[K’:
[01m[K/home/yamashita/plugins/src/motor_gazebo_plugin/src/motor_gazebo_plugin.cpp:97:31:[m[K [01;31m[Kerror: [m[Kassignment of member ‘[01m[Kgazebo::MotorGazeboPluginPrivate::motor_velocity_[m[K’ in read-only object
   97 |         [01;31m[Kthis->motor_velocity_ = (double)msg_->data[m[K;
      |         [01;31m[K~~~~~~~~~~~~~~~~~~~~~~^~~~~~~~~~~~~~~~~~~~[m[K
In file included from [01m[K/opt/ros/foxy/include/rclcpp/subscription_base.hpp:29[m[K,
                 from [01m[K/opt/ros/foxy/include/rclcpp/callback_group.hpp:26[m[K,
                 from [01m[K/opt/ros/foxy/include/rclcpp/any_executable.hpp:20[m[K,
                 from [01m[K/opt/ros/foxy/include/rclcpp/memory_strategy.hpp:24[m[K,
                 from [01m[K/opt/ros/foxy/include/rclcpp/memory_strategies.hpp:18[m[K,
                 from [01m[K/opt/ros/foxy/include/rclcpp/executor_options.hpp:20[m[K,
                 from [01m[K/opt/ros/foxy/include/rclcpp/executor.hpp:33[m[K,
                 from [01m[K/opt/ros/foxy/include/rclcpp/executors/multi_threaded_executor.hpp:26[m[K,
                 from [01m[K/opt/ros/foxy/include/rclcpp/executors.hpp:21[m[K,
                 from [01m[K/opt/ros/foxy/include/rclcpp/rclcpp.hpp:146[m[K,
                 from [01m[K/opt/ros/foxy/include/gazebo_ros/node.hpp:18[m[K,
                 from [01m[K/home/yamashita/plugins/src/motor_gazebo_plugin/src/motor_gazebo_plugin.cpp:4[m[K:
/opt/ros/foxy/include/rclcpp/any_subscription_callback.hpp: In instantiation of ‘[01m[Kvoid rclcpp::AnySubscriptionCallback<MessageT, Alloc>::set(CallbackT) [with CallbackT = std::_Bind<void (gazebo::MotorGazeboPluginPrivate::*(gazebo::MotorGazeboPlugin*, boost::arg<1>))(std::shared_ptr<std_msgs::msg::Float32_<std::allocator<void> > >) const>; typename std::enable_if<rclcpp::function_traits::same_arguments<CallbackT, std::function<void(std::shared_ptr<_Tp>)> >::value>::type* <anonymous> = 0; MessageT = std_msgs::msg::Float32_<std::allocator<void> >; Alloc = std::allocator<void>][m[K’:
[01m[K/opt/ros/foxy/include/rclcpp/subscription_factory.hpp:97:3:[m[K   required from ‘[01m[Krclcpp::SubscriptionFactory rclcpp::create_subscription_factory(CallbackT&&, const rclcpp::SubscriptionOptionsWithAllocator<AllocatorT>&, typename MessageMemoryStrategyT::SharedPtr, std::shared_ptr<rclcpp::topic_statistics::SubscriptionTopicStatistics<CallbackMessageT> >) [with MessageT = std_msgs::msg::Float32_<std::allocator<void> >; CallbackT = std::_Bind<void (gazebo::MotorGazeboPluginPrivate::*(gazebo::MotorGazeboPlugin*, boost::arg<1>))(std::shared_ptr<std_msgs::msg::Float32_<std::allocator<void> > >) const>; AllocatorT = std::allocator<void>; CallbackMessageT = std_msgs::msg::Float32_<std::allocator<void> >; SubscriptionT = rclcpp::Subscription<std_msgs::msg::Float32_<std::allocator<void> > >; MessageMemoryStrategyT = rclcpp::message_memory_strategy::MessageMemoryStrategy<std_msgs::msg::Float32_<std::allocator<void> >, std::allocator<void> >; typename MessageMemoryStrategyT::SharedPtr = std::shared_ptr<rclcpp::message_memory_strategy::MessageMemoryStrategy<std_msgs::msg::Float32_<std::allocator<void> >, std::allocator<void> > >][m[K’
[01m[K/opt/ros/foxy/include/rclcpp/create_subscription.hpp:144:63:[m[K   required from ‘[01m[Kstd::shared_ptr<SubscriptionT> rclcpp::create_subscription(NodeT&&, const string&, const rclcpp::QoS&, CallbackT&&, const rclcpp::SubscriptionOptionsWithAllocator<AllocatorT>&, typename MessageMemoryStrategyT::SharedPtr) [with MessageT = std_msgs::msg::Float32_<std::allocator<void> >; CallbackT = std::_Bind<void (gazebo::MotorGazeboPluginPrivate::*(gazebo::MotorGazeboPlugin*, boost::arg<1>))(std::shared_ptr<std_msgs::msg::Float32_<std::allocator<void> > >) const>; AllocatorT = std::allocator<void>; CallbackMessageT = std_msgs::msg::Float32_<std::allocator<void> >; SubscriptionT = rclcpp::Subscription<std_msgs::msg::Float32_<std::allocator<void> > >; MessageMemoryStrategyT = rclcpp::message_memory_strategy::MessageMemoryStrategy<std_msgs::msg::Float32_<std::allocator<void> >, std::allocator<void> >; NodeT = rclcpp::Node&; std::string = std::__cxx11::basic_string<char>; typename MessageMemoryStrategyT::SharedPtr = std::shared_ptr<rclcpp::message_memory_strategy::MessageMemoryStrategy<std_msgs::msg::Float32_<std::allocator<void> >, std::allocator<void> > >][m[K’
[01m[K/opt/ros/foxy/include/rclcpp/node_impl.hpp:98:47:[m[K   required from ‘[01m[Kstd::shared_ptr<SubscriptionT> rclcpp::Node::create_subscription(const string&, const rclcpp::QoS&, CallbackT&&, const rclcpp::SubscriptionOptionsWithAllocator<AllocatorT>&, typename MessageMemoryStrategyT::SharedPtr) [with MessageT = std_msgs::msg::Float32_<std::allocator<void> >; CallbackT = std::_Bind<void (gazebo::MotorGazeboPluginPrivate::*(gazebo::MotorGazeboPlugin*, boost::arg<1>))(std::shared_ptr<std_msgs::msg::Float32_<std::allocator<void> > >) const>; AllocatorT = std::allocator<void>; CallbackMessageT = std_msgs::msg::Float32_<std::allocator<void> >; SubscriptionT = rclcpp::Subscription<std_msgs::msg::Float32_<std::allocator<void> > >; MessageMemoryStrategyT = rclcpp::message_memory_strategy::MessageMemoryStrategy<std_msgs::msg::Float32_<std::allocator<void> >, std::allocator<void> >; std::string = std::__cxx11::basic_string<char>; typename MessageMemoryStrategyT::SharedPtr = std::shared_ptr<rclcpp::message_memory_strategy::MessageMemoryStrategy<std_msgs::msg::Float32_<std::allocator<void> >, std::allocator<void> > >][m[K’
[01m[K/home/yamashita/plugins/src/motor_gazebo_plugin/src/motor_gazebo_plugin.cpp:66:164:[m[K   required from here
[01m[K/opt/ros/foxy/include/rclcpp/any_subscription_callback.hpp:85:26:[m[K [01;31m[Kerror: [m[Kno match for ‘[01m[Koperator=[m[K’ (operand types are ‘[01m[Krclcpp::AnySubscriptionCallback<std_msgs::msg::Float32_<std::allocator<void> >, std::allocator<void> >::SharedPtrCallback[m[K’ {aka ‘[01m[Kstd::function<void(std::shared_ptr<std_msgs::msg::Float32_<std::allocator<void> > >)>[m[K’} and ‘[01m[Kstd::_Bind<void (gazebo::MotorGazeboPluginPrivate::*(gazebo::MotorGazeboPlugin*, boost::arg<1>))(std::shared_ptr<std_msgs::msg::Float32_<std::allocator<void> > >) const>[m[K’)
   85 |     [01;31m[Kshared_ptr_callback_ = callback[m[K;
      |     [01;31m[K~~~~~~~~~~~~~~~~~~~~~^~~~~~~~~~[m[K
In file included from [01m[K/usr/include/c++/9/functional:59[m[K,
                 from [01m[K/usr/include/boost/function.hpp:23[m[K,
                 from [01m[K/usr/include/gazebo-11/gazebo/physics/Model.hh:24[m[K,
                 from [01m[K/home/yamashita/plugins/src/motor_gazebo_plugin/src/motor_gazebo_plugin.cpp:1[m[K:
[01m[K/usr/include/c++/9/bits/std_function.h:462:7:[m[K [01;36m[Knote: [m[Kcandidate: ‘[01m[Kstd::function<_Res(_ArgTypes ...)>& std::function<_Res(_ArgTypes ...)>::operator=(const std::function<_Res(_ArgTypes ...)>&) [with _Res = void; _ArgTypes = {std::shared_ptr<std_msgs::msg::Float32_<std::allocator<void> > >}][m[K’
  462 |       [01;36m[Koperator[m[K=(const function& __x)
      |       [01;36m[K^~~~~~~~[m[K
[01m[K/usr/include/c++/9/bits/std_function.h:462:33:[m[K [01;36m[Knote: [m[K  no known conversion for argument 1 from ‘[01m[Kstd::_Bind<void (gazebo::MotorGazeboPluginPrivate::*(gazebo::MotorGazeboPlugin*, boost::arg<1>))(std::shared_ptr<std_msgs::msg::Float32_<std::allocator<void> > >) const>[m[K’ to ‘[01m[Kconst std::function<void(std::shared_ptr<std_msgs::msg::Float32_<std::allocator<void> > >)>&[m[K’
  462 |       operator=([01;36m[Kconst function& __x[m[K)
      |                 [01;36m[K~~~~~~~~~~~~~~~~^~~[m[K
[01m[K/usr/include/c++/9/bits/std_function.h:480:7:[m[K [01;36m[Knote: [m[Kcandidate: ‘[01m[Kstd::function<_Res(_ArgTypes ...)>& std::function<_Res(_ArgTypes ...)>::operator=(std::function<_Res(_ArgTypes ...)>&&) [with _Res = void; _ArgTypes = {std::shared_ptr<std_msgs::msg::Float32_<std::allocator<void> > >}][m[K’
  480 |       [01;36m[Koperator[m[K=(function&& __x) noexcept
      |       [01;36m[K^~~~~~~~[m[K
[01m[K/usr/include/c++/9/bits/std_function.h:480:28:[m[K [01;36m[Knote: [m[K  no known conversion for argument 1 from ‘[01m[Kstd::_Bind<void (gazebo::MotorGazeboPluginPrivate::*(gazebo::MotorGazeboPlugin*, boost::arg<1>))(std::shared_ptr<std_msgs::msg::Float32_<std::allocator<void> > >) const>[m[K’ to ‘[01m[Kstd::function<void(std::shared_ptr<std_msgs::msg::Float32_<std::allocator<void> > >)>&&[m[K’
  480 |       operator=([01;36m[Kfunction&& __x[m[K) noexcept
      |                 [01;36m[K~~~~~~~~~~~^~~[m[K
[01m[K/usr/include/c++/9/bits/std_function.h:494:7:[m[K [01;36m[Knote: [m[Kcandidate: ‘[01m[Kstd::function<_Res(_ArgTypes ...)>& std::function<_Res(_ArgTypes ...)>::operator=(std::nullptr_t) [with _Res = void; _ArgTypes = {std::shared_ptr<std_msgs::msg::Float32_<std::allocator<void> > >}; std::nullptr_t = std::nullptr_t][m[K’
  494 |       [01;36m[Koperator[m[K=(nullptr_t) noexcept
      |       [01;36m[K^~~~~~~~[m[K
[01m[K/usr/include/c++/9/bits/std_function.h:494:17:[m[K [01;36m[Knote: [m[K  no known conversion for argument 1 from ‘[01m[Kstd::_Bind<void (gazebo::MotorGazeboPluginPrivate::*(gazebo::MotorGazeboPlugin*, boost::arg<1>))(std::shared_ptr<std_msgs::msg::Float32_<std::allocator<void> > >) const>[m[K’ to ‘[01m[Kstd::nullptr_t[m[K’
  494 |       operator=([01;36m[Knullptr_t[m[K) noexcept
      |                 [01;36m[K^~~~~~~~~[m[K
[01m[K/usr/include/c++/9/bits/std_function.h:523:2:[m[K [01;36m[Knote: [m[Kcandidate: ‘[01m[Ktemplate<class _Functor> std::function<_Res(_ArgTypes ...)>::_Requires<std::function<_Res(_ArgTypes ...)>::_Callable<typename std::decay<_Up>::type>, std::function<_Res(_ArgTypes ...)>&> std::function<_Res(_ArgTypes ...)>::operator=(_Functor&&) [with _Functor = _Functor; _Res = void; _ArgTypes = {std::shared_ptr<std_msgs::msg::Float32_<std::allocator<void> > >}][m[K’
  523 |  [01;36m[Koperator[m[K=(_Functor&& __f)
      |  [01;36m[K^~~~~~~~[m[K
[01m[K/usr/include/c++/9/bits/std_function.h:523:2:[m[K [01;36m[Knote: [m[K  template argument deduction/substitution failed:
/usr/include/c++/9/bits/std_function.h: In substitution of ‘[01m[Ktemplate<class _Res, class ... _ArgTypes> template<class _Cond, class _Tp> using _Requires = typename std::enable_if<_Cond::value, _Tp>::type [with _Cond = std::function<void(std::shared_ptr<std_msgs::msg::Float32_<std::allocator<void> > >)>::_Callable<std::_Bind<void (gazebo::MotorGazeboPluginPrivate::*(gazebo::MotorGazeboPlugin*, boost::arg<1>))(std::shared_ptr<std_msgs::msg::Float32_<std::allocator<void> > >) const>, std::__invoke_result<std::_Bind<void (gazebo::MotorGazeboPluginPrivate::*(gazebo::MotorGazeboPlugin*, boost::arg<1>))(std::shared_ptr<std_msgs::msg::Float32_<std::allocator<void> > >) const>&, std::shared_ptr<std_msgs::msg::Float32_<std::allocator<void> > > > >; _Tp = std::function<void(std::shared_ptr<std_msgs::msg::Float32_<std::allocator<void> > >)>&; _Res = void; _ArgTypes = {std::shared_ptr<std_msgs::msg::Float32_<std::allocator<void> > >}][m[K’:
[01m[K/usr/include/c++/9/bits/std_function.h:523:2:[m[K   required by substitution of ‘[01m[Ktemplate<class _Functor> std::function<void(std::shared_ptr<std_msgs::msg::Float32_<std::allocator<void> > >)>::_Requires<std::function<void(std::shared_ptr<std_msgs::msg::Float32_<std::allocator<void> > >)>::_Callable<typename std::decay<_Tp>::type, std::__invoke_result<typename std::decay<_Tp>::type&, std::shared_ptr<std_msgs::msg::Float32_<std::allocator<void> > > > >, std::function<void(std::shared_ptr<std_msgs::msg::Float32_<std::allocator<void> > >)>&> std::function<void(std::shared_ptr<std_msgs::msg::Float32_<std::allocator<void> > >)>::operator=<_Functor>(_Functor&&) [with _Functor = std::_Bind<void (gazebo::MotorGazeboPluginPrivate::*(gazebo::MotorGazeboPlugin*, boost::arg<1>))(std::shared_ptr<std_msgs::msg::Float32_<std::allocator<void> > >) const>&][m[K’
[01m[K/opt/ros/foxy/include/rclcpp/any_subscription_callback.hpp:85:26:[m[K   required from ‘[01m[Kvoid rclcpp::AnySubscriptionCallback<MessageT, Alloc>::set(CallbackT) [with CallbackT = std::_Bind<void (gazebo::MotorGazeboPluginPrivate::*(gazebo::MotorGazeboPlugin*, boost::arg<1>))(std::shared_ptr<std_msgs::msg::Float32_<std::allocator<void> > >) const>; typename std::enable_if<rclcpp::function_traits::same_arguments<CallbackT, std::function<void(std::shared_ptr<_Tp>)> >::value>::type* <anonymous> = 0; MessageT = std_msgs::msg::Float32_<std::allocator<void> >; Alloc = std::allocator<void>][m[K’
[01m[K/opt/ros/foxy/include/rclcpp/subscription_factory.hpp:97:3:[m[K   required from ‘[01m[Krclcpp::SubscriptionFactory rclcpp::create_subscription_factory(CallbackT&&, const rclcpp::SubscriptionOptionsWithAllocator<AllocatorT>&, typename MessageMemoryStrategyT::SharedPtr, std::shared_ptr<rclcpp::topic_statistics::SubscriptionTopicStatistics<CallbackMessageT> >) [with MessageT = std_msgs::msg::Float32_<std::allocator<void> >; CallbackT = std::_Bind<void (gazebo::MotorGazeboPluginPrivate::*(gazebo::MotorGazeboPlugin*, boost::arg<1>))(std::shared_ptr<std_msgs::msg::Float32_<std::allocator<void> > >) const>; AllocatorT = std::allocator<void>; CallbackMessageT = std_msgs::msg::Float32_<std::allocator<void> >; SubscriptionT = rclcpp::Subscription<std_msgs::msg::Float32_<std::allocator<void> > >; MessageMemoryStrategyT = rclcpp::message_memory_strategy::MessageMemoryStrategy<std_msgs::msg::Float32_<std::allocator<void> >, std::allocator<void> >; typename MessageMemoryStrategyT::SharedPtr = std::shared_ptr<rclcpp::message_memory_strategy::MessageMemoryStrategy<std_msgs::msg::Float32_<std::allocator<void> >, std::allocator<void> > >][m[K’
[01m[K/opt/ros/foxy/include/rclcpp/create_subscription.hpp:144:63:[m[K   required from ‘[01m[Kstd::shared_ptr<SubscriptionT> rclcpp::create_subscription(NodeT&&, const string&, const rclcpp::QoS&, CallbackT&&, const rclcpp::SubscriptionOptionsWithAllocator<AllocatorT>&, typename MessageMemoryStrategyT::SharedPtr) [with MessageT = std_msgs::msg::Float32_<std::allocator<void> >; CallbackT = std::_Bind<void (gazebo::MotorGazeboPluginPrivate::*(gazebo::MotorGazeboPlugin*, boost::arg<1>))(std::shared_ptr<std_msgs::msg::Float32_<std::allocator<void> > >) const>; AllocatorT = std::allocator<void>; CallbackMessageT = std_msgs::msg::Float32_<std::allocator<void> >; SubscriptionT = rclcpp::Subscription<std_msgs::msg::Float32_<std::allocator<void> > >; MessageMemoryStrategyT = rclcpp::message_memory_strategy::MessageMemoryStrategy<std_msgs::msg::Float32_<std::allocator<void> >, std::allocator<void> >; NodeT = rclcpp::Node&; std::string = std::__cxx11::basic_string<char>; typename MessageMemoryStrategyT::SharedPtr = std::shared_ptr<rclcpp::message_memory_strategy::MessageMemoryStrategy<std_msgs::msg::Float32_<std::allocator<void> >, std::allocator<void> > >][m[K’
[01m[K/opt/ros/foxy/include/rclcpp/node_impl.hpp:98:47:[m[K   required from ‘[01m[Kstd::shared_ptr<SubscriptionT> rclcpp::Node::create_subscription(const string&, const rclcpp::QoS&, CallbackT&&, const rclcpp::SubscriptionOptionsWithAllocator<AllocatorT>&, typename MessageMemoryStrategyT::SharedPtr) [with MessageT = std_msgs::msg::Float32_<std::allocator<void> >; CallbackT = std::_Bind<void (gazebo::MotorGazeboPluginPrivate::*(gazebo::MotorGazeboPlugin*, boost::arg<1>))(std::shared_ptr<std_msgs::msg::Float32_<std::allocator<void> > >) const>; AllocatorT = std::allocator<void>; CallbackMessageT = std_msgs::msg::Float32_<std::allocator<void> >; SubscriptionT = rclcpp::Subscription<std_msgs::msg::Float32_<std::allocator<void> > >; MessageMemoryStrategyT = rclcpp::message_memory_strategy::MessageMemoryStrategy<std_msgs::msg::Float32_<std::allocator<void> >, std::allocator<void> >; std::string = std::__cxx11::basic_string<char>; typename MessageMemoryStrategyT::SharedPtr = std::shared_ptr<rclcpp::message_memory_strategy::MessageMemoryStrategy<std_msgs::msg::Float32_<std::allocator<void> >, std::allocator<void> > >][m[K’
[01m[K/home/yamashita/plugins/src/motor_gazebo_plugin/src/motor_gazebo_plugin.cpp:66:164:[m[K   required from here
[01m[K/usr/include/c++/9/bits/std_function.h:385:8:[m[K [01;31m[Kerror: [m[Kno type named ‘[01m[Ktype[m[K’ in ‘[01m[Kstruct std::enable_if<false, std::function<void(std::shared_ptr<std_msgs::msg::Float32_<std::allocator<void> > >)>&>[m[K’
  385 |  using [01;31m[K_Requires[m[K = typename enable_if<_Cond::value, _Tp>::type;
      |        [01;31m[K^~~~~~~~~[m[K
/opt/ros/foxy/include/rclcpp/any_subscription_callback.hpp: In instantiation of ‘[01m[Kvoid rclcpp::AnySubscriptionCallback<MessageT, Alloc>::set(CallbackT) [with CallbackT = std::_Bind<void (gazebo::MotorGazeboPluginPrivate::*(gazebo::MotorGazeboPlugin*, boost::arg<1>))(std::shared_ptr<std_msgs::msg::Float32_<std::allocator<void> > >) const>; typename std::enable_if<rclcpp::function_traits::same_arguments<CallbackT, std::function<void(std::shared_ptr<_Tp>)> >::value>::type* <anonymous> = 0; MessageT = std_msgs::msg::Float32_<std::allocator<void> >; Alloc = std::allocator<void>][m[K’:
[01m[K/opt/ros/foxy/include/rclcpp/subscription_factory.hpp:97:3:[m[K   required from ‘[01m[Krclcpp::SubscriptionFactory rclcpp::create_subscription_factory(CallbackT&&, const rclcpp::SubscriptionOptionsWithAllocator<AllocatorT>&, typename MessageMemoryStrategyT::SharedPtr, std::shared_ptr<rclcpp::topic_statistics::SubscriptionTopicStatistics<CallbackMessageT> >) [with MessageT = std_msgs::msg::Float32_<std::allocator<void> >; CallbackT = std::_Bind<void (gazebo::MotorGazeboPluginPrivate::*(gazebo::MotorGazeboPlugin*, boost::arg<1>))(std::shared_ptr<std_msgs::msg::Float32_<std::allocator<void> > >) const>; AllocatorT = std::allocator<void>; CallbackMessageT = std_msgs::msg::Float32_<std::allocator<void> >; SubscriptionT = rclcpp::Subscription<std_msgs::msg::Float32_<std::allocator<void> > >; MessageMemoryStrategyT = rclcpp::message_memory_strategy::MessageMemoryStrategy<std_msgs::msg::Float32_<std::allocator<void> >, std::allocator<void> >; typename MessageMemoryStrategyT::SharedPtr = std::shared_ptr<rclcpp::message_memory_strategy::MessageMemoryStrategy<std_msgs::msg::Float32_<std::allocator<void> >, std::allocator<void> > >][m[K’
[01m[K/opt/ros/foxy/include/rclcpp/create_subscription.hpp:144:63:[m[K   required from ‘[01m[Kstd::shared_ptr<SubscriptionT> rclcpp::create_subscription(NodeT&&, const string&, const rclcpp::QoS&, CallbackT&&, const rclcpp::SubscriptionOptionsWithAllocator<AllocatorT>&, typename MessageMemoryStrategyT::SharedPtr) [with MessageT = std_msgs::msg::Float32_<std::allocator<void> >; CallbackT = std::_Bind<void (gazebo::MotorGazeboPluginPrivate::*(gazebo::MotorGazeboPlugin*, boost::arg<1>))(std::shared_ptr<std_msgs::msg::Float32_<std::allocator<void> > >) const>; AllocatorT = std::allocator<void>; CallbackMessageT = std_msgs::msg::Float32_<std::allocator<void> >; SubscriptionT = rclcpp::Subscription<std_msgs::msg::Float32_<std::allocator<void> > >; MessageMemoryStrategyT = rclcpp::message_memory_strategy::MessageMemoryStrategy<std_msgs::msg::Float32_<std::allocator<void> >, std::allocator<void> >; NodeT = rclcpp::Node&; std::string = std::__cxx11::basic_string<char>; typename MessageMemoryStrategyT::SharedPtr = std::shared_ptr<rclcpp::message_memory_strategy::MessageMemoryStrategy<std_msgs::msg::Float32_<std::allocator<void> >, std::allocator<void> > >][m[K’
[01m[K/opt/ros/foxy/include/rclcpp/node_impl.hpp:98:47:[m[K   required from ‘[01m[Kstd::shared_ptr<SubscriptionT> rclcpp::Node::create_subscription(const string&, const rclcpp::QoS&, CallbackT&&, const rclcpp::SubscriptionOptionsWithAllocator<AllocatorT>&, typename MessageMemoryStrategyT::SharedPtr) [with MessageT = std_msgs::msg::Float32_<std::allocator<void> >; CallbackT = std::_Bind<void (gazebo::MotorGazeboPluginPrivate::*(gazebo::MotorGazeboPlugin*, boost::arg<1>))(std::shared_ptr<std_msgs::msg::Float32_<std::allocator<void> > >) const>; AllocatorT = std::allocator<void>; CallbackMessageT = std_msgs::msg::Float32_<std::allocator<void> >; SubscriptionT = rclcpp::Subscription<std_msgs::msg::Float32_<std::allocator<void> > >; MessageMemoryStrategyT = rclcpp::message_memory_strategy::MessageMemoryStrategy<std_msgs::msg::Float32_<std::allocator<void> >, std::allocator<void> >; std::string = std::__cxx11::basic_string<char>; typename MessageMemoryStrategyT::SharedPtr = std::shared_ptr<rclcpp::message_memory_strategy::MessageMemoryStrategy<std_msgs::msg::Float32_<std::allocator<void> >, std::allocator<void> > >][m[K’
[01m[K/home/yamashita/plugins/src/motor_gazebo_plugin/src/motor_gazebo_plugin.cpp:66:164:[m[K   required from here
[01m[K/usr/include/c++/9/bits/std_function.h:532:2:[m[K [01;36m[Knote: [m[Kcandidate: ‘[01m[Ktemplate<class _Functor> std::function<_Res(_ArgTypes ...)>& std::function<_Res(_ArgTypes ...)>::operator=(std::reference_wrapper<_Functor>) [with _Functor = _Functor; _Res = void; _ArgTypes = {std::shared_ptr<std_msgs::msg::Float32_<std::allocator<void> > >}][m[K’
  532 |  [01;36m[Koperator[m[K=(reference_wrapper<_Functor> __f) noexcept
      |  [01;36m[K^~~~~~~~[m[K
[01m[K/usr/include/c++/9/bits/std_function.h:532:2:[m[K [01;36m[Knote: [m[K  template argument deduction/substitution failed:
In file included from [01m[K/opt/ros/foxy/include/rclcpp/subscription_base.hpp:29[m[K,
                 from [01m[K/opt/ros/foxy/include/rclcpp/callback_group.hpp:26[m[K,
                 from [01m[K/opt/ros/foxy/include/rclcpp/any_executable.hpp:20[m[K,
                 from [01m[K/opt/ros/foxy/include/rclcpp/memory_strategy.hpp:24[m[K,
                 from [01m[K/opt/ros/foxy/include/rclcpp/memory_strategies.hpp:18[m[K,
                 from [01m[K/opt/ros/foxy/include/rclcpp/executor_options.hpp:20[m[K,
                 from [01m[K/opt/ros/foxy/include/rclcpp/executor.hpp:33[m[K,
                 from [01m[K/opt/ros/foxy/include/rclcpp/executors/multi_threaded_executor.hpp:26[m[K,
                 from [01m[K/opt/ros/foxy/include/rclcpp/executors.hpp:21[m[K,
                 from [01m[K/opt/ros/foxy/include/rclcpp/rclcpp.hpp:146[m[K,
                 from [01m[K/opt/ros/foxy/include/gazebo_ros/node.hpp:18[m[K,
                 from [01m[K/home/yamashita/plugins/src/motor_gazebo_plugin/src/motor_gazebo_plugin.cpp:4[m[K:
[01m[K/opt/ros/foxy/include/rclcpp/any_subscription_callback.hpp:85:26:[m[K [01;36m[Knote: [m[K  ‘[01m[Kstd::_Bind<void (gazebo::MotorGazeboPluginPrivate::*(gazebo::MotorGazeboPlugin*, boost::arg<1>))(std::shared_ptr<std_msgs::msg::Float32_<std::allocator<void> > >) const>[m[K’ is not derived from ‘[01m[Kstd::reference_wrapper<_Tp>[m[K’
   85 |     [01;36m[Kshared_ptr_callback_ = callback[m[K;
      |     [01;36m[K~~~~~~~~~~~~~~~~~~~~~^~~~~~~~~~[m[K
make[2]: *** [CMakeFiles/motor_gazebo_plugin.dir/build.make:63: CMakeFiles/motor_gazebo_plugin.dir/src/motor_gazebo_plugin.cpp.o] Error 1
make[1]: *** [CMakeFiles/Makefile2:78: CMakeFiles/motor_gazebo_plugin.dir/all] Error 2
make: *** [Makefile:141: all] Error 2
