[0.342s] Invoking command in '/home/yamashita/plugins/build/sample_gazebo': CMAKE_PREFIX_PATH=${CMAKE_PREFIX_PATH}:/home/yamashita/gazebo_ws/install/ros2_first_pkg:/opt/ros/foxy /usr/bin/cmake --build /home/yamashita/plugins/build/sample_gazebo -- -j12 -l12
[0.354s] -- Found ament_cmake: 0.9.12 (/opt/ros/foxy/share/ament_cmake/cmake)
[0.370s] -- Using PYTHON_EXECUTABLE: /usr/bin/python3
[0.497s] -- Found ament_lint_auto: 0.9.8 (/opt/ros/foxy/share/ament_lint_auto/cmake)
[0.548s] -- Added test 'copyright' to check source files copyright and LICENSE
[0.549s] -- Added test 'lint_cmake' to check CMake code style
[0.549s] -- Added test 'xmllint' to check XML markup files
[0.549s] -- Configuring done
[0.551s] -- Generating done
[0.551s] -- Build files have been written to: /home/yamashita/plugins/build/sample_gazebo
[0.673s] Invoked command in '/home/yamashita/plugins/build/sample_gazebo' returned '0': CMAKE_PREFIX_PATH=${CMAKE_PREFIX_PATH}:/home/yamashita/gazebo_ws/install/ros2_first_pkg:/opt/ros/foxy /usr/bin/cmake --build /home/yamashita/plugins/build/sample_gazebo -- -j12 -l12
[0.956s] Invoking command in '/home/yamashita/plugins/build/sample_gazebo': CMAKE_PREFIX_PATH=${CMAKE_PREFIX_PATH}:/home/yamashita/gazebo_ws/install/ros2_first_pkg:/opt/ros/foxy /usr/bin/cmake --install /home/yamashita/plugins/build/sample_gazebo
[0.961s] -- Install configuration: ""
[0.961s] -- Installing: /home/yamashita/plugins/install/sample_gazebo/share/sample_gazebo/world
[0.962s] -- Installing: /home/yamashita/plugins/install/sample_gazebo/share/sample_gazebo/world/demo_cp.world
[0.962s] -- Installing: /home/yamashita/plugins/install/sample_gazebo/share/ament_index/resource_index/package_run_dependencies/sample_gazebo
[0.963s] -- Installing: /home/yamashita/plugins/install/sample_gazebo/share/ament_index/resource_index/parent_prefix_path/sample_gazebo
[0.963s] -- Installing: /home/yamashita/plugins/install/sample_gazebo/share/sample_gazebo/environment/ament_prefix_path.sh
[0.964s] -- Installing: /home/yamashita/plugins/install/sample_gazebo/share/sample_gazebo/environment/ament_prefix_path.dsv
[0.964s] -- Installing: /home/yamashita/plugins/install/sample_gazebo/share/sample_gazebo/environment/path.sh
[0.964s] -- Installing: /home/yamashita/plugins/install/sample_gazebo/share/sample_gazebo/environment/path.dsv
[0.964s] -- Installing: /home/yamashita/plugins/install/sample_gazebo/share/sample_gazebo/local_setup.bash
[0.966s] -- Installing: /home/yamashita/plugins/install/sample_gazebo/share/sample_gazebo/local_setup.sh
[0.966s] -- Installing: /home/yamashita/plugins/install/sample_gazebo/share/sample_gazebo/local_setup.zsh
[0.967s] -- Installing: /home/yamashita/plugins/install/sample_gazebo/share/sample_gazebo/local_setup.dsv
[0.967s] -- Installing: /home/yamashita/plugins/install/sample_gazebo/share/sample_gazebo/package.dsv
[0.967s] -- Installing: /home/yamashita/plugins/install/sample_gazebo/share/ament_index/resource_index/packages/sample_gazebo
[0.967s] -- Installing: /home/yamashita/plugins/install/sample_gazebo/share/sample_gazebo/cmake/sample_gazeboConfig.cmake
[0.967s] -- Installing: /home/yamashita/plugins/install/sample_gazebo/share/sample_gazebo/cmake/sample_gazeboConfig-version.cmake
[0.968s] -- Installing: /home/yamashita/plugins/install/sample_gazebo/share/sample_gazebo/package.xml
[0.970s] Invoked command in '/home/yamashita/plugins/build/sample_gazebo' returned '0': CMAKE_PREFIX_PATH=${CMAKE_PREFIX_PATH}:/home/yamashita/gazebo_ws/install/ros2_first_pkg:/opt/ros/foxy /usr/bin/cmake --install /home/yamashita/plugins/build/sample_gazebo
