[0.344s] Invoking command in '/home/yamashita/plugins/build/sample_gazebo': CMAKE_PREFIX_PATH=${CMAKE_PREFIX_PATH}:/home/yamashita/gazebo_ws/install/ros2_first_pkg:/opt/ros/foxy /usr/bin/cmake /home/yamashita/plugins/src/sample_gazebo -DCMAKE_INSTALL_PREFIX=/home/yamashita/plugins/install/sample_gazebo
[0.548s] -- The C compiler identification is GNU 9.4.0
[0.822s] -- The CXX compiler identification is GNU 9.4.0
[0.977s] -- Check for working C compiler: /usr/bin/cc
[1.114s] -- Check for working C compiler: /usr/bin/cc -- works
[1.115s] -- Detecting C compiler ABI info
[1.259s] -- Detecting C compiler ABI info - done
[1.268s] -- Detecting C compile features
[1.268s] -- Detecting C compile features - done
[1.270s] -- Check for working CXX compiler: /usr/bin/c++
[1.509s] -- Check for working CXX compiler: /usr/bin/c++ -- works
[1.510s] -- Detecting CXX compiler ABI info
[1.777s] -- Detecting CXX compiler ABI info - done
[1.786s] -- Detecting CXX compile features
[1.786s] -- Detecting CXX compile features - done
[1.789s] -- Found ament_cmake: 0.9.12 (/opt/ros/foxy/share/ament_cmake/cmake)
[1.814s] -- Found PythonInterp: /usr/bin/python3 (found suitable version "3.8.10", minimum required is "3") 
[1.814s] -- Using PYTHON_EXECUTABLE: /usr/bin/python3
[1.971s] -- Found ament_lint_auto: 0.9.8 (/opt/ros/foxy/share/ament_lint_auto/cmake)
[2.039s] -- Added test 'copyright' to check source files copyright and LICENSE
[2.042s] -- Added test 'lint_cmake' to check CMake code style
[2.043s] -- Added test 'xmllint' to check XML markup files
[2.045s] -- Configuring done
[2.049s] -- Generating done
[2.050s] -- Build files have been written to: /home/yamashita/plugins/build/sample_gazebo
[2.057s] Invoked command in '/home/yamashita/plugins/build/sample_gazebo' returned '0': CMAKE_PREFIX_PATH=${CMAKE_PREFIX_PATH}:/home/yamashita/gazebo_ws/install/ros2_first_pkg:/opt/ros/foxy /usr/bin/cmake /home/yamashita/plugins/src/sample_gazebo -DCMAKE_INSTALL_PREFIX=/home/yamashita/plugins/install/sample_gazebo
[2.058s] Invoking command in '/home/yamashita/plugins/build/sample_gazebo': CMAKE_PREFIX_PATH=${CMAKE_PREFIX_PATH}:/home/yamashita/gazebo_ws/install/ros2_first_pkg:/opt/ros/foxy /usr/bin/cmake --build /home/yamashita/plugins/build/sample_gazebo -- -j12 -l12
[2.103s] Invoked command in '/home/yamashita/plugins/build/sample_gazebo' returned '0': CMAKE_PREFIX_PATH=${CMAKE_PREFIX_PATH}:/home/yamashita/gazebo_ws/install/ros2_first_pkg:/opt/ros/foxy /usr/bin/cmake --build /home/yamashita/plugins/build/sample_gazebo -- -j12 -l12
[2.130s] Invoking command in '/home/yamashita/plugins/build/sample_gazebo': CMAKE_PREFIX_PATH=${CMAKE_PREFIX_PATH}:/home/yamashita/gazebo_ws/install/ros2_first_pkg:/opt/ros/foxy /usr/bin/cmake --install /home/yamashita/plugins/build/sample_gazebo
[2.137s] -- Install configuration: ""
[2.137s] CMake Error at cmake_install.cmake:41 (file):
[2.139s]   file INSTALL cannot find
[2.140s]   "/home/yamashita/plugins/src/sample_gazebo/worlds": No such file or
[2.140s]   directory.
[2.140s] 
[2.140s] 
[2.144s] Invoked command in '/home/yamashita/plugins/build/sample_gazebo' returned '1': CMAKE_PREFIX_PATH=${CMAKE_PREFIX_PATH}:/home/yamashita/gazebo_ws/install/ros2_first_pkg:/opt/ros/foxy /usr/bin/cmake --install /home/yamashita/plugins/build/sample_gazebo
